#
# A fatal error has been detected by the Java Runtime Environment:
#
#  SIGILL (0x4) at pc=0x0000000150a82c15, pid=36709, tid=0x0000000000006b33
#
# JRE version: Java(TM) SE Runtime Environment (8.0_321-b07) (build 1.8.0_321-b07)
# Java VM: Java HotSpot(TM) 64-Bit Server VM (25.321-b07 mixed mode bsd-amd64 compressed oops)
# Problematic frame:
# C  [libtensorflow_framework.2.dylib+0x14c15]  _ZN10tensorflow10monitoring9MetricDefILNS0_10MetricKindE1ExLi2EEC2IJA11_cA7_cEEEN4absl14lts_2020_02_2511string_viewES9_DpRKT_+0x125
#
# Failed to write core dump. Core dumps have been disabled. To enable core dumping, try "ulimit -c unlimited" before starting Java again
#
# If you would like to submit a bug report, please visit:
#   http://bugreport.java.com/bugreport/crash.jsp
# The crash happened outside the Java Virtual Machine in native code.
# See problematic frame for where to report the bug.
#

---------------  T H R E A D  ---------------

Current thread (0x00007fe278e51000):  JavaThread "Thread-4" [_thread_in_native, id=27443, stack(0x000000030f841000,0x000000030f941000)]

siginfo: si_signo: 4 (SIGILL), si_code: 1 (ILL_ILLOPC), si_addr: 0x0000000150a82c15

Registers:
RAX=0x000000030f93baa9, RBX=0x000000030f93bb10, RCX=0x000000030f93baaf, RDX=0x0000000000000000
RSP=0x000000030f93ba30, RBP=0x000000030f93baf0, RSI=0x0000000151ba596e, RDI=0x000000030f93baa9
R8 =0x0000000000000073, R9 =0x0000000151ba595d, R10=0x0000000150a6e000, R11=0x0000000204fe107e
R12=0x0000000000000006, R13=0x000000030f93baa8, R14=0x0000000151ba5968, R15=0x000000030f93baa9
RIP=0x0000000150a82c15, EFLAGS=0x0000000000000246, ERR=0x0000000000000000
  TRAPNO=0x0000000000000006

Top of Stack: (sp=0x000000030f93ba30)
0x000000030f93ba30:   00007ff800000000 0000000000000088
0x000000030f93ba40:   0000000000000088 0000000151ba5923
0x000000030f93ba50:   0000000000000039 000000000000002d
0x000000030f93ba60:   0000000151ba58f5 000000030f93bb10
0x000000030f93ba70:   00007ff816b9a52e 0000000000000088
0x000000030f93ba80:   0000000000000001 00007ff85853c000
0x000000030f93ba90:   705f6c65646f6d14 00007ff800687461
0x000000030f93baa0:   000000010d4df060 007375746174730c
0x000000030f93bab0:   0000000151ba5968 0000000151ba5923
0x000000030f93bac0:   fbb41bd7b92d0002 0000000151ba58f5
0x000000030f93bad0:   0000000151ba5968 0000000151ba5923
0x000000030f93bae0:   0000600002bc3720 000000000000002d
0x000000030f93baf0:   000000030f93bb90 0000000150a7bfbb
0x000000030f93bb00:   0000000151ba5968 00007ff856a8a3e8
0x000000030f93bb10:   00007ff856a8a468 00007ff856a8a4a8
0x000000030f93bb20:   00007ff856a8a4e8 00007ff856a8a540
0x000000030f93bb30:   00007ff856a8a580 00007ff856a8a428
0x000000030f93bb40:   00007ff856a8a618 00007ff856a8a328
0x000000030f93bb50:   00007ff856a8a2d8 00007ff856a8a7e8
0x000000030f93bb60:   0000000151ba595d 0000000151ba595d
0x000000030f93bb70:   000000030f93c110 0000000150a6e470
0x000000030f93bb80:   0000000150a86b50 000000010d4df060
0x000000030f93bb90:   000000030f93bc20 0000000150a86b81
0x000000030f93bba0:   000000030f93bbf0 0000000204fa75a4
0x000000030f93bbb0:   00007ff856a8b0d0 00007ff856a85f00
0x000000030f93bbc0:   0000000000000000 000000030f93bc30
0x000000030f93bbd0:   000000030f93c110 000000030f93bc30
0x000000030f93bbe0:   000000030f93c110 0000000150a6e470
0x000000030f93bbf0:   0000000150a86b50 000000010d4df060
0x000000030f93bc00:   000000030f93bc20 000000030f93bc30
0x000000030f93bc10:   0000000150a86b50 000000010d4df060
0x000000030f93bc20:   000000030f93bcc0 0000000204fbab49 

Instructions: (pc=0x0000000150a82c15)
0x0000000150a82bf5:   c8 48 83 cb 01 48 89 5d b8 4c 89 65 c0 4c 89 ff
0x0000000150a82c05:   4c 89 f6 4c 89 e2 e8 70 db f7 00 43 c6 04 27 00
0x0000000150a82c15:   c5 f8 57 c0 c5 f8 29 45 80 48 c7 45 90 00 00 00
0x0000000150a82c25:   00 bf 30 00 00 00 e8 5c d8 f7 00 48 89 c3 48 89 

Register to memory mapping:

RAX=0x000000030f93baa9 is pointing into the stack for thread: 0x00007fe278e51000
RBX=0x000000030f93bb10 is pointing into the stack for thread: 0x00007fe278e51000
RCX=0x000000030f93baaf is pointing into the stack for thread: 0x00007fe278e51000
RDX=0x0000000000000000 is an unknown value
RSP=0x000000030f93ba30 is pointing into the stack for thread: 0x00007fe278e51000
RBP=0x000000030f93baf0 is pointing into the stack for thread: 0x00007fe278e51000
RSI=0x0000000151ba596e: <offset 0x113796e> in /Users/maksymtymchenko/.javacpp/cache/com.johnsnowlabs.nlp_tensorflow-cpu_2.12-0.3.3.jar/org/tensorflow/internal/c_api/macosx-x86_64/libtensorflow_framework.2.dylib at 0x0000000150a6e000
RDI=0x000000030f93baa9 is pointing into the stack for thread: 0x00007fe278e51000
R8 =0x0000000000000073 is an unknown value
R9 =0x0000000151ba595d: <offset 0x113795d> in /Users/maksymtymchenko/.javacpp/cache/com.johnsnowlabs.nlp_tensorflow-cpu_2.12-0.3.3.jar/org/tensorflow/internal/c_api/macosx-x86_64/libtensorflow_framework.2.dylib at 0x0000000150a6e000
R10=0x0000000150a6e000: __dso_handle+0 in /Users/maksymtymchenko/.javacpp/cache/com.johnsnowlabs.nlp_tensorflow-cpu_2.12-0.3.3.jar/org/tensorflow/internal/c_api/macosx-x86_64/libtensorflow_framework.2.dylib at 0x0000000150a6e000
R11=0x0000000204fe107e is an unknown value
R12=0x0000000000000006 is an unknown value
R13=0x000000030f93baa8 is pointing into the stack for thread: 0x00007fe278e51000
R14=0x0000000151ba5968: <offset 0x1137968> in /Users/maksymtymchenko/.javacpp/cache/com.johnsnowlabs.nlp_tensorflow-cpu_2.12-0.3.3.jar/org/tensorflow/internal/c_api/macosx-x86_64/libtensorflow_framework.2.dylib at 0x0000000150a6e000
R15=0x000000030f93baa9 is pointing into the stack for thread: 0x00007fe278e51000


Stack: [0x000000030f841000,0x000000030f941000],  sp=0x000000030f93ba30,  free space=1002k
Native frames: (J=compiled Java code, j=interpreted, Vv=VM code, C=native code)
C  [libtensorflow_framework.2.dylib+0x14c15]  _ZN10tensorflow10monitoring9MetricDefILNS0_10MetricKindE1ExLi2EEC2IJA11_cA7_cEEEN4absl14lts_2020_02_2511string_viewES9_DpRKT_+0x125
C  [libtensorflow_framework.2.dylib+0xdfbb]  _ZN10tensorflow10monitoring7CounterILi2EE3NewIJRA46_KcRA58_S4_RA11_S4_RA7_S4_EEEPS2_DpOT_+0x5b
C  [libtensorflow_framework.2.dylib+0x18b81]  _GLOBAL__sub_I_loader.cc+0x31
C  0x0000000204fbab49
C  0x0000000204fe10ff
C  0x0000000204fd8893
C  0x0000000204fa7d91
C  0x0000000204fd861b
C  0x0000000204fe0b30
C  0x0000000204fe0da2
C  0x0000000204fbaa7c
C  0x0000000204fbac08
C  0x0000000204fbacac
C  0x0000000204fc99b5
V  [libjvm.dylib+0x48ebc0]
V  [libjvm.dylib+0x3473b8]
C  [libjava.dylib+0x1853]  Java_java_lang_ClassLoader_00024NativeLibrary_load+0x6a
j  java.lang.ClassLoader$NativeLibrary.load(Ljava/lang/String;Z)V+0
j  java.lang.ClassLoader.loadLibrary0(Ljava/lang/Class;Ljava/io/File;)Z+328
j  java.lang.ClassLoader.loadLibrary(Ljava/lang/Class;Ljava/lang/String;Z)V+48
j  java.lang.Runtime.load0(Ljava/lang/Class;Ljava/lang/String;)V+57
j  java.lang.System.load(Ljava/lang/String;)V+7
j  org.bytedeco.javacpp.Loader.loadLibrary(Ljava/lang/Class;[Ljava/net/URL;Ljava/lang/String;[Ljava/lang/String;)Ljava/lang/String;+922
j  org.bytedeco.javacpp.Loader.load(Ljava/lang/Class;Ljava/util/Properties;Z)Ljava/lang/String;+561
j  org.bytedeco.javacpp.Loader.load()Ljava/lang/String;+10
j  org.tensorflow.internal.c_api.global.tensorflow.<clinit>()V+0
v  ~StubRoutines::call_stub
V  [libjvm.dylib+0x2d6e8b]
V  [libjvm.dylib+0x29ffe9]
V  [libjvm.dylib+0x29ed73]
V  [libjvm.dylib+0x29e8f0]
V  [libjvm.dylib+0x337d62]
V  [libjvm.dylib+0x337f8b]
C  [libjava.dylib+0x122f]  Java_java_lang_Class_forName0+0x12a
J 3133  java.lang.Class.forName0(Ljava/lang/String;ZLjava/lang/ClassLoader;Ljava/lang/Class;)Ljava/lang/Class; (0 bytes) @ 0x0000000110d53eb4 [0x0000000110d53dc0+0xf4]
J 8572 C2 java.lang.Class.forName(Ljava/lang/String;ZLjava/lang/ClassLoader;)Ljava/lang/Class; (53 bytes) @ 0x0000000110fb5c08 [0x0000000110fb5be0+0x28]
j  org.bytedeco.javacpp.Loader.load(Ljava/lang/Class;Ljava/util/Properties;Z)Ljava/lang/String;+268
j  org.bytedeco.javacpp.Loader.load(Ljava/lang/Class;)Ljava/lang/String;+7
j  org.tensorflow.NativeLibrary.load()V+2
j  org.tensorflow.TensorFlow.init()V+0
j  org.tensorflow.TensorFlow.<clinit>()V+0
v  ~StubRoutines::call_stub
V  [libjvm.dylib+0x2d6e8b]
V  [libjvm.dylib+0x29ffe9]
V  [libjvm.dylib+0x29ed73]
V  [libjvm.dylib+0x29e8f0]
V  [libjvm.dylib+0x3d0c43]
V  [libjvm.dylib+0x3d402b]
V  [libjvm.dylib+0x3d3d51]
V  [libjvm.dylib+0x2d0114]
j  org.tensorflow.Graph.<clinit>()V+0
v  ~StubRoutines::call_stub
V  [libjvm.dylib+0x2d6e8b]
V  [libjvm.dylib+0x29ffe9]
V  [libjvm.dylib+0x29ed73]
V  [libjvm.dylib+0x29e8f0]
V  [libjvm.dylib+0x2ce4ca]
j  com.johnsnowlabs.ml.tensorflow.TensorflowWrapper$.readGraph(Ljava/lang/String;)Lorg/tensorflow/Graph;+12
j  com.johnsnowlabs.ml.tensorflow.TensorflowWrapper$.unpackWithoutBundle(Ljava/lang/String;)Lscala/Tuple4;+19
j  com.johnsnowlabs.ml.tensorflow.TensorflowWrapper$.read(Ljava/lang/String;ZZ[Ljava/lang/String;ZLscala/Option;)Lscala/Tuple2;+329
j  com.johnsnowlabs.ml.tensorflow.ReadTensorflowModel.readTensorflowModel(Ljava/lang/String;Lorg/apache/spark/sql/SparkSession;Ljava/lang/String;ZZ[Ljava/lang/String;ZLscala/Option;)Lcom/johnsnowlabs/ml/tensorflow/TensorflowWrapper;+197
j  com.johnsnowlabs.ml.tensorflow.ReadTensorflowModel.readTensorflowModel$(Lcom/johnsnowlabs/ml/tensorflow/ReadTensorflowModel;Ljava/lang/String;Lorg/apache/spark/sql/SparkSession;Ljava/lang/String;ZZ[Ljava/lang/String;ZLscala/Option;)Lcom/johnsnowlabs/ml/tensorflow/TensorflowWrapper;+14
j  com.johnsnowlabs.nlp.embeddings.BertEmbeddings$.readTensorflowModel(Ljava/lang/String;Lorg/apache/spark/sql/SparkSession;Ljava/lang/String;ZZ[Ljava/lang/String;ZLscala/Option;)Lcom/johnsnowlabs/ml/tensorflow/TensorflowWrapper;+14
j  com.johnsnowlabs.nlp.embeddings.ReadBertTensorflowModel.readTensorflow(Lcom/johnsnowlabs/nlp/embeddings/BertEmbeddings;Ljava/lang/String;Lorg/apache/spark/sql/SparkSession;)V+62
j  com.johnsnowlabs.nlp.embeddings.ReadBertTensorflowModel.readTensorflow$(Lcom/johnsnowlabs/nlp/embeddings/ReadBertTensorflowModel;Lcom/johnsnowlabs/nlp/embeddings/BertEmbeddings;Ljava/lang/String;Lorg/apache/spark/sql/SparkSession;)V+4
j  com.johnsnowlabs.nlp.embeddings.BertEmbeddings$.readTensorflow(Lcom/johnsnowlabs/nlp/embeddings/BertEmbeddings;Ljava/lang/String;Lorg/apache/spark/sql/SparkSession;)V+4
j  com.johnsnowlabs.nlp.embeddings.ReadBertTensorflowModel.$anonfun$$init$$1(Lcom/johnsnowlabs/nlp/embeddings/ReadBertTensorflowModel;Lcom/johnsnowlabs/nlp/embeddings/BertEmbeddings;Ljava/lang/String;Lorg/apache/spark/sql/SparkSession;)V+4
j  com.johnsnowlabs.nlp.embeddings.ReadBertTensorflowModel.$anonfun$$init$$1$adapted(Lcom/johnsnowlabs/nlp/embeddings/ReadBertTensorflowModel;Lcom/johnsnowlabs/nlp/embeddings/BertEmbeddings;Ljava/lang/String;Lorg/apache/spark/sql/SparkSession;)Ljava/lang/Object;+4
j  com.johnsnowlabs.nlp.embeddings.ReadBertTensorflowModel$$Lambda$891.apply(Ljava/lang/Object;Ljava/lang/Object;Ljava/lang/Object;)Ljava/lang/Object;+16
j  com.johnsnowlabs.nlp.ParamsAndFeaturesReadable.$anonfun$onRead$1(Lcom/johnsnowlabs/nlp/HasFeatures;Ljava/lang/String;Lorg/apache/spark/sql/SparkSession;Lscala/Function3;)V+4
j  com.johnsnowlabs.nlp.ParamsAndFeaturesReadable.$anonfun$onRead$1$adapted(Lcom/johnsnowlabs/nlp/HasFeatures;Ljava/lang/String;Lorg/apache/spark/sql/SparkSession;Lscala/Function3;)Ljava/lang/Object;+4
j  com.johnsnowlabs.nlp.ParamsAndFeaturesReadable$$Lambda$1954.apply(Ljava/lang/Object;)Ljava/lang/Object;+16
J 8135 C2 scala.collection.mutable.ResizableArray.foreach(Lscala/Function1;)V (37 bytes) @ 0x0000000110445738 [0x00000001104456a0+0x98]
J 8430 C1 scala.collection.mutable.ArrayBuffer.foreach(Lscala/Function1;)V (6 bytes) @ 0x0000000110f26624 [0x0000000110f265c0+0x64]
j  com.johnsnowlabs.nlp.ParamsAndFeaturesReadable.onRead(Lcom/johnsnowlabs/nlp/HasFeatures;Ljava/lang/String;Lorg/apache/spark/sql/SparkSession;)V+14
j  com.johnsnowlabs.nlp.ParamsAndFeaturesReadable.$anonfun$read$1(Lcom/johnsnowlabs/nlp/ParamsAndFeaturesReadable;Lcom/johnsnowlabs/nlp/HasFeatures;Ljava/lang/String;Lorg/apache/spark/sql/SparkSession;)V+4
j  com.johnsnowlabs.nlp.ParamsAndFeaturesReadable.$anonfun$read$1$adapted(Lcom/johnsnowlabs/nlp/ParamsAndFeaturesReadable;Lcom/johnsnowlabs/nlp/HasFeatures;Ljava/lang/String;Lorg/apache/spark/sql/SparkSession;)Ljava/lang/Object;+4
j  com.johnsnowlabs.nlp.ParamsAndFeaturesReadable$$Lambda$1292.apply(Ljava/lang/Object;Ljava/lang/Object;Ljava/lang/Object;)Ljava/lang/Object;+16
j  com.johnsnowlabs.nlp.FeaturesReader.load(Ljava/lang/String;)Lcom/johnsnowlabs/nlp/HasFeatures;+38
j  com.johnsnowlabs.nlp.FeaturesReader.load(Ljava/lang/String;)Ljava/lang/Object;+2
j  com.johnsnowlabs.nlp.pretrained.ResourceDownloader$.downloadModel(Lorg/apache/spark/ml/util/DefaultParamsReadable;Lcom/johnsnowlabs/nlp/pretrained/ResourceRequest;)Lorg/apache/spark/ml/PipelineStage;+26
j  com.johnsnowlabs.nlp.pretrained.ResourceDownloader$.downloadModel(Lorg/apache/spark/ml/util/DefaultParamsReadable;Ljava/lang/String;Lscala/Option;Ljava/lang/String;)Lorg/apache/spark/ml/PipelineStage;+25
j  com.johnsnowlabs.nlp.pretrained.PythonResourceDownloader$.downloadModel(Ljava/lang/String;Ljava/lang/String;Ljava/lang/String;Ljava/lang/String;)Lorg/apache/spark/ml/PipelineStage;+57
j  com.johnsnowlabs.nlp.pretrained.PythonResourceDownloader.downloadModel(Ljava/lang/String;Ljava/lang/String;Ljava/lang/String;Ljava/lang/String;)Lorg/apache/spark/ml/PipelineStage;+7
v  ~StubRoutines::call_stub
V  [libjvm.dylib+0x2d6e8b]
V  [libjvm.dylib+0x4d8668]
V  [libjvm.dylib+0x4d9200]
V  [libjvm.dylib+0x347a4a]
J 4746  sun.reflect.NativeMethodAccessorImpl.invoke0(Ljava/lang/reflect/Method;Ljava/lang/Object;[Ljava/lang/Object;)Ljava/lang/Object; (0 bytes) @ 0x0000000110f145ed [0x0000000110f14500+0xed]
J 4745 C1 sun.reflect.NativeMethodAccessorImpl.invoke(Ljava/lang/Object;[Ljava/lang/Object;)Ljava/lang/Object; (104 bytes) @ 0x0000000110f1ce5c [0x0000000110f1bc80+0x11dc]
J 4826 C1 sun.reflect.DelegatingMethodAccessorImpl.invoke(Ljava/lang/Object;[Ljava/lang/Object;)Ljava/lang/Object; (10 bytes) @ 0x0000000110f4a80c [0x0000000110f4a700+0x10c]
J 4709 C1 java.lang.reflect.Method.invoke(Ljava/lang/Object;[Ljava/lang/Object;)Ljava/lang/Object; (62 bytes) @ 0x0000000110ee4adc [0x0000000110ee46e0+0x3fc]
j  py4j.reflection.MethodInvoker.invoke(Ljava/lang/Object;[Ljava/lang/Object;)Ljava/lang/Object;+91
j  py4j.reflection.ReflectionEngine.invoke(Ljava/lang/Object;Lpy4j/reflection/MethodInvoker;[Ljava/lang/Object;)Ljava/lang/Object;+6
j  py4j.Gateway.invoke(Ljava/lang/String;Ljava/lang/String;Ljava/util/List;)Lpy4j/ReturnObject;+151
j  py4j.commands.AbstractCommand.invokeMethod(Ljava/lang/String;Ljava/lang/String;Ljava/util/List;)Lpy4j/ReturnObject;+10
j  py4j.commands.CallCommand.execute(Ljava/lang/String;Ljava/io/BufferedReader;Ljava/io/BufferedWriter;)V+26
j  py4j.GatewayConnection.run()V+126
j  java.lang.Thread.run()V+11
...<more frames>...

Java frames: (J=compiled Java code, j=interpreted, Vv=VM code)
j  java.lang.ClassLoader$NativeLibrary.load(Ljava/lang/String;Z)V+0
j  java.lang.ClassLoader.loadLibrary0(Ljava/lang/Class;Ljava/io/File;)Z+328
j  java.lang.ClassLoader.loadLibrary(Ljava/lang/Class;Ljava/lang/String;Z)V+48
j  java.lang.Runtime.load0(Ljava/lang/Class;Ljava/lang/String;)V+57
j  java.lang.System.load(Ljava/lang/String;)V+7
j  org.bytedeco.javacpp.Loader.loadLibrary(Ljava/lang/Class;[Ljava/net/URL;Ljava/lang/String;[Ljava/lang/String;)Ljava/lang/String;+922
j  org.bytedeco.javacpp.Loader.load(Ljava/lang/Class;Ljava/util/Properties;Z)Ljava/lang/String;+561
j  org.bytedeco.javacpp.Loader.load()Ljava/lang/String;+10
j  org.tensorflow.internal.c_api.global.tensorflow.<clinit>()V+0
v  ~StubRoutines::call_stub
J 3133  java.lang.Class.forName0(Ljava/lang/String;ZLjava/lang/ClassLoader;Ljava/lang/Class;)Ljava/lang/Class; (0 bytes) @ 0x0000000110d53e3a [0x0000000110d53dc0+0x7a]
J 8572 C2 java.lang.Class.forName(Ljava/lang/String;ZLjava/lang/ClassLoader;)Ljava/lang/Class; (53 bytes) @ 0x0000000110fb5c08 [0x0000000110fb5be0+0x28]
j  org.bytedeco.javacpp.Loader.load(Ljava/lang/Class;Ljava/util/Properties;Z)Ljava/lang/String;+268
j  org.bytedeco.javacpp.Loader.load(Ljava/lang/Class;)Ljava/lang/String;+7
j  org.tensorflow.NativeLibrary.load()V+2
j  org.tensorflow.TensorFlow.init()V+0
j  org.tensorflow.TensorFlow.<clinit>()V+0
v  ~StubRoutines::call_stub
j  org.tensorflow.Graph.<clinit>()V+0
v  ~StubRoutines::call_stub
j  com.johnsnowlabs.ml.tensorflow.TensorflowWrapper$.readGraph(Ljava/lang/String;)Lorg/tensorflow/Graph;+12
j  com.johnsnowlabs.ml.tensorflow.TensorflowWrapper$.unpackWithoutBundle(Ljava/lang/String;)Lscala/Tuple4;+19
j  com.johnsnowlabs.ml.tensorflow.TensorflowWrapper$.read(Ljava/lang/String;ZZ[Ljava/lang/String;ZLscala/Option;)Lscala/Tuple2;+329
j  com.johnsnowlabs.ml.tensorflow.ReadTensorflowModel.readTensorflowModel(Ljava/lang/String;Lorg/apache/spark/sql/SparkSession;Ljava/lang/String;ZZ[Ljava/lang/String;ZLscala/Option;)Lcom/johnsnowlabs/ml/tensorflow/TensorflowWrapper;+197
j  com.johnsnowlabs.ml.tensorflow.ReadTensorflowModel.readTensorflowModel$(Lcom/johnsnowlabs/ml/tensorflow/ReadTensorflowModel;Ljava/lang/String;Lorg/apache/spark/sql/SparkSession;Ljava/lang/String;ZZ[Ljava/lang/String;ZLscala/Option;)Lcom/johnsnowlabs/ml/tensorflow/TensorflowWrapper;+14
j  com.johnsnowlabs.nlp.embeddings.BertEmbeddings$.readTensorflowModel(Ljava/lang/String;Lorg/apache/spark/sql/SparkSession;Ljava/lang/String;ZZ[Ljava/lang/String;ZLscala/Option;)Lcom/johnsnowlabs/ml/tensorflow/TensorflowWrapper;+14
j  com.johnsnowlabs.nlp.embeddings.ReadBertTensorflowModel.readTensorflow(Lcom/johnsnowlabs/nlp/embeddings/BertEmbeddings;Ljava/lang/String;Lorg/apache/spark/sql/SparkSession;)V+62
j  com.johnsnowlabs.nlp.embeddings.ReadBertTensorflowModel.readTensorflow$(Lcom/johnsnowlabs/nlp/embeddings/ReadBertTensorflowModel;Lcom/johnsnowlabs/nlp/embeddings/BertEmbeddings;Ljava/lang/String;Lorg/apache/spark/sql/SparkSession;)V+4
j  com.johnsnowlabs.nlp.embeddings.BertEmbeddings$.readTensorflow(Lcom/johnsnowlabs/nlp/embeddings/BertEmbeddings;Ljava/lang/String;Lorg/apache/spark/sql/SparkSession;)V+4
j  com.johnsnowlabs.nlp.embeddings.ReadBertTensorflowModel.$anonfun$$init$$1(Lcom/johnsnowlabs/nlp/embeddings/ReadBertTensorflowModel;Lcom/johnsnowlabs/nlp/embeddings/BertEmbeddings;Ljava/lang/String;Lorg/apache/spark/sql/SparkSession;)V+4
j  com.johnsnowlabs.nlp.embeddings.ReadBertTensorflowModel.$anonfun$$init$$1$adapted(Lcom/johnsnowlabs/nlp/embeddings/ReadBertTensorflowModel;Lcom/johnsnowlabs/nlp/embeddings/BertEmbeddings;Ljava/lang/String;Lorg/apache/spark/sql/SparkSession;)Ljava/lang/Object;+4
j  com.johnsnowlabs.nlp.embeddings.ReadBertTensorflowModel$$Lambda$891.apply(Ljava/lang/Object;Ljava/lang/Object;Ljava/lang/Object;)Ljava/lang/Object;+16
j  com.johnsnowlabs.nlp.ParamsAndFeaturesReadable.$anonfun$onRead$1(Lcom/johnsnowlabs/nlp/HasFeatures;Ljava/lang/String;Lorg/apache/spark/sql/SparkSession;Lscala/Function3;)V+4
j  com.johnsnowlabs.nlp.ParamsAndFeaturesReadable.$anonfun$onRead$1$adapted(Lcom/johnsnowlabs/nlp/HasFeatures;Ljava/lang/String;Lorg/apache/spark/sql/SparkSession;Lscala/Function3;)Ljava/lang/Object;+4
j  com.johnsnowlabs.nlp.ParamsAndFeaturesReadable$$Lambda$1954.apply(Ljava/lang/Object;)Ljava/lang/Object;+16
J 8135 C2 scala.collection.mutable.ResizableArray.foreach(Lscala/Function1;)V (37 bytes) @ 0x0000000110445738 [0x00000001104456a0+0x98]
J 8430 C1 scala.collection.mutable.ArrayBuffer.foreach(Lscala/Function1;)V (6 bytes) @ 0x0000000110f26624 [0x0000000110f265c0+0x64]
j  com.johnsnowlabs.nlp.ParamsAndFeaturesReadable.onRead(Lcom/johnsnowlabs/nlp/HasFeatures;Ljava/lang/String;Lorg/apache/spark/sql/SparkSession;)V+14
j  com.johnsnowlabs.nlp.ParamsAndFeaturesReadable.$anonfun$read$1(Lcom/johnsnowlabs/nlp/ParamsAndFeaturesReadable;Lcom/johnsnowlabs/nlp/HasFeatures;Ljava/lang/String;Lorg/apache/spark/sql/SparkSession;)V+4
j  com.johnsnowlabs.nlp.ParamsAndFeaturesReadable.$anonfun$read$1$adapted(Lcom/johnsnowlabs/nlp/ParamsAndFeaturesReadable;Lcom/johnsnowlabs/nlp/HasFeatures;Ljava/lang/String;Lorg/apache/spark/sql/SparkSession;)Ljava/lang/Object;+4
j  com.johnsnowlabs.nlp.ParamsAndFeaturesReadable$$Lambda$1292.apply(Ljava/lang/Object;Ljava/lang/Object;Ljava/lang/Object;)Ljava/lang/Object;+16
j  com.johnsnowlabs.nlp.FeaturesReader.load(Ljava/lang/String;)Lcom/johnsnowlabs/nlp/HasFeatures;+38
j  com.johnsnowlabs.nlp.FeaturesReader.load(Ljava/lang/String;)Ljava/lang/Object;+2
j  com.johnsnowlabs.nlp.pretrained.ResourceDownloader$.downloadModel(Lorg/apache/spark/ml/util/DefaultParamsReadable;Lcom/johnsnowlabs/nlp/pretrained/ResourceRequest;)Lorg/apache/spark/ml/PipelineStage;+26
j  com.johnsnowlabs.nlp.pretrained.ResourceDownloader$.downloadModel(Lorg/apache/spark/ml/util/DefaultParamsReadable;Ljava/lang/String;Lscala/Option;Ljava/lang/String;)Lorg/apache/spark/ml/PipelineStage;+25
j  com.johnsnowlabs.nlp.pretrained.PythonResourceDownloader$.downloadModel(Ljava/lang/String;Ljava/lang/String;Ljava/lang/String;Ljava/lang/String;)Lorg/apache/spark/ml/PipelineStage;+57
j  com.johnsnowlabs.nlp.pretrained.PythonResourceDownloader.downloadModel(Ljava/lang/String;Ljava/lang/String;Ljava/lang/String;Ljava/lang/String;)Lorg/apache/spark/ml/PipelineStage;+7
v  ~StubRoutines::call_stub
J 4746  sun.reflect.NativeMethodAccessorImpl.invoke0(Ljava/lang/reflect/Method;Ljava/lang/Object;[Ljava/lang/Object;)Ljava/lang/Object; (0 bytes) @ 0x0000000110f14577 [0x0000000110f14500+0x77]
J 4745 C1 sun.reflect.NativeMethodAccessorImpl.invoke(Ljava/lang/Object;[Ljava/lang/Object;)Ljava/lang/Object; (104 bytes) @ 0x0000000110f1ce5c [0x0000000110f1bc80+0x11dc]
J 4826 C1 sun.reflect.DelegatingMethodAccessorImpl.invoke(Ljava/lang/Object;[Ljava/lang/Object;)Ljava/lang/Object; (10 bytes) @ 0x0000000110f4a80c [0x0000000110f4a700+0x10c]
J 4709 C1 java.lang.reflect.Method.invoke(Ljava/lang/Object;[Ljava/lang/Object;)Ljava/lang/Object; (62 bytes) @ 0x0000000110ee4adc [0x0000000110ee46e0+0x3fc]
j  py4j.reflection.MethodInvoker.invoke(Ljava/lang/Object;[Ljava/lang/Object;)Ljava/lang/Object;+91
j  py4j.reflection.ReflectionEngine.invoke(Ljava/lang/Object;Lpy4j/reflection/MethodInvoker;[Ljava/lang/Object;)Ljava/lang/Object;+6
j  py4j.Gateway.invoke(Ljava/lang/String;Ljava/lang/String;Ljava/util/List;)Lpy4j/ReturnObject;+151
j  py4j.commands.AbstractCommand.invokeMethod(Ljava/lang/String;Ljava/lang/String;Ljava/util/List;)Lpy4j/ReturnObject;+10
j  py4j.commands.CallCommand.execute(Ljava/lang/String;Ljava/io/BufferedReader;Ljava/io/BufferedWriter;)V+26
j  py4j.GatewayConnection.run()V+126
j  java.lang.Thread.run()V+11
v  ~StubRoutines::call_stub

---------------  P R O C E S S  ---------------

Java Threads: ( => current thread )
  0x00007fe22a3ef800 JavaThread "JavaCPP Deallocator" daemon [_thread_blocked, id=60787, stack(0x0000000314016000,0x0000000314116000)]
  0x00007fe2590d3800 JavaThread "task-result-getter-3" daemon [_thread_blocked, id=66563, stack(0x0000000313f13000,0x0000000314013000)]
  0x00007fe25a825000 JavaThread "task-result-getter-2" daemon [_thread_blocked, id=59395, stack(0x0000000313e10000,0x0000000313f10000)]
  0x00007fe25c8b2800 JavaThread "task-result-getter-1" daemon [_thread_blocked, id=67331, stack(0x0000000313d0d000,0x0000000313e0d000)]
  0x00007fe25a710800 JavaThread "Executor task launch worker for task 11.0 in stage 1.0 (TID 12)" daemon [_thread_blocked, id=57095, stack(0x0000000313c0a000,0x0000000313d0a000)]
  0x00007fe27a555800 JavaThread "Executor task launch worker for task 10.0 in stage 1.0 (TID 11)" daemon [_thread_blocked, id=67843, stack(0x0000000313b07000,0x0000000313c07000)]
  0x00007fe278cb8800 JavaThread "Executor task launch worker for task 5.0 in stage 1.0 (TID 6)" daemon [_thread_blocked, id=56591, stack(0x0000000313a04000,0x0000000313b04000)]
  0x00007fe278cb7800 JavaThread "Executor task launch worker for task 4.0 in stage 1.0 (TID 5)" daemon [_thread_blocked, id=57691, stack(0x0000000313901000,0x0000000313a01000)]
  0x00007fe23951f000 JavaThread "Executor task launch worker for task 8.0 in stage 1.0 (TID 9)" daemon [_thread_blocked, id=57915, stack(0x00000003137fe000,0x00000003138fe000)]
  0x00007fe25ceef800 JavaThread "Executor task launch worker for task 2.0 in stage 1.0 (TID 3)" daemon [_thread_blocked, id=69131, stack(0x00000003136fb000,0x00000003137fb000)]
  0x00007fe25a70f800 JavaThread "Executor task launch worker for task 9.0 in stage 1.0 (TID 10)" daemon [_thread_blocked, id=58239, stack(0x00000003135f8000,0x00000003136f8000)]
  0x00007fe25a61f800 JavaThread "block-manager-ask-thread-pool-3" daemon [_thread_blocked, id=71675, stack(0x00000003134f5000,0x00000003135f5000)]
  0x00007fe27959e000 JavaThread "block-manager-ask-thread-pool-2" daemon [_thread_blocked, id=55811, stack(0x00000003133f2000,0x00000003134f2000)]
  0x00007fe25a61f000 JavaThread "block-manager-storage-async-thread-pool-5" daemon [_thread_blocked, id=55555, stack(0x00000003132ef000,0x00000003133ef000)]
  0x00007fe258dc6000 JavaThread "block-manager-storage-async-thread-pool-4" daemon [_thread_blocked, id=55043, stack(0x00000003131ec000,0x00000003132ec000)]
  0x00007fe27959d000 JavaThread "block-manager-storage-async-thread-pool-3" daemon [_thread_blocked, id=71171, stack(0x00000003130e9000,0x00000003131e9000)]
  0x00007fe258dc5000 JavaThread "block-manager-ask-thread-pool-1" daemon [_thread_blocked, id=71939, stack(0x0000000312fe6000,0x00000003130e6000)]
  0x00007fe258dc9000 JavaThread "block-manager-ask-thread-pool-0" daemon [_thread_blocked, id=54395, stack(0x0000000312ee3000,0x0000000312fe3000)]
  0x00007fe2394cb800 JavaThread "block-manager-storage-async-thread-pool-2" daemon [_thread_blocked, id=53983, stack(0x0000000312de0000,0x0000000312ee0000)]
  0x00007fe2394ca800 JavaThread "block-manager-storage-async-thread-pool-1" daemon [_thread_blocked, id=54019, stack(0x0000000312cdd000,0x0000000312ddd000)]
  0x00007fe258dbd000 JavaThread "block-manager-storage-async-thread-pool-0" daemon [_thread_blocked, id=73531, stack(0x0000000312bda000,0x0000000312cda000)]
  0x00007fe258b13800 JavaThread "task-result-getter-0" daemon [_thread_blocked, id=53007, stack(0x0000000312ad7000,0x0000000312bd7000)]
  0x00007fe27a735000 JavaThread "Executor task launch worker for task 0.0 in stage 1.0 (TID 1)" daemon [_thread_blocked, id=73987, stack(0x00000003129d4000,0x0000000312ad4000)]
  0x00007fe25c1e4800 JavaThread "scala-execution-context-global-127" daemon [_thread_blocked, id=75407, stack(0x00000003128d1000,0x00000003129d1000)]
  0x00007fe258b2d800 JavaThread "scala-execution-context-global-126" daemon [_thread_blocked, id=52395, stack(0x00000003127ce000,0x00000003128ce000)]
  0x00007fe25a1aa000 JavaThread "java-sdk-http-connection-reaper" daemon [_thread_blocked, id=51483, stack(0x00000003126cb000,0x00000003127cb000)]
  0x00007fe2797e9000 JavaThread "spark-listener-group-shared" daemon [_thread_blocked, id=77099, stack(0x00000003125c8000,0x00000003126c8000)]
  0x00007fe25a755800 JavaThread "element-tracking-store-worker" daemon [_thread_blocked, id=50163, stack(0x00000003124c5000,0x00000003125c5000)]
  0x00007fe2392a8800 JavaThread "spark-listener-group-executorManagement" daemon [_thread_blocked, id=79727, stack(0x00000003123c2000,0x00000003124c2000)]
  0x00007fe278d94000 JavaThread "spark-listener-group-appStatus" daemon [_thread_blocked, id=51203, stack(0x00000003122bf000,0x00000003123bf000)]
  0x00007fe2392cd800 JavaThread "context-cleaner-periodic-gc" daemon [_thread_blocked, id=50947, stack(0x00000003121bc000,0x00000003122bc000)]
  0x00007fe278e11000 JavaThread "Spark Context Cleaner" daemon [_thread_blocked, id=79963, stack(0x00000003120b9000,0x00000003121b9000)]
  0x00007fe279712800 JavaThread "shuffle-boss-7-1" daemon [_thread_in_native, id=78599, stack(0x0000000311fb6000,0x00000003120b6000)]
  0x00007fe2795a8800 JavaThread "rpc-server-4-1" daemon [_thread_in_native, id=77571, stack(0x0000000311eb3000,0x0000000311fb3000)]
  0x00007fe278e7b000 JavaThread "files-client-5-1" daemon [_thread_in_native, id=50467, stack(0x0000000311db0000,0x0000000311eb0000)]
  0x00007fe2792fa800 JavaThread "executor-heartbeater" daemon [_thread_blocked, id=48899, stack(0x0000000311cad000,0x0000000311dad000)]
  0x00007fe279231800 JavaThread "driver-heartbeater" daemon [_thread_blocked, id=81431, stack(0x0000000311baa000,0x0000000311caa000)]
  0x00007fe25a73b800 JavaThread "dag-scheduler-event-loop" daemon [_thread_blocked, id=82515, stack(0x0000000311aa7000,0x0000000311ba7000)]
  0x00007fe25c9a6800 JavaThread "Timer-1" daemon [_thread_blocked, id=82819, stack(0x00000003119a4000,0x0000000311aa4000)]
  0x00007fe2794c8000 JavaThread "Timer-0" daemon [_thread_blocked, id=47447, stack(0x00000003118a1000,0x00000003119a1000)]
  0x00007fe27a5b9000 JavaThread "netty-rpc-env-timeout" daemon [_thread_blocked, id=46867, stack(0x000000031179e000,0x000000031189e000)]
  0x00007fe27a49d800 JavaThread "heartbeat-receiver-event-loop-thread" daemon [_thread_blocked, id=46623, stack(0x000000031169b000,0x000000031179b000)]
  0x00007fe258889000 JavaThread "process reaper" daemon [_thread_blocked, id=83627, stack(0x000000030ed13000,0x000000030ed3b000)]
  0x00007fe27a501000 JavaThread "SparkUI-45" daemon [_thread_blocked, id=45827, stack(0x0000000311598000,0x0000000311698000)]
  0x00007fe25ca10000 JavaThread "SparkUI-44-acceptor-0@3cf945a1-ServerConnector@323eac4e{HTTP/1.1, (http/1.1)}{0.0.0.0:4040}" daemon [_thread_in_native, id=45067, stack(0x0000000311495000,0x0000000311595000)]
  0x00007fe25a025800 JavaThread "SparkUI-43" daemon [_thread_in_native, id=45315, stack(0x0000000311392000,0x0000000311492000)]
  0x00007fe25ca0f800 JavaThread "SparkUI-42" daemon [_thread_blocked, id=85251, stack(0x000000031128f000,0x000000031138f000)]
  0x00007fe25a086800 JavaThread "SparkUI-41" daemon [_thread_in_native, id=44555, stack(0x000000031118c000,0x000000031128c000)]
  0x00007fe25c9d6000 JavaThread "SparkUI-40" daemon [_thread_blocked, id=86275, stack(0x0000000311089000,0x0000000311189000)]
  0x00007fe25a086000 JavaThread "SparkUI-39" daemon [_thread_in_native, id=44291, stack(0x0000000310f86000,0x0000000311086000)]
  0x00007fe279784800 JavaThread "SparkUI-38" daemon [_thread_in_native, id=87059, stack(0x0000000310e83000,0x0000000310f83000)]
  0x00007fe239140000 JavaThread "refresh progress" daemon [_thread_blocked, id=43635, stack(0x0000000310d80000,0x0000000310e80000)]
  0x00007fe278f37000 JavaThread "RemoteBlock-temp-file-clean-thread" daemon [_thread_blocked, id=33631, stack(0x0000000310c7d000,0x0000000310d7d000)]
  0x00007fe239123800 JavaThread "dispatcher-BlockManagerEndpoint1" daemon [_thread_blocked, id=33351, stack(0x0000000310b7a000,0x0000000310c7a000)]
  0x00007fe27a5ec800 JavaThread "dispatcher-BlockManagerMaster" daemon [_thread_blocked, id=32931, stack(0x0000000310a77000,0x0000000310b77000)]
  0x00007fe2390f6800 JavaThread "map-output-dispatcher-7" daemon [_thread_blocked, id=32515, stack(0x0000000310974000,0x0000000310a74000)]
  0x00007fe27a5dd000 JavaThread "map-output-dispatcher-6" daemon [_thread_blocked, id=34823, stack(0x0000000310871000,0x0000000310971000)]
  0x00007fe2390f3800 JavaThread "map-output-dispatcher-5" daemon [_thread_blocked, id=35331, stack(0x000000031076e000,0x000000031086e000)]
  0x00007fe2390f2800 JavaThread "map-output-dispatcher-4" daemon [_thread_blocked, id=32003, stack(0x000000031066b000,0x000000031076b000)]
  0x00007fe2390f2000 JavaThread "map-output-dispatcher-3" daemon [_thread_blocked, id=35843, stack(0x0000000310568000,0x0000000310668000)]
  0x00007fe2390e6000 JavaThread "map-output-dispatcher-2" daemon [_thread_blocked, id=36355, stack(0x0000000310465000,0x0000000310565000)]
  0x00007fe278f2a000 JavaThread "map-output-dispatcher-1" daemon [_thread_blocked, id=31235, stack(0x0000000310362000,0x0000000310462000)]
  0x00007fe278f26800 JavaThread "map-output-dispatcher-0" daemon [_thread_blocked, id=30395, stack(0x000000031025f000,0x000000031035f000)]
  0x00007fe27a5d9800 JavaThread "dispatcher-event-loop-7" daemon [_thread_blocked, id=30723, stack(0x000000031015c000,0x000000031025c000)]
  0x00007fe2390e0000 JavaThread "dispatcher-event-loop-6" daemon [_thread_blocked, id=29967, stack(0x0000000310059000,0x0000000310159000)]
  0x00007fe2390dc800 JavaThread "dispatcher-event-loop-5" daemon [_thread_blocked, id=28967, stack(0x000000030ff56000,0x0000000310056000)]
  0x00007fe2390dc000 JavaThread "dispatcher-event-loop-4" daemon [_thread_blocked, id=37123, stack(0x000000030fe53000,0x000000030ff53000)]
  0x00007fe27a5d6000 JavaThread "dispatcher-event-loop-3" daemon [_thread_blocked, id=29443, stack(0x000000030fd50000,0x000000030fe50000)]
  0x00007fe2390d5000 JavaThread "dispatcher-event-loop-2" daemon [_thread_blocked, id=38147, stack(0x000000030fc4d000,0x000000030fd4d000)]
  0x00007fe2390d4800 JavaThread "dispatcher-event-loop-1" daemon [_thread_blocked, id=28231, stack(0x000000030fb4a000,0x000000030fc4a000)]
  0x00007fe2390c2000 JavaThread "dispatcher-event-loop-0" daemon [_thread_blocked, id=28419, stack(0x000000030fa47000,0x000000030fb47000)]
  0x00007fe278ef3000 JavaThread "rpc-boss-3-1" daemon [_thread_in_native, id=39279, stack(0x000000030f944000,0x000000030fa44000)]
=>0x00007fe278e51000 JavaThread "Thread-4" [_thread_in_native, id=27443, stack(0x000000030f841000,0x000000030f941000)]
  0x00007fe278e48800 JavaThread "Thread-3" [_thread_in_native, id=26903, stack(0x000000030f73e000,0x000000030f83e000)]
  0x00007fe25a7cd800 JavaThread "pool-2-thread-1" [_thread_blocked, id=39995, stack(0x000000030f63b000,0x000000030f73b000)]
  0x00007fe27a54d000 JavaThread "org.apache.hadoop.fs.FileSystem$Statistics$StatisticsDataReferenceCleaner" daemon [_thread_blocked, id=40483, stack(0x000000030f538000,0x000000030f638000)]
  0x00007fe279094800 JavaThread "Service Thread" daemon [_thread_blocked, id=42503, stack(0x000000030f332000,0x000000030f432000)]
  0x00007fe27a00e800 JavaThread "C1 CompilerThread3" daemon [_thread_blocked, id=23043, stack(0x000000030f22f000,0x000000030f32f000)]
  0x00007fe279083800 JavaThread "C2 CompilerThread2" daemon [_thread_blocked, id=43011, stack(0x000000030f12c000,0x000000030f22c000)]
  0x00007fe27907a800 JavaThread "C2 CompilerThread1" daemon [_thread_blocked, id=22275, stack(0x000000030f029000,0x000000030f129000)]
  0x00007fe27880e800 JavaThread "C2 CompilerThread0" daemon [_thread_blocked, id=21763, stack(0x000000030ef26000,0x000000030f026000)]
  0x00007fe278810800 JavaThread "Signal Dispatcher" daemon [_thread_blocked, id=13827, stack(0x000000030ee23000,0x000000030ef23000)]
  0x00007fe279050800 JavaThread "Finalizer" daemon [_thread_blocked, id=16131, stack(0x000000030eb89000,0x000000030ec89000)]
  0x00007fe27904e000 JavaThread "Reference Handler" daemon [_thread_blocked, id=16931, stack(0x000000030ea86000,0x000000030eb86000)]
  0x00007fe27880e000 JavaThread "main" [_thread_in_native, id=9219, stack(0x000000030e068000,0x000000030e168000)]

Other Threads:
  0x00007fe27904b000 VMThread [stack: 0x000000030e983000,0x000000030ea83000] [id=17411]
  0x00007fe2788a5000 WatcherThread [stack: 0x000000030f435000,0x000000030f535000] [id=42015]

VM state:not at safepoint (normal execution)

VM Mutex/Monitor currently owned by a thread: None

heap address: 0x00000003c0000000, size: 16384 MB, Compressed Oops mode: Zero based, Oop shift amount: 3
Narrow klass base: 0x0000000000000000, Narrow klass shift: 3
Compressed class space size: 1073741824 Address: 0x00000007c0000000

Heap:
 PSYoungGen      total 532480K, used 414249K [0x000000066ab00000, 0x0000000695f00000, 0x00000007c0000000)
  eden space 510976K, 81% used [0x000000066ab00000,0x0000000683f8a7a0,0x0000000689e00000)
  from space 21504K, 0% used [0x0000000689e00000,0x0000000689e00000,0x000000068b300000)
  to   space 20992K, 0% used [0x0000000694a80000,0x0000000694a80000,0x0000000695f00000)
 ParOldGen       total 121856K, used 28560K [0x00000003c0000000, 0x00000003c7700000, 0x000000066ab00000)
  object space 121856K, 23% used [0x00000003c0000000,0x00000003c1be40e0,0x00000003c7700000)
 Metaspace       used 92414K, capacity 101061K, committed 101296K, reserved 1136640K
  class space    used 12341K, capacity 13213K, committed 13232K, reserved 1048576K

Card table byte_map: [0x000000011f1dc000,0x00000001211dd000] byte_map_base: 0x000000011d3dc000

Marking Bits: (ParMarkBitMap*) 0x000000010eb1b2e8
 Begin Bits: [0x0000000122733000, 0x0000000132733000)
 End Bits:   [0x0000000132733000, 0x0000000142733000)

Polling page: 0x000000010d632000

CodeCache: size=245760Kb used=21971Kb max_used=22210Kb free=223788Kb
 bounds [0x00000001101dc000, 0x00000001117ac000, 0x000000011f1dc000]
 total_blobs=8224 nmethods=7328 adapters=809
 compilation: enabled

Compilation events (10 events):
Event: 24.572 Thread 0x00007fe27880e800 8905       4       java.util.Collections::unmodifiableList (27 bytes)
Event: 24.574 Thread 0x00007fe27880e800 nmethod 8905 0x000000011130b850 code [0x000000011130b9a0, 0x000000011130bb38]
Event: 24.593 Thread 0x00007fe27a00e800 8907       3       java.util.concurrent.locks.AbstractQueuedSynchronizer$ConditionObject::addConditionWaiter (64 bytes)
Event: 24.593 Thread 0x00007fe27a00e800 nmethod 8907 0x000000011130f0d0 code [0x000000011130f260, 0x000000011130f6a8]
Event: 24.593 Thread 0x00007fe27a00e800 8906       1       org.apache.spark.rpc.netty.Inbox::endpoint (5 bytes)
Event: 24.593 Thread 0x00007fe27a00e800 nmethod 8906 0x000000011144a150 code [0x000000011144a2a0, 0x000000011144a3b0]
Event: 24.600 Thread 0x00007fe27a00e800 8908       3       scala.collection.mutable.HashTable::scala$collection$mutable$HashTable$$lastPopulatedIndex (35 bytes)
Event: 24.600 Thread 0x00007fe27a00e800 nmethod 8908 0x000000011130e9d0 code [0x000000011130eb60, 0x000000011130ef58]
Event: 24.650 Thread 0x00007fe27a00e800 8909       1       org.apache.spark.status.AppStatusListener::liveStages (5 bytes)
Event: 24.650 Thread 0x00007fe27a00e800 nmethod 8909 0x0000000110314190 code [0x00000001103142e0, 0x00000001103143f0]

GC Heap History (10 events):
Event: 9.569 GC heap before
{Heap before GC invocations=11 (full 3):
 PSYoungGen      total 398848K, used 11763K [0x000000066ab00000, 0x0000000684400000, 0x00000007c0000000)
  eden space 387072K, 0% used [0x000000066ab00000,0x000000066ab00000,0x0000000682500000)
  from space 11776K, 99% used [0x0000000683480000,0x0000000683ffcef8,0x0000000684000000)
  to   space 15872K, 0% used [0x0000000682500000,0x0000000682500000,0x0000000683480000)
 ParOldGen       total 66048K, used 15159K [0x00000003c0000000, 0x00000003c4080000, 0x000000066ab00000)
  object space 66048K, 22% used [0x00000003c0000000,0x00000003c0ecdca0,0x00000003c4080000)
 Metaspace       used 55841K, capacity 58943K, committed 59160K, reserved 1101824K
  class space    used 7190K, capacity 7480K, committed 7600K, reserved 1048576K
Event: 9.651 GC heap after
Heap after GC invocations=11 (full 3):
 PSYoungGen      total 398848K, used 0K [0x000000066ab00000, 0x0000000684400000, 0x00000007c0000000)
  eden space 387072K, 0% used [0x000000066ab00000,0x000000066ab00000,0x0000000682500000)
  from space 11776K, 0% used [0x0000000683480000,0x0000000683480000,0x0000000684000000)
  to   space 15872K, 0% used [0x0000000682500000,0x0000000682500000,0x0000000683480000)
 ParOldGen       total 95232K, used 24086K [0x00000003c0000000, 0x00000003c5d00000, 0x000000066ab00000)
  object space 95232K, 25% used [0x00000003c0000000,0x00000003c17858d0,0x00000003c5d00000)
 Metaspace       used 55838K, capacity 58937K, committed 59160K, reserved 1101824K
  class space    used 7189K, capacity 7479K, committed 7600K, reserved 1048576K
}
Event: 13.572 GC heap before
{Heap before GC invocations=12 (full 3):
 PSYoungGen      total 398848K, used 387072K [0x000000066ab00000, 0x0000000684400000, 0x00000007c0000000)
  eden space 387072K, 100% used [0x000000066ab00000,0x0000000682500000,0x0000000682500000)
  from space 11776K, 0% used [0x0000000683480000,0x0000000683480000,0x0000000684000000)
  to   space 15872K, 0% used [0x0000000682500000,0x0000000682500000,0x0000000683480000)
 ParOldGen       total 95232K, used 24086K [0x00000003c0000000, 0x00000003c5d00000, 0x000000066ab00000)
  object space 95232K, 25% used [0x00000003c0000000,0x00000003c17858d0,0x00000003c5d00000)
 Metaspace       used 77026K, capacity 81679K, committed 81840K, reserved 1120256K
  class space    used 9932K, capacity 10367K, committed 10416K, reserved 1048576K
Event: 13.615 GC heap after
Heap after GC invocations=12 (full 3):
 PSYoungGen      total 402944K, used 15845K [0x000000066ab00000, 0x000000068cf00000, 0x00000007c0000000)
  eden space 387072K, 0% used [0x000000066ab00000,0x000000066ab00000,0x0000000682500000)
  from space 15872K, 99% used [0x0000000682500000,0x0000000683479448,0x0000000683480000)
  to   space 20992K, 0% used [0x000000068ba80000,0x000000068ba80000,0x000000068cf00000)
 ParOldGen       total 95232K, used 31374K [0x00000003c0000000, 0x00000003c5d00000, 0x000000066ab00000)
  object space 95232K, 32% used [0x00000003c0000000,0x00000003c1ea3a40,0x00000003c5d00000)
 Metaspace       used 77026K, capacity 81679K, committed 81840K, reserved 1120256K
  class space    used 9932K, capacity 10367K, committed 10416K, reserved 1048576K
}
Event: 16.954 GC heap before
{Heap before GC invocations=13 (full 3):
 PSYoungGen      total 402944K, used 402917K [0x000000066ab00000, 0x000000068cf00000, 0x00000007c0000000)
  eden space 387072K, 100% used [0x000000066ab00000,0x0000000682500000,0x0000000682500000)
  from space 15872K, 99% used [0x0000000682500000,0x0000000683479448,0x0000000683480000)
  to   space 20992K, 0% used [0x000000068ba80000,0x000000068ba80000,0x000000068cf00000)
 ParOldGen       total 95232K, used 31374K [0x00000003c0000000, 0x00000003c5d00000, 0x000000066ab00000)
  object space 95232K, 32% used [0x00000003c0000000,0x00000003c1ea3a40,0x00000003c5d00000)
 Metaspace       used 84735K, capacity 90059K, committed 90160K, reserved 1128448K
  class space    used 11066K, capacity 11541K, committed 11568K, reserved 1048576K
Event: 16.979 GC heap after
Heap after GC invocations=13 (full 3):
 PSYoungGen      total 523776K, used 13365K [0x000000066ab00000, 0x000000068c800000, 0x00000007c0000000)
  eden space 509952K, 0% used [0x000000066ab00000,0x000000066ab00000,0x0000000689d00000)
  from space 13824K, 96% used [0x000000068ba80000,0x000000068c78d668,0x000000068c800000)
  to   space 21504K, 0% used [0x0000000689e00000,0x0000000689e00000,0x000000068b300000)
 ParOldGen       total 95232K, used 31382K [0x00000003c0000000, 0x00000003c5d00000, 0x000000066ab00000)
  object space 95232K, 32% used [0x00000003c0000000,0x00000003c1ea5a40,0x00000003c5d00000)
 Metaspace       used 84735K, capacity 90059K, committed 90160K, reserved 1128448K
  class space    used 11066K, capacity 11541K, committed 11568K, reserved 1048576K
}
Event: 18.346 GC heap before
{Heap before GC invocations=14 (full 3):
 PSYoungGen      total 523776K, used 152339K [0x000000066ab00000, 0x000000068c800000, 0x00000007c0000000)
  eden space 509952K, 27% used [0x000000066ab00000,0x00000006732b7938,0x0000000689d00000)
  from space 13824K, 96% used [0x000000068ba80000,0x000000068c78d668,0x000000068c800000)
  to   space 21504K, 0% used [0x0000000689e00000,0x0000000689e00000,0x000000068b300000)
 ParOldGen       total 95232K, used 31382K [0x00000003c0000000, 0x00000003c5d00000, 0x000000066ab00000)
  object space 95232K, 32% used [0x00000003c0000000,0x00000003c1ea5a40,0x00000003c5d00000)
 Metaspace       used 90274K, capacity 98503K, committed 98600K, reserved 1134592K
  class space    used 12079K, capacity 12882K, committed 12976K, reserved 1048576K
Event: 18.362 GC heap after
Heap after GC invocations=14 (full 3):
 PSYoungGen      total 532480K, used 6474K [0x000000066ab00000, 0x0000000695f00000, 0x00000007c0000000)
  eden space 510976K, 0% used [0x000000066ab00000,0x000000066ab00000,0x0000000689e00000)
  from space 21504K, 30% used [0x0000000689e00000,0x000000068a452800,0x000000068b300000)
  to   space 20992K, 0% used [0x0000000694a80000,0x0000000694a80000,0x0000000695f00000)
 ParOldGen       total 95232K, used 39344K [0x00000003c0000000, 0x00000003c5d00000, 0x000000066ab00000)
  object space 95232K, 41% used [0x00000003c0000000,0x00000003c266c158,0x00000003c5d00000)
 Metaspace       used 90274K, capacity 98503K, committed 98600K, reserved 1134592K
  class space    used 12079K, capacity 12882K, committed 12976K, reserved 1048576K
}
Event: 18.362 GC heap before
{Heap before GC invocations=15 (full 4):
 PSYoungGen      total 532480K, used 6474K [0x000000066ab00000, 0x0000000695f00000, 0x00000007c0000000)
  eden space 510976K, 0% used [0x000000066ab00000,0x000000066ab00000,0x0000000689e00000)
  from space 21504K, 30% used [0x0000000689e00000,0x000000068a452800,0x000000068b300000)
  to   space 20992K, 0% used [0x0000000694a80000,0x0000000694a80000,0x0000000695f00000)
 ParOldGen       total 95232K, used 39344K [0x00000003c0000000, 0x00000003c5d00000, 0x000000066ab00000)
  object space 95232K, 41% used [0x00000003c0000000,0x00000003c266c158,0x00000003c5d00000)
 Metaspace       used 90274K, capacity 98503K, committed 98600K, reserved 1134592K
  class space    used 12079K, capacity 12882K, committed 12976K, reserved 1048576K
Event: 18.457 GC heap after
Heap after GC invocations=15 (full 4):
 PSYoungGen      total 532480K, used 0K [0x000000066ab00000, 0x0000000695f00000, 0x00000007c0000000)
  eden space 510976K, 0% used [0x000000066ab00000,0x000000066ab00000,0x0000000689e00000)
  from space 21504K, 0% used [0x0000000689e00000,0x0000000689e00000,0x000000068b300000)
  to   space 20992K, 0% used [0x0000000694a80000,0x0000000694a80000,0x0000000695f00000)
 ParOldGen       total 121856K, used 28560K [0x00000003c0000000, 0x00000003c7700000, 0x000000066ab00000)
  object space 121856K, 23% used [0x00000003c0000000,0x00000003c1be40e0,0x00000003c7700000)
 Metaspace       used 90274K, capacity 98503K, committed 98600K, reserved 1134592K
  class space    used 12079K, capacity 12882K, committed 12976K, reserved 1048576K
}

Deoptimization events (10 events):
Event: 23.556 Thread 0x00007fe278e51000 Uncommon trap: reason=unstable_if action=reinterpret pc=0x000000011078411c method=java.util.Properties.loadConvert([CII[C)Ljava/lang/String; @ 72
Event: 23.583 Thread 0x00007fe278e51000 Uncommon trap: reason=class_check action=maybe_recompile pc=0x0000000110ef52a4 method=java.net.URLStreamHandler.equals(Ljava/net/URL;Ljava/net/URL;)Z @ 33
Event: 23.584 Thread 0x00007fe278e51000 Uncommon trap: reason=unstable_if action=reinterpret pc=0x0000000110ef732c method=java.net.URLStreamHandler.sameFile(Ljava/net/URL;Ljava/net/URL;)Z @ 63
Event: 23.584 Thread 0x00007fe278e51000 Uncommon trap: reason=class_check action=maybe_recompile pc=0x0000000110ef52a4 method=java.net.URLStreamHandler.equals(Ljava/net/URL;Ljava/net/URL;)Z @ 33
Event: 23.870 Thread 0x00007fe278e51000 Uncommon trap: reason=unstable_if action=reinterpret pc=0x00000001106b5064 method=java.lang.String.lastIndexOf([CII[CIII)I @ 118
Event: 23.872 Thread 0x00007fe278e51000 Uncommon trap: reason=unstable_if action=reinterpret pc=0x000000011045271c method=java.lang.String.lastIndexOf([CII[CIII)I @ 118
Event: 24.086 Thread 0x00007fe278e51000 Uncommon trap: reason=unstable_if action=reinterpret pc=0x0000000110c8ae70 method=sun.misc.URLClassPath$1.next()Z @ 56
Event: 24.092 Thread 0x00007fe278e51000 Uncommon trap: reason=class_check action=maybe_recompile pc=0x0000000110ef52a4 method=java.net.URLStreamHandler.equals(Ljava/net/URL;Ljava/net/URL;)Z @ 33
Event: 24.095 Thread 0x00007fe278e51000 Uncommon trap: reason=class_check action=maybe_recompile pc=0x0000000110ef52a4 method=java.net.URLStreamHandler.equals(Ljava/net/URL;Ljava/net/URL;)Z @ 33
Event: 24.573 Thread 0x00007fe2792fa800 Uncommon trap: reason=class_check action=maybe_recompile pc=0x00000001105e2754 method=scala.util.Try$.apply(Lscala/Function0;)Lscala/util/Try; @ 5

Classes redefined (0 events):
No events

Internal exceptions (10 events):
Event: 18.512 Thread 0x00007fe239123800 Exception <a 'java/lang/NoSuchMethodError': java.lang.Object.$anonfun$foreach$1$adapted(Lscala/Function1;Lscala/util/Try;)Ljava/lang/Object;> (0x000000066b454088) thrown at [/System/Volumes/Data/jenkins/workspace/8-2-build-macosx-x86_64/jdk8u321/2141/hots
Event: 18.557 Thread 0x00007fe278e51000 Exception <a 'java/lang/NoSuchMethodError': java.lang.Object.$anonfun$params$1$adapted(Ljava/lang/reflect/Method;)Ljava/lang/Object;> (0x000000066ae3c880) thrown at [/System/Volumes/Data/jenkins/workspace/8-2-build-macosx-x86_64/jdk8u321/2141/hotspot/src/
Event: 18.560 Thread 0x00007fe278e51000 Exception <a 'java/lang/NoSuchMethodError': java.lang.Object.$anonfun$params$2(Ljava/lang/reflect/Method;)Ljava/lang/String;> (0x000000066ae40918) thrown at [/System/Volumes/Data/jenkins/workspace/8-2-build-macosx-x86_64/jdk8u321/2141/hotspot/src/share/vm
Event: 18.561 Thread 0x00007fe278e51000 Exception <a 'java/lang/NoSuchMethodError': java.lang.Object.$anonfun$params$3(Lorg/apache/spark/ml/param/Params;Ljava/lang/reflect/Method;)Lorg/apache/spark/ml/param/Param;> (0x000000066ae45070) thrown at [/System/Volumes/Data/jenkins/workspace/8-2-build
Event: 18.562 Thread 0x00007fe278e51000 Exception <a 'java/lang/NoSuchMethodError': java.lang.Object.$anonfun$getParam$1$adapted(Ljava/lang/String;Lorg/apache/spark/ml/param/Param;)Ljava/lang/Object;> (0x000000066ae4ab00) thrown at [/System/Volumes/Data/jenkins/workspace/8-2-build-macosx-x86_64
Event: 18.562 Thread 0x00007fe278e51000 Exception <a 'java/lang/NoSuchMethodError': java.lang.Object.$anonfun$getParam$2(Ljava/lang/String;)Lscala/runtime/Nothing$;> (0x000000066ae4f6e0) thrown at [/System/Volumes/Data/jenkins/workspace/8-2-build-macosx-x86_64/jdk8u321/2141/hotspot/src/share/vm
Event: 18.570 Thread 0x00007fe278e51000 Exception <a 'java/lang/NoSuchMethodError': java.lang.Object.$anonfun$hasParam$1$adapted(Ljava/lang/String;Lorg/apache/spark/ml/param/Param;)Ljava/lang/Object;> (0x000000066ae54980) thrown at [/System/Volumes/Data/jenkins/workspace/8-2-build-macosx-x86_64
Event: 18.571 Thread 0x00007fe278e51000 Exception <a 'java/lang/NoSuchMethodError': java.lang.Object.$anonfun$shouldOwn$1(Lorg/apache/spark/ml/param/Params;Lorg/apache/spark/ml/param/Param;)Ljava/lang/String;> (0x000000066ae58dc0) thrown at [/System/Volumes/Data/jenkins/workspace/8-2-build-maco
Event: 20.122 Thread 0x00007fe278e51000 Exception <a 'java/lang/NoSuchMethodError': java.lang.Object.$anonfun$onRead$1$adapted(Lcom/johnsnowlabs/nlp/HasFeatures;Ljava/lang/String;Lorg/apache/spark/sql/SparkSession;Lscala/Function3;)Ljava/lang/Object;> (0x00000006746ae280) thrown at [/System/Vol
Event: 24.574 Thread 0x00007fe2792fa800 Exception <a 'sun/nio/fs/UnixException'> (0x00000006839163a8) thrown at [/System/Volumes/Data/jenkins/workspace/8-2-build-macosx-x86_64/jdk8u321/2141/hotspot/src/share/vm/prims/jni.cpp, line 710]

Events (10 events):
Event: 24.599 loading class scala/Function1
Event: 24.599 loading class scala/Function1 done
Event: 24.599 loading class scala/Function1
Event: 24.599 loading class scala/Function1 done
Event: 24.600 loading class org/apache/spark/sql/execution/ui/SQLAppStatusListener
Event: 24.600 loading class org/apache/spark/sql/execution/ui/SQLAppStatusListener done
Event: 24.600 loading class scala/Tuple4
Event: 24.600 loading class scala/Tuple4 done
Event: 24.600 loading class org/apache/spark/sql/execution/ui/SQLAppStatusListener
Event: 24.600 loading class org/apache/spark/sql/execution/ui/SQLAppStatusListener done


Dynamic libraries:
0x00007ff82deb8000 	/System/Library/Frameworks/Cocoa.framework/Versions/A/Cocoa
0x00007ff819759000 	/System/Library/Frameworks/AppKit.framework/Versions/C/AppKit
0x00007ff81cca9000 	/System/Library/Frameworks/CoreData.framework/Versions/A/CoreData
0x00007ff817b74000 	/System/Library/Frameworks/Foundation.framework/Versions/C/Foundation
0x00007ff821f9c000 	/usr/lib/libSystem.B.dylib
0x00007ff81a5e6000 	/System/Library/PrivateFrameworks/UIFoundation.framework/Versions/A/UIFoundation
0x00007ff827e90000 	/System/Library/PrivateFrameworks/RemoteViewServices.framework/Versions/A/RemoteViewServices
0x00007ff82018f000 	/System/Library/PrivateFrameworks/XCTTargetBootstrap.framework/Versions/A/XCTTargetBootstrap
0x00007ff823e67000 	/System/Library/PrivateFrameworks/InternationalSupport.framework/Versions/A/InternationalSupport
0x00007ff823ef1000 	/System/Library/PrivateFrameworks/UserActivity.framework/Versions/A/UserActivity
0x00007ff82324e000 	/usr/lib/libspindump.dylib
0x00007ff81a874000 	/System/Library/Frameworks/UniformTypeIdentifiers.framework/Versions/A/UniformTypeIdentifiers
0x00007ff81e8ce000 	/usr/lib/libapp_launch_measurement.dylib
0x00007ff81d683000 	/System/Library/PrivateFrameworks/CoreAnalytics.framework/Versions/A/CoreAnalytics
0x00007ff81e8d1000 	/System/Library/PrivateFrameworks/CoreAutoLayout.framework/Versions/A/CoreAutoLayout
0x00007ff81faf0000 	/System/Library/Frameworks/Metal.framework/Versions/A/Metal
0x00007ff820807000 	/usr/lib/liblangid.dylib
0x00007ff820193000 	/System/Library/PrivateFrameworks/CoreSVG.framework/Versions/A/CoreSVG
0x00007ff81bc36000 	/System/Library/PrivateFrameworks/SkyLight.framework/Versions/A/SkyLight
0x00007ff81bfc7000 	/System/Library/Frameworks/CoreGraphics.framework/Versions/A/CoreGraphics
0x00007ff8284fb000 	/System/Library/Frameworks/Accelerate.framework/Versions/A/Accelerate
0x00007ff822cc9000 	/System/Library/PrivateFrameworks/IconServices.framework/Versions/A/IconServices
0x00007ff81fad5000 	/System/Library/Frameworks/IOSurface.framework/Versions/A/IOSurface
0x00007ff81d6b1000 	/usr/lib/libDiagnosticMessagesClient.dylib
0x00007ff821eb6000 	/usr/lib/libz.1.dylib
0x00007ff82bb5a000 	/System/Library/Frameworks/ApplicationServices.framework/Versions/A/ApplicationServices
0x00007ff82017b000 	/System/Library/PrivateFrameworks/DFRFoundation.framework/Versions/A/DFRFoundation
0x00007ff81904a000 	/usr/lib/libicucore.A.dylib
0x00007ff824b89000 	/System/Library/Frameworks/AudioToolbox.framework/Versions/A/AudioToolbox
0x00007ff823e73000 	/System/Library/PrivateFrameworks/DataDetectorsCore.framework/Versions/A/DataDetectorsCore
0x00007ff91f608000 	/System/Library/PrivateFrameworks/TextInput.framework/Versions/A/TextInput
0x00007ff81bbb9000 	/usr/lib/libMobileGestalt.dylib
0x00007ff81fe83000 	/System/Library/Frameworks/Carbon.framework/Versions/A/Frameworks/HIToolbox.framework/Versions/A/HIToolbox
0x00007ff81e2fc000 	/System/Library/Frameworks/QuartzCore.framework/Versions/A/QuartzCore
0x00007ff818ceb000 	/System/Library/Frameworks/Security.framework/Versions/A/Security
0x00007ff827ec8000 	/System/Library/Frameworks/Carbon.framework/Versions/A/Frameworks/SpeechRecognition.framework/Versions/A/SpeechRecognition
0x00007ff81e62e000 	/System/Library/PrivateFrameworks/CoreUI.framework/Versions/A/CoreUI
0x00007ff8185c5000 	/System/Library/Frameworks/CoreAudio.framework/Versions/A/CoreAudio
0x00007ff81d79f000 	/System/Library/Frameworks/DiskArbitration.framework/Versions/A/DiskArbitration
0x00007ff823631000 	/System/Library/PrivateFrameworks/MultitouchSupport.framework/Versions/A/MultitouchSupport
0x00007ff81bbb8000 	/usr/lib/libenergytrace.dylib
0x00007ff819645000 	/System/Library/Frameworks/IOKit.framework/Versions/A/IOKit
0x00007ff8282b2000 	/System/Library/Frameworks/CoreServices.framework/Versions/A/CoreServices
0x00007ff81e868000 	/System/Library/PrivateFrameworks/PerformanceAnalysis.framework/Versions/A/PerformanceAnalysis
0x00007ffa2f077000 	/System/Library/Frameworks/OpenGL.framework/Versions/A/OpenGL
0x00007ff8214ee000 	/System/Library/PrivateFrameworks/MobileKeyBag.framework/Versions/A/MobileKeyBag
0x00007ff816c0c000 	/usr/lib/libobjc.A.dylib
0x00007ff81c6f6000 	/System/Library/Frameworks/ColorSync.framework/Versions/A/ColorSync
0x00007ff816dc8000 	/System/Library/Frameworks/CoreFoundation.framework/Versions/A/CoreFoundation
0x00007ff82040e000 	/System/Library/Frameworks/CoreImage.framework/Versions/A/CoreImage
0x00007ff8183db000 	/System/Library/Frameworks/CoreText.framework/Versions/A/CoreText
0x00007ff8201c2000 	/System/Library/Frameworks/ImageIO.framework/Versions/A/ImageIO
0x00007ff821fa2000 	/System/Library/PrivateFrameworks/SoftLinking.framework/Versions/A/SoftLinking
0x00007ff81e919000 	/usr/lib/libxml2.2.dylib
0x00007ff816cd5000 	/usr/lib/libc++.1.dylib
0x00007ff822222000 	/usr/lib/libcompression.dylib
0x00007ff823d9d000 	/System/Library/PrivateFrameworks/TextureIO.framework/Versions/A/TextureIO
0x00007ff822942000 	/usr/lib/libate.dylib
0x00007ff821f97000 	/usr/lib/system/libcache.dylib
0x00007ff821f53000 	/usr/lib/system/libcommonCrypto.dylib
0x00007ff821f7c000 	/usr/lib/system/libcompiler_rt.dylib
0x00007ff821f72000 	/usr/lib/system/libcopyfile.dylib
0x00007ff816b06000 	/usr/lib/system/libcorecrypto.dylib
0x00007ff816bc5000 	/usr/lib/system/libdispatch.dylib
0x00007ff816d87000 	/usr/lib/system/libdyld.dylib
0x00007ff821f8e000 	/usr/lib/system/libkeymgr.dylib
0x00007ff821f31000 	/usr/lib/system/libmacho.dylib
0x00007ff8215c2000 	/usr/lib/system/libquarantine.dylib
0x00007ff821f8c000 	/usr/lib/system/libremovefile.dylib
0x00007ff81bc05000 	/usr/lib/system/libsystem_asl.dylib
0x00007ff816ab4000 	/usr/lib/system/libsystem_blocks.dylib
0x00007ff816c4c000 	/usr/lib/system/libsystem_c.dylib
0x00007ff821f84000 	/usr/lib/system/libsystem_collections.dylib
0x00007ff8207f8000 	/usr/lib/system/libsystem_configuration.dylib
0x00007ff81fab8000 	/usr/lib/system/libsystem_containermanager.dylib
0x00007ff821c6a000 	/usr/lib/system/libsystem_coreservices.dylib
0x00007ff8192d3000 	/usr/lib/system/libsystem_darwin.dylib
0x00007ff821f8f000 	/usr/lib/system/libsystem_dnssd.dylib
0x00007ff816c49000 	/usr/lib/system/libsystem_featureflags.dylib
0x00007ff816d9d000 	/usr/lib/system/libsystem_info.dylib
0x00007ff821ec9000 	/usr/lib/system/libsystem_m.dylib
0x00007ff816b99000 	/usr/lib/system/libsystem_malloc.dylib
0x00007ff81bba2000 	/usr/lib/system/libsystem_networkextension.dylib
0x00007ff8196fb000 	/usr/lib/system/libsystem_notify.dylib
0x00007ff828189000 	/usr/lib/system/libsystem_product_info_filter.dylib
0x00007ff8207fc000 	/usr/lib/system/libsystem_sandbox.dylib
0x00007ff821f89000 	/usr/lib/system/libsystem_secinit.dylib
0x00007ff816d44000 	/usr/lib/system/libsystem_kernel.dylib
0x00007ff816d93000 	/usr/lib/system/libsystem_platform.dylib
0x00007ff816d7b000 	/usr/lib/system/libsystem_pthread.dylib
0x00007ff81d4c9000 	/usr/lib/system/libsystem_symptoms.dylib
0x00007ff816aed000 	/usr/lib/system/libsystem_trace.dylib
0x00007ff821f5f000 	/usr/lib/system/libunwind.dylib
0x00007ff816ab6000 	/usr/lib/system/libxpc.dylib
0x00007ff816d2e000 	/usr/lib/libc++abi.dylib
0x00007ff821f6a000 	/usr/lib/liboah.dylib
0x00007ff8226fb000 	/usr/lib/liblzma.5.dylib
0x00007ff817885000 	/System/Library/Frameworks/SystemConfiguration.framework/Versions/A/SystemConfiguration
0x00007ff821f9e000 	/usr/lib/libfakelink.dylib
0x00007ff81b70c000 	/System/Library/Frameworks/CFNetwork.framework/Versions/A/CFNetwork
0x00007ff8220dd000 	/usr/lib/libarchive.2.dylib
0x00007ff820803000 	/System/Library/PrivateFrameworks/AppleSystemInfo.framework/Versions/A/AppleSystemInfo
0x00007ff8215e8000 	/usr/lib/libbsm.0.dylib
0x00007ff81ad43000 	/usr/lib/libnetwork.dylib
0x00007ff821f37000 	/usr/lib/system/libkxld.dylib
0x00007ff821217000 	/System/Library/PrivateFrameworks/IOMobileFramebuffer.framework/Versions/A/IOMobileFramebuffer
0x00007ffb2ca19000 	/usr/lib/libCoreEntitlements.dylib
0x00007ff821c4c000 	/System/Library/PrivateFrameworks/AppleFSCompression.framework/Versions/A/AppleFSCompression
0x00007ff8215d1000 	/usr/lib/libcoretls.dylib
0x00007ff822715000 	/usr/lib/libcoretls_cfhelpers.dylib
0x00007ff82221d000 	/usr/lib/libpam.2.dylib
0x00007ff81d0ef000 	/usr/lib/libsqlite3.dylib
0x00007ff822784000 	/usr/lib/libxar.1.dylib
0x00007ff821c5c000 	/usr/lib/libbz2.1.0.dylib
0x00007ff821fa3000 	/usr/lib/libpcap.A.dylib
0x00007ff81d4c0000 	/usr/lib/libdns_services.dylib
0x00007ff8221ef000 	/usr/lib/libapple_nghttp2.dylib
0x00007ff821fda000 	/usr/lib/libiconv.2.dylib
0x00007ff821f30000 	/usr/lib/libcharset.1.dylib
0x00007ff81e89c000 	/System/Library/Frameworks/CoreServices.framework/Versions/A/Frameworks/FSEvents.framework/Versions/A/FSEvents
0x00007ff8192dd000 	/System/Library/Frameworks/CoreServices.framework/Versions/A/Frameworks/CarbonCore.framework/Versions/A/CarbonCore
0x00007ff81d704000 	/System/Library/Frameworks/CoreServices.framework/Versions/A/Frameworks/Metadata.framework/Versions/A/Metadata
0x00007ff821c6f000 	/System/Library/Frameworks/CoreServices.framework/Versions/A/Frameworks/OSServices.framework/Versions/A/OSServices
0x00007ff822163000 	/System/Library/Frameworks/CoreServices.framework/Versions/A/Frameworks/SearchKit.framework/Versions/A/SearchKit
0x00007ff81d452000 	/System/Library/Frameworks/CoreServices.framework/Versions/A/Frameworks/AE.framework/Versions/A/AE
0x00007ff8172c9000 	/System/Library/Frameworks/CoreServices.framework/Versions/A/Frameworks/LaunchServices.framework/Versions/A/LaunchServices
0x00007ff8226ac000 	/System/Library/Frameworks/CoreServices.framework/Versions/A/Frameworks/DictionaryServices.framework/Versions/A/DictionaryServices
0x00007ff81e8a9000 	/System/Library/Frameworks/CoreServices.framework/Versions/A/Frameworks/SharedFileList.framework/Versions/A/SharedFileList
0x00007ff8215c5000 	/usr/lib/libCheckFix.dylib
0x00007ff81bc1c000 	/System/Library/PrivateFrameworks/TCC.framework/Versions/A/TCC
0x00007ff820809000 	/System/Library/PrivateFrameworks/CoreNLP.framework/Versions/A/CoreNLP
0x00007ff81d6b4000 	/System/Library/PrivateFrameworks/MetadataUtilities.framework/Versions/A/MetadataUtilities
0x00007ff817935000 	/usr/lib/libmecabra.dylib
0x00007ff8215f8000 	/usr/lib/libmecab.dylib
0x00007ff817900000 	/usr/lib/libCRFSuite.dylib
0x00007ff821655000 	/usr/lib/libgermantok.dylib
0x00007ff8221ca000 	/usr/lib/libThaiTokenizer.dylib
0x00007ff81d7a6000 	/System/Library/Frameworks/Accelerate.framework/Versions/A/Frameworks/vImage.framework/Versions/A/vImage
0x00007ff828289000 	/System/Library/Frameworks/Accelerate.framework/Versions/A/Frameworks/vecLib.framework/Versions/A/vecLib
0x00007ff8227c5000 	/System/Library/Frameworks/Accelerate.framework/Versions/A/Frameworks/vecLib.framework/Versions/A/libvMisc.dylib
0x00007ff82100b000 	/System/Library/Frameworks/Accelerate.framework/Versions/A/Frameworks/vecLib.framework/Versions/A/libvDSP.dylib
0x00007ff817641000 	/System/Library/Frameworks/Accelerate.framework/Versions/A/Frameworks/vecLib.framework/Versions/A/libBLAS.dylib
0x00007ff8222ff000 	/System/Library/Frameworks/Accelerate.framework/Versions/A/Frameworks/vecLib.framework/Versions/A/libLAPACK.dylib
0x00007ff821658000 	/System/Library/Frameworks/Accelerate.framework/Versions/A/Frameworks/vecLib.framework/Versions/A/libLinearAlgebra.dylib
0x00007ff822208000 	/System/Library/Frameworks/Accelerate.framework/Versions/A/Frameworks/vecLib.framework/Versions/A/libSparseBLAS.dylib
0x00007ff8222f9000 	/System/Library/Frameworks/Accelerate.framework/Versions/A/Frameworks/vecLib.framework/Versions/A/libQuadrature.dylib
0x00007ff8208f3000 	/System/Library/Frameworks/Accelerate.framework/Versions/A/Frameworks/vecLib.framework/Versions/A/libBNNS.dylib
0x00007ff817816000 	/System/Library/Frameworks/Accelerate.framework/Versions/A/Frameworks/vecLib.framework/Versions/A/libSparse.dylib
0x00007ff8208ec000 	/System/Library/PrivateFrameworks/LinguisticData.framework/Versions/A/LinguisticData
0x00007ff8177cb000 	/System/Library/PrivateFrameworks/Lexicon.framework/Versions/A/Lexicon
0x00007ff8227be000 	/usr/lib/libChineseTokenizer.dylib
0x00007ff817f2f000 	/System/Library/PrivateFrameworks/LanguageModeling.framework/Versions/A/LanguageModeling
0x00007ff8221cc000 	/System/Library/PrivateFrameworks/AppleSauce.framework/Versions/A/AppleSauce
0x00007ff821205000 	/System/Library/PrivateFrameworks/CoreEmoji.framework/Versions/A/CoreEmoji
0x00007ff8220cc000 	/usr/lib/libcmph.dylib
0x00007ff81e880000 	/System/Library/Frameworks/OpenDirectory.framework/Versions/A/Frameworks/CFOpenDirectory.framework/Versions/A/CFOpenDirectory
0x00007ff81e874000 	/System/Library/Frameworks/OpenDirectory.framework/Versions/A/OpenDirectory
0x00007ff822717000 	/System/Library/PrivateFrameworks/APFS.framework/Versions/A/APFS
0x00007ff821526000 	/System/Library/Frameworks/SecurityFoundation.framework/Versions/A/SecurityFoundation
0x00007ff822792000 	/usr/lib/libutil.dylib
0x00007ff819608000 	/System/Library/PrivateFrameworks/CoreServicesStore.framework/Versions/A/CoreServicesStore
0x00007ff822796000 	/usr/lib/libxslt.1.dylib
0x00007ff8215b3000 	/System/Library/PrivateFrameworks/BackgroundTaskManagement.framework/Versions/A/BackgroundTaskManagement
0x00007ff823cbf000 	/System/Library/Frameworks/ImageIO.framework/Versions/A/Resources/libRadiance.dylib
0x00007ff823cc8000 	/System/Library/Frameworks/ImageIO.framework/Versions/A/Resources/libJPEG.dylib
0x00007ff823c19000 	/System/Library/Frameworks/ImageIO.framework/Versions/A/Resources/libPng.dylib
0x00007ff823c3a000 	/System/Library/Frameworks/ImageIO.framework/Versions/A/Resources/libTIFF.dylib
0x00007ff823d26000 	/System/Library/Frameworks/ImageIO.framework/Versions/A/Resources/libGIF.dylib
0x00007ff82354e000 	/System/Library/Frameworks/ImageIO.framework/Versions/A/Resources/libJP2.dylib
0x00007ff822c90000 	/usr/lib/libexpat.1.dylib
0x00007ff823503000 	/System/Library/PrivateFrameworks/AppleJPEG.framework/Versions/A/AppleJPEG
0x00007ff81fd4a000 	/System/Library/PrivateFrameworks/FontServices.framework/libFontParser.dylib
0x00007ff81d3fc000 	/System/Library/PrivateFrameworks/RunningBoardServices.framework/Versions/A/RunningBoardServices
0x00007ff82e429000 	/System/Library/PrivateFrameworks/IOSurfaceAccelerator.framework/Versions/A/IOSurfaceAccelerator
0x00007ff82362d000 	/System/Library/PrivateFrameworks/WatchdogClient.framework/Versions/A/WatchdogClient
0x00007ff81801e000 	/System/Library/Frameworks/CoreDisplay.framework/Versions/A/CoreDisplay
0x00007ff81fc4a000 	/System/Library/Frameworks/CoreMedia.framework/Versions/A/CoreMedia
0x00007ff81fae7000 	/System/Library/PrivateFrameworks/IOAccelerator.framework/Versions/A/IOAccelerator
0x00007ff81e9fc000 	/System/Library/Frameworks/CoreVideo.framework/Versions/A/CoreVideo
0x00007ff82221b000 	/System/Library/Frameworks/MetalPerformanceShaders.framework/Versions/A/MetalPerformanceShaders
0x00007ff823668000 	/System/Library/Frameworks/VideoToolbox.framework/Versions/A/VideoToolbox
0x00007ff81d344000 	/System/Library/PrivateFrameworks/BaseBoard.framework/Versions/A/BaseBoard
0x00007ff81d0d5000 	/System/Library/PrivateFrameworks/ProtocolBuffer.framework/Versions/A/ProtocolBuffer
0x00007ff823cb8000 	/System/Library/PrivateFrameworks/GPUWrangler.framework/Versions/A/GPUWrangler
0x00007ff823c9b000 	/System/Library/PrivateFrameworks/IOPresentment.framework/Versions/A/IOPresentment
0x00007ff823cc2000 	/System/Library/PrivateFrameworks/DSExternalDisplay.framework/Versions/A/DSExternalDisplay
0x00007ffa2f06b000 	/System/Library/Frameworks/OpenGL.framework/Versions/A/Libraries/libCoreFSCache.dylib
0x00007ffb1b018000 	/System/Library/PrivateFrameworks/GPUCompiler.framework/Versions/31001/Libraries/libGPUCompilerUtils.dylib
0x00007ff823d2b000 	/System/Library/PrivateFrameworks/CMCaptureCore.framework/Versions/A/CMCaptureCore
0x00007ff82323c000 	/System/Library/PrivateFrameworks/AppServerSupport.framework/Versions/A/AppServerSupport
0x00007ff825406000 	/System/Library/PrivateFrameworks/perfdata.framework/Versions/A/perfdata
0x00007ff81814a000 	/System/Library/PrivateFrameworks/AudioToolboxCore.framework/Versions/A/AudioToolboxCore
0x00007ff81fc27000 	/System/Library/PrivateFrameworks/caulk.framework/Versions/A/caulk
0x00007ff824d33000 	/usr/lib/libAudioStatistics.dylib
0x00007ff91bec7000 	/System/Library/PrivateFrameworks/SystemPolicy.framework/Versions/A/SystemPolicy
0x00007ff824f7f000 	/usr/lib/libSMC.dylib
0x00007ff82dd6b000 	/System/Library/Frameworks/CoreMIDI.framework/Versions/A/CoreMIDI
0x00007ff823be9000 	/usr/lib/libAudioToolboxUtility.dylib
0x00007ff91834f000 	/System/Library/PrivateFrameworks/OSAServicesClient.framework/Versions/A/OSAServicesClient
0x00007ff825413000 	/usr/lib/libperfcheck.dylib
0x00007ff91c953000 	/usr/lib/libmis.dylib
0x00007ffa2f0c7000 	/System/Library/Frameworks/OpenGL.framework/Versions/A/Libraries/libGLU.dylib
0x00007ffa2f08a000 	/System/Library/Frameworks/OpenGL.framework/Versions/A/Libraries/libGFXShared.dylib
0x00007ffa2f298000 	/System/Library/Frameworks/OpenGL.framework/Versions/A/Libraries/libGL.dylib
0x00007ffa2f093000 	/System/Library/Frameworks/OpenGL.framework/Versions/A/Libraries/libGLImage.dylib
0x00007ffa2f087000 	/System/Library/Frameworks/OpenGL.framework/Versions/A/Libraries/libCVMSPluginSupport.dylib
0x00007ffa2f072000 	/System/Library/Frameworks/OpenGL.framework/Versions/A/Libraries/libCoreVMClient.dylib
0x00007ff820787000 	/System/Library/Frameworks/MetalPerformanceShaders.framework/Versions/A/Frameworks/MPSCore.framework/Versions/A/MPSCore
0x00007ff821bb7000 	/System/Library/Frameworks/MetalPerformanceShaders.framework/Versions/A/Frameworks/MPSImage.framework/Versions/A/MPSImage
0x00007ff82166e000 	/System/Library/Frameworks/MetalPerformanceShaders.framework/Versions/A/Frameworks/MPSNeuralNetwork.framework/Versions/A/MPSNeuralNetwork
0x00007ff821ae3000 	/System/Library/Frameworks/MetalPerformanceShaders.framework/Versions/A/Frameworks/MPSMatrix.framework/Versions/A/MPSMatrix
0x00007ff82189f000 	/System/Library/Frameworks/MetalPerformanceShaders.framework/Versions/A/Frameworks/MPSRayIntersector.framework/Versions/A/MPSRayIntersector
0x00007ff821b1c000 	/System/Library/Frameworks/MetalPerformanceShaders.framework/Versions/A/Frameworks/MPSNDArray.framework/Versions/A/MPSNDArray
0x00007ffa33c70000 	/System/Library/Frameworks/MetalPerformanceShaders.framework/Versions/A/Frameworks/MPSFunctions.framework/Versions/A/MPSFunctions
0x00007ff817524000 	/System/Library/PrivateFrameworks/MetalTools.framework/Versions/A/MetalTools
0x00007ff820801000 	/System/Library/PrivateFrameworks/AggregateDictionary.framework/Versions/A/AggregateDictionary
0x00007ff822a72000 	/usr/lib/libIOReport.dylib
0x00007ffa306a7000 	/System/Library/Frameworks/OpenCL.framework/Versions/A/OpenCL
0x00007ff822dd6000 	/System/Library/PrivateFrameworks/FaceCore.framework/Versions/A/FaceCore
0x00007ff822dc7000 	/System/Library/PrivateFrameworks/GraphVisualizer.framework/Versions/A/GraphVisualizer
0x00007ffb1af23000 	/System/Library/PrivateFrameworks/FontServices.framework/Versions/A/FontServices
0x00007ff8231f3000 	/System/Library/PrivateFrameworks/OTSVG.framework/Versions/A/OTSVG
0x00007ff81e5e4000 	/System/Library/Frameworks/ApplicationServices.framework/Versions/A/Frameworks/ATS.framework/Versions/A/Resources/libFontRegistry.dylib
0x00007ff823244000 	/System/Library/PrivateFrameworks/FontServices.framework/libhvf.dylib
0x00007ffb1af24000 	/System/Library/PrivateFrameworks/FontServices.framework/libXTFontStaticRegistryData.dylib
0x00007ff822c40000 	/System/Library/PrivateFrameworks/AppleVA.framework/Versions/A/AppleVA
0x00007ff824d53000 	/System/Library/Frameworks/ApplicationServices.framework/Versions/A/Frameworks/ATS.framework/Versions/A/ATS
0x00007ff81c7f2000 	/System/Library/Frameworks/ApplicationServices.framework/Versions/A/Frameworks/HIServices.framework/Versions/A/HIServices
0x00007ff823d35000 	/System/Library/Frameworks/ApplicationServices.framework/Versions/A/Frameworks/PrintCore.framework/Versions/A/PrintCore
0x00007ff8250d2000 	/System/Library/Frameworks/ApplicationServices.framework/Versions/A/Frameworks/QD.framework/Versions/A/QD
0x00007ff8250ca000 	/System/Library/Frameworks/ApplicationServices.framework/Versions/A/Frameworks/ColorSyncLegacy.framework/Versions/A/ColorSyncLegacy
0x00007ff824d43000 	/System/Library/Frameworks/ApplicationServices.framework/Versions/A/Frameworks/SpeechSynthesis.framework/Versions/A/SpeechSynthesis
0x00007ff823cf6000 	/System/Library/Frameworks/ApplicationServices.framework/Versions/A/Frameworks/ATSUI.framework/Versions/A/ATSUI
0x00007ff82505f000 	/usr/lib/libcups.2.dylib
0x00007ff825422000 	/System/Library/Frameworks/Kerberos.framework/Versions/A/Kerberos
0x00007ff825431000 	/System/Library/Frameworks/GSS.framework/Versions/A/GSS
0x00007ff824dbf000 	/usr/lib/libresolv.9.dylib
0x00007ff823253000 	/System/Library/PrivateFrameworks/Heimdal.framework/Versions/A/Heimdal
0x00007ff82bed5000 	/System/Library/Frameworks/Kerberos.framework/Versions/A/Libraries/libHeimdalProxy.dylib
0x00007ff81d4d1000 	/System/Library/Frameworks/Network.framework/Versions/A/Network
0x00007ff822caa000 	/usr/lib/libheimdal-asn1.dylib
0x00007ff82547c000 	/System/Library/PrivateFrameworks/CommonAuth.framework/Versions/A/CommonAuth
0x00007ff824cc4000 	/System/Library/PrivateFrameworks/AudioSession.framework/Versions/A/AudioSession
0x00007ff822d3a000 	/System/Library/PrivateFrameworks/MediaExperience.framework/Versions/A/MediaExperience
0x00007ff824b58000 	/System/Library/PrivateFrameworks/AudioSession.framework/libSessionUtility.dylib
0x00007ff8250de000 	/System/Library/PrivateFrameworks/AudioResourceArbitration.framework/Versions/A/AudioResourceArbitration
0x00007ff822cb3000 	/System/Library/PrivateFrameworks/IconFoundation.framework/Versions/A/IconFoundation
0x00007ff827eb8000 	/System/Library/PrivateFrameworks/SpeechRecognitionCore.framework/Versions/A/SpeechRecognitionCore
0x000000010e3f6000 	/Library/Internet Plug-Ins/JavaAppletPlugin.plugin/Contents/Home/lib/server/libjvm.dylib
0x000000010d643000 	/Library/Internet Plug-Ins/JavaAppletPlugin.plugin/Contents/Home/lib/libverify.dylib
0x000000010d69b000 	/Library/Internet Plug-Ins/JavaAppletPlugin.plugin/Contents/Home/lib/libjava.dylib
0x000000010d675000 	/Library/Internet Plug-Ins/JavaAppletPlugin.plugin/Contents/Home/lib/libzip.dylib
0x0000000147b1b000 	/Library/Internet Plug-Ins/JavaAppletPlugin.plugin/Contents/Home/lib/libnet.dylib
0x0000000148b28000 	/Library/Internet Plug-Ins/JavaAppletPlugin.plugin/Contents/Home/lib/libmanagement.dylib
0x0000000148bd0000 	/Library/Internet Plug-Ins/JavaAppletPlugin.plugin/Contents/Home/lib/libjaas_unix.dylib
0x0000000148e1f000 	/Library/Internet Plug-Ins/JavaAppletPlugin.plugin/Contents/Home/lib/libnio.dylib
0x000000014d1b7000 	/Library/Internet Plug-Ins/JavaAppletPlugin.plugin/Contents/Home/lib/libsunec.dylib
0x000000014e148000 	/private/var/folders/js/55sfdfs540x18qgjl1bqjg440000gn/T/liblz4-java-1785625538325362171.dylib
0x000000014b415000 	/Users/maksymtymchenko/.javacpp/cache/com.johnsnowlabs.nlp_tensorflow-cpu_2.12-0.3.3.jar/org/bytedeco/javacpp/macosx-x86_64/libjnijavacpp.dylib
0x0000000150a6e000 	/Users/maksymtymchenko/.javacpp/cache/com.johnsnowlabs.nlp_tensorflow-cpu_2.12-0.3.3.jar/org/tensorflow/internal/c_api/macosx-x86_64/libtensorflow_framework.2.dylib

VM Arguments:
jvm_args: -Xmx16G 
java_command: org.apache.spark.deploy.SparkSubmit --conf spark.master=local[*] --conf spark.driver.memory=16G --conf spark.kryoserializer.buffer.max=2000M --conf spark.driver.maxResultSize=0 --conf spark.jars.packages=com.johnsnowlabs.nlp:spark-nlp_2.12:3.4.1 --conf spark.serializer=org.apache.spark.serializer.KryoSerializer --conf spark.app.name=Spark NLP pyspark-shell
java_class_path (initial): /Users/maksymtymchenko/Desktop/group_project/python-package/myVirtualEnvironment/lib/python3.9/site-packages/pyspark/conf:/Users/maksymtymchenko/Desktop/group_project/python-package/myVirtualEnvironment/lib/python3.9/site-packages/pyspark/jars/dropwizard-metrics-hadoop-metrics2-reporter-0.1.2.jar:/Users/maksymtymchenko/Desktop/group_project/python-package/myVirtualEnvironment/lib/python3.9/site-packages/pyspark/jars/spark-catalyst_2.12-3.1.2.jar:/Users/maksymtymchenko/Desktop/group_project/python-package/myVirtualEnvironment/lib/python3.9/site-packages/pyspark/jars/logging-interceptor-3.12.12.jar:/Users/maksymtymchenko/Desktop/group_project/python-package/myVirtualEnvironment/lib/python3.9/site-packages/pyspark/jars/jakarta.xml.bind-api-2.3.2.jar:/Users/maksymtymchenko/Desktop/group_project/python-package/myVirtualEnvironment/lib/python3.9/site-packages/pyspark/jars/machinist_2.12-0.6.8.jar:/Users/maksymtymchenko/Desktop/group_project/python-package/myVirtualEnvironment/lib/python3.9/site-packages/pyspark/jars/jackson-jaxrs-base-2.9.5.jar:/Users/maksymtymchenko/Desktop/group_project/python-package/myVirtualEnvironment/lib/python3.9/site-packages/pyspark/jars/kubernetes-model-discovery-4.12.0.jar:/Users/maksymtymchenko/Desktop/group_project/python-package/myVirtualEnvironment/lib/python3.9/site-packages/pyspark/jars/json4s-jackson_2.12-3.7.0-M5.jar:/Users/maksymtymchenko/Desktop/group_project/python-package/myVirtualEnvironment/lib/python3.9/site-packages/pyspark/jars/jaxb-runtime-2.3.2.jar:/Users/maksymtymchenko/Desktop/group_project/python-package/myVirtualEnvironment/lib/python3.9/site-packages/pyspark/jars/minlog-1.3.0.jar:/Users/maksymtymchenko/Desktop/group_project/python-package/myVirtualEnvironment/lib/python3.9/site-packages/pyspark/jars/xz-1.5.jar:/Users/maksymtymchenko/Desktop/group_project/python-package/myVirtualEnvironment/lib/python3.9/site-packages/pyspark/jars/hive-shims-scheduler-2.3.7.jar:/Users/maksymtymchenko/Desktop/
Launcher Type: SUN_STANDARD

Environment Variables:
PATH=/Users/maksymtymchenko/Desktop/group_project/python-package/myVirtualEnvironment/bin:/opt/homebrew/bin:/opt/homebrew/sbin:/usr/local/bin:/usr/bin:/bin:/usr/sbin:/sbin:/Users/maksymtymchenko/opt/anaconda3/condabin:/opt/homebrew/bin:/opt/homebrew/sbin:/Users/maksymtymchenko/.fzf/bin
SHELL=/bin/zsh

Signal Handlers:
SIGSEGV: [libjvm.dylib+0x59cd83], sa_mask[0]=11111111111111111111111111111111, sa_flags=SA_ONSTACK|SA_RESTART|SA_SIGINFO
SIGBUS: [libjvm.dylib+0x59cd83], sa_mask[0]=11111111111111111111111111111111, sa_flags=SA_RESTART|SA_SIGINFO
SIGFPE: [libjvm.dylib+0x59cd83], sa_mask[0]=11111111111111111111111111111111, sa_flags=SA_RESTART|SA_SIGINFO
SIGPIPE: [libjvm.dylib+0x4905a7], sa_mask[0]=11111111111111111111111111111111, sa_flags=SA_RESTART|SA_SIGINFO
SIGXFSZ: [libjvm.dylib+0x4905a7], sa_mask[0]=11111111111111111111111111111111, sa_flags=SA_RESTART|SA_SIGINFO
SIGILL: [libjvm.dylib+0x59cd83], sa_mask[0]=11111111111111111111111111111111, sa_flags=SA_RESTART|SA_SIGINFO
SIGUSR1: SIG_DFL, sa_mask[0]=00000000000000000000000000000000, sa_flags=SA_RESTART
SIGUSR2: [libjvm.dylib+0x490ea2], sa_mask[0]=00000000000000000000000000000000, sa_flags=SA_RESTART|SA_SIGINFO
SIGHUP: [libjvm.dylib+0x48f0e7], sa_mask[0]=11111111111111111111111111111111, sa_flags=SA_RESTART|SA_SIGINFO
SIGINT: SIG_IGN, sa_mask[0]=00000000000000000000000000000000, sa_flags=none
SIGTERM: [libjvm.dylib+0x48f0e7], sa_mask[0]=11111111111111111111111111111111, sa_flags=SA_RESTART|SA_SIGINFO
SIGQUIT: [libjvm.dylib+0x48f0e7], sa_mask[0]=11111111111111111111111111111111, sa_flags=SA_RESTART|SA_SIGINFO


---------------  S Y S T E M  ---------------

OS:Bsduname:Darwin 21.1.0 Darwin Kernel Version 21.1.0: Wed Oct 13 17:33:24 PDT 2021; root:xnu-8019.41.5~1/RELEASE_ARM64_T8101 x86_64
rlimit: STACK 8176k, CORE 0k, NPROC 1333, NOFILE 10240, AS infinity
load average:3.08 2.86 2.45

CPU:total 8 (initial active 8) (1 cores per cpu, 1 threads per core) family 6 model 44 stepping 0, cmov, cx8, fxsr, mmx, sse, sse2, sse3, ssse3, sse4.1, sse4.2, popcnt, aes, clmul, tsc, tscinvbit, tscinv

Memory: 4k page, physical 8388608k(128188k free)

/proc/meminfo:


vm_info: Java HotSpot(TM) 64-Bit Server VM (25.321-b07) for bsd-amd64 JRE (1.8.0_321-b07), built on Dec 15 2021 19:12:29 by "java_re" with gcc 4.2.1 Compatible Apple LLVM 11.0.0 (clang-1100.0.33.17)

time: Mon Apr  4 13:18:42 2022
timezone: CEST
elapsed time: 25.290733 seconds (0d 0h 0m 25s)

