#
# A fatal error has been detected by the Java Runtime Environment:
#
#  SIGILL (0x4) at pc=0x000000014fd0dc15, pid=96235, tid=0x000000000000959f
#
# JRE version: Java(TM) SE Runtime Environment (8.0_321-b07) (build 1.8.0_321-b07)
# Java VM: Java HotSpot(TM) 64-Bit Server VM (25.321-b07 mixed mode bsd-amd64 compressed oops)
# Problematic frame:
# C  [libtensorflow_framework.2.dylib+0x14c15]  _ZN10tensorflow10monitoring9MetricDefILNS0_10MetricKindE1ExLi2EEC2IJA11_cA7_cEEEN4absl14lts_2020_02_2511string_viewES9_DpRKT_+0x125
#
# Failed to write core dump. Core dumps have been disabled. To enable core dumping, try "ulimit -c unlimited" before starting Java again
#
# If you would like to submit a bug report, please visit:
#   http://bugreport.java.com/bugreport/crash.jsp
# The crash happened outside the Java Virtual Machine in native code.
# See problematic frame for where to report the bug.
#

---------------  T H R E A D  ---------------

Current thread (0x00007f9b24d7e800):  JavaThread "Thread-4" [_thread_in_native, id=38303, stack(0x000000030dcdd000,0x000000030dddd000)]

siginfo: si_signo: 4 (SIGILL), si_code: 1 (ILL_ILLOPC), si_addr: 0x000000014fd0dc15

Registers:
RAX=0x000000030ddd7af9, RBX=0x000000030ddd7b60, RCX=0x000000030ddd7aff, RDX=0x0000000000000000
RSP=0x000000030ddd7a80, RBP=0x000000030ddd7b40, RSI=0x0000000150e3096e, RDI=0x000000030ddd7af9
R8 =0x0000000000000073, R9 =0x0000000150e3095d, R10=0x000000014fcf9000, R11=0x000000020437d07e
R12=0x0000000000000006, R13=0x000000030ddd7af8, R14=0x0000000150e30968, R15=0x000000030ddd7af9
RIP=0x000000014fd0dc15, EFLAGS=0x0000000000000246, ERR=0x0000000000000000
  TRAPNO=0x0000000000000006

Top of Stack: (sp=0x000000030ddd7a80)
0x000000030ddd7a80:   00007ff800000000 0000000000000088
0x000000030ddd7a90:   0000000000000088 0000000150e30923
0x000000030ddd7aa0:   0000000000000039 000000000000002d
0x000000030ddd7ab0:   0000000150e308f5 000000030ddd7b60
0x000000030ddd7ac0:   00007ff8187d252e 0000000000000088
0x000000030ddd7ad0:   0000000000000001 00007ff85a174000
0x000000030ddd7ae0:   705f6c65646f6d14 00007ff800687461
0x000000030ddd7af0:   000000010c666060 007375746174730c
0x000000030ddd7b00:   0000000150e30968 0000000150e30923
0x000000030ddd7b10:   7f4108a7f4340015 0000000150e308f5
0x000000030ddd7b20:   0000000150e30968 0000000150e30923
0x000000030ddd7b30:   00006000003f57a0 000000000000002d
0x000000030ddd7b40:   000000030ddd7be0 000000014fd06fbb
0x000000030ddd7b50:   0000000150e30968 00007ff8586c23e8
0x000000030ddd7b60:   00007ff8586c2468 00007ff8586c24a8
0x000000030ddd7b70:   00007ff8586c24e8 00007ff8586c2540
0x000000030ddd7b80:   00007ff8586c2580 00007ff8586c2428
0x000000030ddd7b90:   00007ff8586c2618 00007ff8586c2328
0x000000030ddd7ba0:   00007ff8586c22d8 00007ff8586c27e8
0x000000030ddd7bb0:   0000000150e3095d 0000000150e3095d
0x000000030ddd7bc0:   000000030ddd8160 000000014fcf9470
0x000000030ddd7bd0:   000000014fd11b50 000000010c666060
0x000000030ddd7be0:   000000030ddd7c70 000000014fd11b81
0x000000030ddd7bf0:   000000030ddd7c40 00000002043435a4
0x000000030ddd7c00:   00007ff8586c30d0 00007ff8586bdf00
0x000000030ddd7c10:   0000000000000000 000000030ddd7c80
0x000000030ddd7c20:   000000030ddd8160 000000030ddd7c80
0x000000030ddd7c30:   000000030ddd8160 000000014fcf9470
0x000000030ddd7c40:   000000014fd11b50 000000010c666060
0x000000030ddd7c50:   000000030ddd7c70 000000030ddd7c80
0x000000030ddd7c60:   000000014fd11b50 000000010c666060
0x000000030ddd7c70:   000000030ddd7d10 0000000204356b49 

Instructions: (pc=0x000000014fd0dc15)
0x000000014fd0dbf5:   c8 48 83 cb 01 48 89 5d b8 4c 89 65 c0 4c 89 ff
0x000000014fd0dc05:   4c 89 f6 4c 89 e2 e8 70 db f7 00 43 c6 04 27 00
0x000000014fd0dc15:   c5 f8 57 c0 c5 f8 29 45 80 48 c7 45 90 00 00 00
0x000000014fd0dc25:   00 bf 30 00 00 00 e8 5c d8 f7 00 48 89 c3 48 89 

Register to memory mapping:

RAX=0x000000030ddd7af9 is pointing into the stack for thread: 0x00007f9b24d7e800
RBX=0x000000030ddd7b60 is pointing into the stack for thread: 0x00007f9b24d7e800
RCX=0x000000030ddd7aff is pointing into the stack for thread: 0x00007f9b24d7e800
RDX=0x0000000000000000 is an unknown value
RSP=0x000000030ddd7a80 is pointing into the stack for thread: 0x00007f9b24d7e800
RBP=0x000000030ddd7b40 is pointing into the stack for thread: 0x00007f9b24d7e800
RSI=0x0000000150e3096e: <offset 0x113796e> in /Users/maksymtymchenko/.javacpp/cache/com.johnsnowlabs.nlp_tensorflow-cpu_2.12-0.3.3.jar/org/tensorflow/internal/c_api/macosx-x86_64/libtensorflow_framework.2.dylib at 0x000000014fcf9000
RDI=0x000000030ddd7af9 is pointing into the stack for thread: 0x00007f9b24d7e800
R8 =0x0000000000000073 is an unknown value
R9 =0x0000000150e3095d: <offset 0x113795d> in /Users/maksymtymchenko/.javacpp/cache/com.johnsnowlabs.nlp_tensorflow-cpu_2.12-0.3.3.jar/org/tensorflow/internal/c_api/macosx-x86_64/libtensorflow_framework.2.dylib at 0x000000014fcf9000
R10=0x000000014fcf9000: __dso_handle+0 in /Users/maksymtymchenko/.javacpp/cache/com.johnsnowlabs.nlp_tensorflow-cpu_2.12-0.3.3.jar/org/tensorflow/internal/c_api/macosx-x86_64/libtensorflow_framework.2.dylib at 0x000000014fcf9000
R11=0x000000020437d07e is an unknown value
R12=0x0000000000000006 is an unknown value
R13=0x000000030ddd7af8 is pointing into the stack for thread: 0x00007f9b24d7e800
R14=0x0000000150e30968: <offset 0x1137968> in /Users/maksymtymchenko/.javacpp/cache/com.johnsnowlabs.nlp_tensorflow-cpu_2.12-0.3.3.jar/org/tensorflow/internal/c_api/macosx-x86_64/libtensorflow_framework.2.dylib at 0x000000014fcf9000
R15=0x000000030ddd7af9 is pointing into the stack for thread: 0x00007f9b24d7e800


Stack: [0x000000030dcdd000,0x000000030dddd000],  sp=0x000000030ddd7a80,  free space=1002k
Native frames: (J=compiled Java code, j=interpreted, Vv=VM code, C=native code)
C  [libtensorflow_framework.2.dylib+0x14c15]  _ZN10tensorflow10monitoring9MetricDefILNS0_10MetricKindE1ExLi2EEC2IJA11_cA7_cEEEN4absl14lts_2020_02_2511string_viewES9_DpRKT_+0x125
C  [libtensorflow_framework.2.dylib+0xdfbb]  _ZN10tensorflow10monitoring7CounterILi2EE3NewIJRA46_KcRA58_S4_RA11_S4_RA7_S4_EEEPS2_DpOT_+0x5b
C  [libtensorflow_framework.2.dylib+0x18b81]  _GLOBAL__sub_I_loader.cc+0x31
C  0x0000000204356b49
C  0x000000020437d0ff
C  0x0000000204374893
C  0x0000000204343d91
C  0x000000020437461b
C  0x000000020437cb30
C  0x000000020437cda2
C  0x0000000204356a7c
C  0x0000000204356c08
C  0x0000000204356cac
C  0x00000002043659b5
V  [libjvm.dylib+0x48ebc0]
V  [libjvm.dylib+0x3473b8]
C  [libjava.dylib+0x1853]  Java_java_lang_ClassLoader_00024NativeLibrary_load+0x6a
j  java.lang.ClassLoader$NativeLibrary.load(Ljava/lang/String;Z)V+0
j  java.lang.ClassLoader.loadLibrary0(Ljava/lang/Class;Ljava/io/File;)Z+328
j  java.lang.ClassLoader.loadLibrary(Ljava/lang/Class;Ljava/lang/String;Z)V+48
j  java.lang.Runtime.load0(Ljava/lang/Class;Ljava/lang/String;)V+57
j  java.lang.System.load(Ljava/lang/String;)V+7
j  org.bytedeco.javacpp.Loader.loadLibrary(Ljava/lang/Class;[Ljava/net/URL;Ljava/lang/String;[Ljava/lang/String;)Ljava/lang/String;+922
j  org.bytedeco.javacpp.Loader.load(Ljava/lang/Class;Ljava/util/Properties;Z)Ljava/lang/String;+561
j  org.bytedeco.javacpp.Loader.load()Ljava/lang/String;+10
j  org.tensorflow.internal.c_api.global.tensorflow.<clinit>()V+0
v  ~StubRoutines::call_stub
V  [libjvm.dylib+0x2d6e8b]
V  [libjvm.dylib+0x29ffe9]
V  [libjvm.dylib+0x29ed73]
V  [libjvm.dylib+0x29e8f0]
V  [libjvm.dylib+0x337d62]
V  [libjvm.dylib+0x337f8b]
C  [libjava.dylib+0x122f]  Java_java_lang_Class_forName0+0x12a
J 3126  java.lang.Class.forName0(Ljava/lang/String;ZLjava/lang/ClassLoader;Ljava/lang/Class;)Ljava/lang/Class; (0 bytes) @ 0x000000010feb4db4 [0x000000010feb4cc0+0xf4]
J 9020 C2 java.lang.Class.forName(Ljava/lang/String;ZLjava/lang/ClassLoader;)Ljava/lang/Class; (53 bytes) @ 0x0000000110a19488 [0x0000000110a19460+0x28]
j  org.bytedeco.javacpp.Loader.load(Ljava/lang/Class;Ljava/util/Properties;Z)Ljava/lang/String;+268
j  org.bytedeco.javacpp.Loader.load(Ljava/lang/Class;)Ljava/lang/String;+7
j  org.tensorflow.NativeLibrary.load()V+2
j  org.tensorflow.TensorFlow.init()V+0
j  org.tensorflow.TensorFlow.<clinit>()V+0
v  ~StubRoutines::call_stub
V  [libjvm.dylib+0x2d6e8b]
V  [libjvm.dylib+0x29ffe9]
V  [libjvm.dylib+0x29ed73]
V  [libjvm.dylib+0x29e8f0]
V  [libjvm.dylib+0x3d0c43]
V  [libjvm.dylib+0x3d402b]
V  [libjvm.dylib+0x3d3d51]
V  [libjvm.dylib+0x2d0114]
j  org.tensorflow.Graph.<clinit>()V+0
v  ~StubRoutines::call_stub
V  [libjvm.dylib+0x2d6e8b]
V  [libjvm.dylib+0x29ffe9]
V  [libjvm.dylib+0x29ed73]
V  [libjvm.dylib+0x29e8f0]
V  [libjvm.dylib+0x2ce4ca]
j  com.johnsnowlabs.ml.tensorflow.TensorflowWrapper$.readGraph(Ljava/lang/String;)Lorg/tensorflow/Graph;+12
j  com.johnsnowlabs.ml.tensorflow.TensorflowWrapper$.unpackWithoutBundle(Ljava/lang/String;)Lscala/Tuple4;+19
j  com.johnsnowlabs.ml.tensorflow.TensorflowWrapper$.read(Ljava/lang/String;ZZ[Ljava/lang/String;ZLscala/Option;)Lscala/Tuple2;+329
j  com.johnsnowlabs.ml.tensorflow.ReadTensorflowModel.readTensorflowModel(Ljava/lang/String;Lorg/apache/spark/sql/SparkSession;Ljava/lang/String;ZZ[Ljava/lang/String;ZLscala/Option;)Lcom/johnsnowlabs/ml/tensorflow/TensorflowWrapper;+197
j  com.johnsnowlabs.ml.tensorflow.ReadTensorflowModel.readTensorflowModel$(Lcom/johnsnowlabs/ml/tensorflow/ReadTensorflowModel;Ljava/lang/String;Lorg/apache/spark/sql/SparkSession;Ljava/lang/String;ZZ[Ljava/lang/String;ZLscala/Option;)Lcom/johnsnowlabs/ml/tensorflow/TensorflowWrapper;+14
j  com.johnsnowlabs.nlp.embeddings.BertEmbeddings$.readTensorflowModel(Ljava/lang/String;Lorg/apache/spark/sql/SparkSession;Ljava/lang/String;ZZ[Ljava/lang/String;ZLscala/Option;)Lcom/johnsnowlabs/ml/tensorflow/TensorflowWrapper;+14
j  com.johnsnowlabs.nlp.embeddings.ReadBertTensorflowModel.readTensorflow(Lcom/johnsnowlabs/nlp/embeddings/BertEmbeddings;Ljava/lang/String;Lorg/apache/spark/sql/SparkSession;)V+62
j  com.johnsnowlabs.nlp.embeddings.ReadBertTensorflowModel.readTensorflow$(Lcom/johnsnowlabs/nlp/embeddings/ReadBertTensorflowModel;Lcom/johnsnowlabs/nlp/embeddings/BertEmbeddings;Ljava/lang/String;Lorg/apache/spark/sql/SparkSession;)V+4
j  com.johnsnowlabs.nlp.embeddings.BertEmbeddings$.readTensorflow(Lcom/johnsnowlabs/nlp/embeddings/BertEmbeddings;Ljava/lang/String;Lorg/apache/spark/sql/SparkSession;)V+4
j  com.johnsnowlabs.nlp.embeddings.ReadBertTensorflowModel.$anonfun$$init$$1(Lcom/johnsnowlabs/nlp/embeddings/ReadBertTensorflowModel;Lcom/johnsnowlabs/nlp/embeddings/BertEmbeddings;Ljava/lang/String;Lorg/apache/spark/sql/SparkSession;)V+4
j  com.johnsnowlabs.nlp.embeddings.ReadBertTensorflowModel.$anonfun$$init$$1$adapted(Lcom/johnsnowlabs/nlp/embeddings/ReadBertTensorflowModel;Lcom/johnsnowlabs/nlp/embeddings/BertEmbeddings;Ljava/lang/String;Lorg/apache/spark/sql/SparkSession;)Ljava/lang/Object;+4
j  com.johnsnowlabs.nlp.embeddings.ReadBertTensorflowModel$$Lambda$890.apply(Ljava/lang/Object;Ljava/lang/Object;Ljava/lang/Object;)Ljava/lang/Object;+16
j  com.johnsnowlabs.nlp.ParamsAndFeaturesReadable.$anonfun$onRead$1(Lcom/johnsnowlabs/nlp/HasFeatures;Ljava/lang/String;Lorg/apache/spark/sql/SparkSession;Lscala/Function3;)V+4
j  com.johnsnowlabs.nlp.ParamsAndFeaturesReadable.$anonfun$onRead$1$adapted(Lcom/johnsnowlabs/nlp/HasFeatures;Ljava/lang/String;Lorg/apache/spark/sql/SparkSession;Lscala/Function3;)Ljava/lang/Object;+4
j  com.johnsnowlabs.nlp.ParamsAndFeaturesReadable$$Lambda$1955.apply(Ljava/lang/Object;)Ljava/lang/Object;+16
J 8561 C2 scala.collection.mutable.ArrayBuffer.foreach(Lscala/Function1;)V (6 bytes) @ 0x0000000110915ba8 [0x0000000110915b20+0x88]
j  com.johnsnowlabs.nlp.ParamsAndFeaturesReadable.onRead(Lcom/johnsnowlabs/nlp/HasFeatures;Ljava/lang/String;Lorg/apache/spark/sql/SparkSession;)V+14
j  com.johnsnowlabs.nlp.ParamsAndFeaturesReadable.$anonfun$read$1(Lcom/johnsnowlabs/nlp/ParamsAndFeaturesReadable;Lcom/johnsnowlabs/nlp/HasFeatures;Ljava/lang/String;Lorg/apache/spark/sql/SparkSession;)V+4
j  com.johnsnowlabs.nlp.ParamsAndFeaturesReadable.$anonfun$read$1$adapted(Lcom/johnsnowlabs/nlp/ParamsAndFeaturesReadable;Lcom/johnsnowlabs/nlp/HasFeatures;Ljava/lang/String;Lorg/apache/spark/sql/SparkSession;)Ljava/lang/Object;+4
j  com.johnsnowlabs.nlp.ParamsAndFeaturesReadable$$Lambda$1318.apply(Ljava/lang/Object;Ljava/lang/Object;Ljava/lang/Object;)Ljava/lang/Object;+16
j  com.johnsnowlabs.nlp.FeaturesReader.load(Ljava/lang/String;)Lcom/johnsnowlabs/nlp/HasFeatures;+38
j  com.johnsnowlabs.nlp.FeaturesReader.load(Ljava/lang/String;)Ljava/lang/Object;+2
j  com.johnsnowlabs.nlp.pretrained.ResourceDownloader$.downloadModel(Lorg/apache/spark/ml/util/DefaultParamsReadable;Lcom/johnsnowlabs/nlp/pretrained/ResourceRequest;)Lorg/apache/spark/ml/PipelineStage;+26
j  com.johnsnowlabs.nlp.pretrained.ResourceDownloader$.downloadModel(Lorg/apache/spark/ml/util/DefaultParamsReadable;Ljava/lang/String;Lscala/Option;Ljava/lang/String;)Lorg/apache/spark/ml/PipelineStage;+25
j  com.johnsnowlabs.nlp.pretrained.PythonResourceDownloader$.downloadModel(Ljava/lang/String;Ljava/lang/String;Ljava/lang/String;Ljava/lang/String;)Lorg/apache/spark/ml/PipelineStage;+57
j  com.johnsnowlabs.nlp.pretrained.PythonResourceDownloader.downloadModel(Ljava/lang/String;Ljava/lang/String;Ljava/lang/String;Ljava/lang/String;)Lorg/apache/spark/ml/PipelineStage;+7
v  ~StubRoutines::call_stub
V  [libjvm.dylib+0x2d6e8b]
V  [libjvm.dylib+0x4d8668]
V  [libjvm.dylib+0x4d9200]
V  [libjvm.dylib+0x347a4a]
J 4826  sun.reflect.NativeMethodAccessorImpl.invoke0(Ljava/lang/reflect/Method;Ljava/lang/Object;[Ljava/lang/Object;)Ljava/lang/Object; (0 bytes) @ 0x00000001100e066d [0x00000001100e0580+0xed]
J 4749 C1 sun.reflect.NativeMethodAccessorImpl.invoke(Ljava/lang/Object;[Ljava/lang/Object;)Ljava/lang/Object; (104 bytes) @ 0x00000001100b37dc [0x00000001100b2600+0x11dc]
J 4747 C1 sun.reflect.DelegatingMethodAccessorImpl.invoke(Ljava/lang/Object;[Ljava/lang/Object;)Ljava/lang/Object; (10 bytes) @ 0x00000001100af7cc [0x00000001100af6c0+0x10c]
J 4746 C1 java.lang.reflect.Method.invoke(Ljava/lang/Object;[Ljava/lang/Object;)Ljava/lang/Object; (62 bytes) @ 0x00000001100b491c [0x00000001100b4520+0x3fc]
j  py4j.reflection.MethodInvoker.invoke(Ljava/lang/Object;[Ljava/lang/Object;)Ljava/lang/Object;+91
j  py4j.reflection.ReflectionEngine.invoke(Ljava/lang/Object;Lpy4j/reflection/MethodInvoker;[Ljava/lang/Object;)Ljava/lang/Object;+6
j  py4j.Gateway.invoke(Ljava/lang/String;Ljava/lang/String;Ljava/util/List;)Lpy4j/ReturnObject;+151
j  py4j.commands.AbstractCommand.invokeMethod(Ljava/lang/String;Ljava/lang/String;Ljava/util/List;)Lpy4j/ReturnObject;+10
j  py4j.commands.CallCommand.execute(Ljava/lang/String;Ljava/io/BufferedReader;Ljava/io/BufferedWriter;)V+26
j  py4j.GatewayConnection.run()V+126
j  java.lang.Thread.run()V+11
v  ~StubRoutines::call_stub
...<more frames>...

Java frames: (J=compiled Java code, j=interpreted, Vv=VM code)
j  java.lang.ClassLoader$NativeLibrary.load(Ljava/lang/String;Z)V+0
j  java.lang.ClassLoader.loadLibrary0(Ljava/lang/Class;Ljava/io/File;)Z+328
j  java.lang.ClassLoader.loadLibrary(Ljava/lang/Class;Ljava/lang/String;Z)V+48
j  java.lang.Runtime.load0(Ljava/lang/Class;Ljava/lang/String;)V+57
j  java.lang.System.load(Ljava/lang/String;)V+7
j  org.bytedeco.javacpp.Loader.loadLibrary(Ljava/lang/Class;[Ljava/net/URL;Ljava/lang/String;[Ljava/lang/String;)Ljava/lang/String;+922
j  org.bytedeco.javacpp.Loader.load(Ljava/lang/Class;Ljava/util/Properties;Z)Ljava/lang/String;+561
j  org.bytedeco.javacpp.Loader.load()Ljava/lang/String;+10
j  org.tensorflow.internal.c_api.global.tensorflow.<clinit>()V+0
v  ~StubRoutines::call_stub
J 3126  java.lang.Class.forName0(Ljava/lang/String;ZLjava/lang/ClassLoader;Ljava/lang/Class;)Ljava/lang/Class; (0 bytes) @ 0x000000010feb4d3a [0x000000010feb4cc0+0x7a]
J 9020 C2 java.lang.Class.forName(Ljava/lang/String;ZLjava/lang/ClassLoader;)Ljava/lang/Class; (53 bytes) @ 0x0000000110a19488 [0x0000000110a19460+0x28]
j  org.bytedeco.javacpp.Loader.load(Ljava/lang/Class;Ljava/util/Properties;Z)Ljava/lang/String;+268
j  org.bytedeco.javacpp.Loader.load(Ljava/lang/Class;)Ljava/lang/String;+7
j  org.tensorflow.NativeLibrary.load()V+2
j  org.tensorflow.TensorFlow.init()V+0
j  org.tensorflow.TensorFlow.<clinit>()V+0
v  ~StubRoutines::call_stub
j  org.tensorflow.Graph.<clinit>()V+0
v  ~StubRoutines::call_stub
j  com.johnsnowlabs.ml.tensorflow.TensorflowWrapper$.readGraph(Ljava/lang/String;)Lorg/tensorflow/Graph;+12
j  com.johnsnowlabs.ml.tensorflow.TensorflowWrapper$.unpackWithoutBundle(Ljava/lang/String;)Lscala/Tuple4;+19
j  com.johnsnowlabs.ml.tensorflow.TensorflowWrapper$.read(Ljava/lang/String;ZZ[Ljava/lang/String;ZLscala/Option;)Lscala/Tuple2;+329
j  com.johnsnowlabs.ml.tensorflow.ReadTensorflowModel.readTensorflowModel(Ljava/lang/String;Lorg/apache/spark/sql/SparkSession;Ljava/lang/String;ZZ[Ljava/lang/String;ZLscala/Option;)Lcom/johnsnowlabs/ml/tensorflow/TensorflowWrapper;+197
j  com.johnsnowlabs.ml.tensorflow.ReadTensorflowModel.readTensorflowModel$(Lcom/johnsnowlabs/ml/tensorflow/ReadTensorflowModel;Ljava/lang/String;Lorg/apache/spark/sql/SparkSession;Ljava/lang/String;ZZ[Ljava/lang/String;ZLscala/Option;)Lcom/johnsnowlabs/ml/tensorflow/TensorflowWrapper;+14
j  com.johnsnowlabs.nlp.embeddings.BertEmbeddings$.readTensorflowModel(Ljava/lang/String;Lorg/apache/spark/sql/SparkSession;Ljava/lang/String;ZZ[Ljava/lang/String;ZLscala/Option;)Lcom/johnsnowlabs/ml/tensorflow/TensorflowWrapper;+14
j  com.johnsnowlabs.nlp.embeddings.ReadBertTensorflowModel.readTensorflow(Lcom/johnsnowlabs/nlp/embeddings/BertEmbeddings;Ljava/lang/String;Lorg/apache/spark/sql/SparkSession;)V+62
j  com.johnsnowlabs.nlp.embeddings.ReadBertTensorflowModel.readTensorflow$(Lcom/johnsnowlabs/nlp/embeddings/ReadBertTensorflowModel;Lcom/johnsnowlabs/nlp/embeddings/BertEmbeddings;Ljava/lang/String;Lorg/apache/spark/sql/SparkSession;)V+4
j  com.johnsnowlabs.nlp.embeddings.BertEmbeddings$.readTensorflow(Lcom/johnsnowlabs/nlp/embeddings/BertEmbeddings;Ljava/lang/String;Lorg/apache/spark/sql/SparkSession;)V+4
j  com.johnsnowlabs.nlp.embeddings.ReadBertTensorflowModel.$anonfun$$init$$1(Lcom/johnsnowlabs/nlp/embeddings/ReadBertTensorflowModel;Lcom/johnsnowlabs/nlp/embeddings/BertEmbeddings;Ljava/lang/String;Lorg/apache/spark/sql/SparkSession;)V+4
j  com.johnsnowlabs.nlp.embeddings.ReadBertTensorflowModel.$anonfun$$init$$1$adapted(Lcom/johnsnowlabs/nlp/embeddings/ReadBertTensorflowModel;Lcom/johnsnowlabs/nlp/embeddings/BertEmbeddings;Ljava/lang/String;Lorg/apache/spark/sql/SparkSession;)Ljava/lang/Object;+4
j  com.johnsnowlabs.nlp.embeddings.ReadBertTensorflowModel$$Lambda$890.apply(Ljava/lang/Object;Ljava/lang/Object;Ljava/lang/Object;)Ljava/lang/Object;+16
j  com.johnsnowlabs.nlp.ParamsAndFeaturesReadable.$anonfun$onRead$1(Lcom/johnsnowlabs/nlp/HasFeatures;Ljava/lang/String;Lorg/apache/spark/sql/SparkSession;Lscala/Function3;)V+4
j  com.johnsnowlabs.nlp.ParamsAndFeaturesReadable.$anonfun$onRead$1$adapted(Lcom/johnsnowlabs/nlp/HasFeatures;Ljava/lang/String;Lorg/apache/spark/sql/SparkSession;Lscala/Function3;)Ljava/lang/Object;+4
j  com.johnsnowlabs.nlp.ParamsAndFeaturesReadable$$Lambda$1955.apply(Ljava/lang/Object;)Ljava/lang/Object;+16
J 8561 C2 scala.collection.mutable.ArrayBuffer.foreach(Lscala/Function1;)V (6 bytes) @ 0x0000000110915ba8 [0x0000000110915b20+0x88]
j  com.johnsnowlabs.nlp.ParamsAndFeaturesReadable.onRead(Lcom/johnsnowlabs/nlp/HasFeatures;Ljava/lang/String;Lorg/apache/spark/sql/SparkSession;)V+14
j  com.johnsnowlabs.nlp.ParamsAndFeaturesReadable.$anonfun$read$1(Lcom/johnsnowlabs/nlp/ParamsAndFeaturesReadable;Lcom/johnsnowlabs/nlp/HasFeatures;Ljava/lang/String;Lorg/apache/spark/sql/SparkSession;)V+4
j  com.johnsnowlabs.nlp.ParamsAndFeaturesReadable.$anonfun$read$1$adapted(Lcom/johnsnowlabs/nlp/ParamsAndFeaturesReadable;Lcom/johnsnowlabs/nlp/HasFeatures;Ljava/lang/String;Lorg/apache/spark/sql/SparkSession;)Ljava/lang/Object;+4
j  com.johnsnowlabs.nlp.ParamsAndFeaturesReadable$$Lambda$1318.apply(Ljava/lang/Object;Ljava/lang/Object;Ljava/lang/Object;)Ljava/lang/Object;+16
j  com.johnsnowlabs.nlp.FeaturesReader.load(Ljava/lang/String;)Lcom/johnsnowlabs/nlp/HasFeatures;+38
j  com.johnsnowlabs.nlp.FeaturesReader.load(Ljava/lang/String;)Ljava/lang/Object;+2
j  com.johnsnowlabs.nlp.pretrained.ResourceDownloader$.downloadModel(Lorg/apache/spark/ml/util/DefaultParamsReadable;Lcom/johnsnowlabs/nlp/pretrained/ResourceRequest;)Lorg/apache/spark/ml/PipelineStage;+26
j  com.johnsnowlabs.nlp.pretrained.ResourceDownloader$.downloadModel(Lorg/apache/spark/ml/util/DefaultParamsReadable;Ljava/lang/String;Lscala/Option;Ljava/lang/String;)Lorg/apache/spark/ml/PipelineStage;+25
j  com.johnsnowlabs.nlp.pretrained.PythonResourceDownloader$.downloadModel(Ljava/lang/String;Ljava/lang/String;Ljava/lang/String;Ljava/lang/String;)Lorg/apache/spark/ml/PipelineStage;+57
j  com.johnsnowlabs.nlp.pretrained.PythonResourceDownloader.downloadModel(Ljava/lang/String;Ljava/lang/String;Ljava/lang/String;Ljava/lang/String;)Lorg/apache/spark/ml/PipelineStage;+7
v  ~StubRoutines::call_stub
J 4826  sun.reflect.NativeMethodAccessorImpl.invoke0(Ljava/lang/reflect/Method;Ljava/lang/Object;[Ljava/lang/Object;)Ljava/lang/Object; (0 bytes) @ 0x00000001100e05f7 [0x00000001100e0580+0x77]
J 4749 C1 sun.reflect.NativeMethodAccessorImpl.invoke(Ljava/lang/Object;[Ljava/lang/Object;)Ljava/lang/Object; (104 bytes) @ 0x00000001100b37dc [0x00000001100b2600+0x11dc]
J 4747 C1 sun.reflect.DelegatingMethodAccessorImpl.invoke(Ljava/lang/Object;[Ljava/lang/Object;)Ljava/lang/Object; (10 bytes) @ 0x00000001100af7cc [0x00000001100af6c0+0x10c]
J 4746 C1 java.lang.reflect.Method.invoke(Ljava/lang/Object;[Ljava/lang/Object;)Ljava/lang/Object; (62 bytes) @ 0x00000001100b491c [0x00000001100b4520+0x3fc]
j  py4j.reflection.MethodInvoker.invoke(Ljava/lang/Object;[Ljava/lang/Object;)Ljava/lang/Object;+91
j  py4j.reflection.ReflectionEngine.invoke(Ljava/lang/Object;Lpy4j/reflection/MethodInvoker;[Ljava/lang/Object;)Ljava/lang/Object;+6
j  py4j.Gateway.invoke(Ljava/lang/String;Ljava/lang/String;Ljava/util/List;)Lpy4j/ReturnObject;+151
j  py4j.commands.AbstractCommand.invokeMethod(Ljava/lang/String;Ljava/lang/String;Ljava/util/List;)Lpy4j/ReturnObject;+10
j  py4j.commands.CallCommand.execute(Ljava/lang/String;Ljava/io/BufferedReader;Ljava/io/BufferedWriter;)V+26
j  py4j.GatewayConnection.run()V+126
j  java.lang.Thread.run()V+11
v  ~StubRoutines::call_stub

---------------  P R O C E S S  ---------------

Java Threads: ( => current thread )
  0x00007f9b53ed9000 JavaThread "JavaCPP Deallocator" daemon [_thread_blocked, id=75063, stack(0x00000003113aa000,0x00000003114aa000)]
  0x00007f9b53225000 JavaThread "task-result-getter-3" daemon [_thread_blocked, id=61967, stack(0x0000000311ecb000,0x0000000311fcb000)]
  0x00007f9b0401b000 JavaThread "task-result-getter-2" daemon [_thread_blocked, id=71343, stack(0x0000000311dc8000,0x0000000311ec8000)]
  0x00007f9b24d39800 JavaThread "task-result-getter-1" daemon [_thread_blocked, id=61187, stack(0x0000000311cc5000,0x0000000311dc5000)]
  0x00007f9b165e0800 JavaThread "Executor task launch worker for task 7.0 in stage 1.0 (TID 8)" daemon [_thread_blocked, id=56579, stack(0x0000000311bc2000,0x0000000311cc2000)]
  0x00007f9b165df800 JavaThread "Executor task launch worker for task 6.0 in stage 1.0 (TID 7)" daemon [_thread_blocked, id=75959, stack(0x0000000311abf000,0x0000000311bbf000)]
  0x00007f9b165df000 JavaThread "Executor task launch worker for task 9.0 in stage 1.0 (TID 10)" daemon [_thread_blocked, id=73267, stack(0x00000003119bc000,0x0000000311abc000)]
  0x00007f9b17576000 JavaThread "Executor task launch worker for task 10.0 in stage 1.0 (TID 11)" daemon [_thread_blocked, id=59659, stack(0x00000003118b9000,0x00000003119b9000)]
  0x00007f9b04f28000 JavaThread "Executor task launch worker for task 3.0 in stage 1.0 (TID 4)" daemon [_thread_blocked, id=60427, stack(0x00000003117b6000,0x00000003118b6000)]
  0x00007f9b04f27000 JavaThread "Executor task launch worker for task 11.0 in stage 1.0 (TID 12)" daemon [_thread_blocked, id=72715, stack(0x00000003116b3000,0x00000003117b3000)]
  0x00007f9b17575000 JavaThread "Executor task launch worker for task 8.0 in stage 1.0 (TID 9)" daemon [_thread_blocked, id=71855, stack(0x00000003115b0000,0x00000003116b0000)]
  0x00007f9b159dc000 JavaThread "task-result-getter-0" daemon [_thread_blocked, id=77399, stack(0x0000000310f9e000,0x000000031109e000)]
  0x00007f9b53e8c000 JavaThread "Executor task launch worker for task 0.0 in stage 1.0 (TID 1)" daemon [_thread_blocked, id=58943, stack(0x00000003114ad000,0x00000003115ad000)]
  0x00007f9b04a69000 JavaThread "scala-execution-context-global-206" daemon [_thread_blocked, id=74655, stack(0x00000003112a7000,0x00000003113a7000)]
  0x00007f9b551db000 JavaThread "scala-execution-context-global-205" daemon [_thread_blocked, id=57923, stack(0x00000003111a4000,0x00000003112a4000)]
  0x00007f9b2428f800 JavaThread "scala-execution-context-global-204" daemon [_thread_blocked, id=77739, stack(0x00000003110a1000,0x00000003111a1000)]
  0x00007f9b535fa800 JavaThread "scala-execution-context-global-202" daemon [_thread_blocked, id=57399, stack(0x0000000310e9b000,0x0000000310f9b000)]
  0x00007f9b2601e000 JavaThread "scala-execution-context-global-201" daemon [_thread_blocked, id=56899, stack(0x0000000310d98000,0x0000000310e98000)]
  0x00007f9b549bd800 JavaThread "process reaper" daemon [_thread_blocked, id=48347, stack(0x000000030d237000,0x000000030d25f000)]
  0x00007f9b264fa800 JavaThread "scala-execution-context-global-127" daemon [_thread_blocked, id=77983, stack(0x0000000310c95000,0x0000000310d95000)]
  0x00007f9b244b4000 JavaThread "java-sdk-http-connection-reaper" daemon [_thread_blocked, id=52587, stack(0x0000000310b92000,0x0000000310c92000)]
  0x00007f9b25f62000 JavaThread "spark-listener-group-shared" daemon [_thread_blocked, id=81679, stack(0x0000000310a8f000,0x0000000310b8f000)]
  0x00007f9b24281800 JavaThread "element-tracking-store-worker" daemon [_thread_blocked, id=80939, stack(0x000000031098c000,0x0000000310a8c000)]
  0x00007f9b54dcc000 JavaThread "spark-listener-group-executorManagement" daemon [_thread_blocked, id=53767, stack(0x0000000310889000,0x0000000310989000)]
  0x00007f9b2426c800 JavaThread "spark-listener-group-appStatus" daemon [_thread_blocked, id=78379, stack(0x0000000310786000,0x0000000310886000)]
  0x00007f9b53726800 JavaThread "context-cleaner-periodic-gc" daemon [_thread_blocked, id=78879, stack(0x0000000310683000,0x0000000310783000)]
  0x00007f9b53720000 JavaThread "Spark Context Cleaner" daemon [_thread_blocked, id=54819, stack(0x0000000310580000,0x0000000310680000)]
  0x00007f9b53950000 JavaThread "shuffle-boss-7-1" daemon [_thread_in_native, id=54031, stack(0x000000031047d000,0x000000031057d000)]
  0x00007f9b260a1000 JavaThread "rpc-server-4-1" daemon [_thread_in_native, id=80131, stack(0x000000031037a000,0x000000031047a000)]
  0x00007f9b24d34800 JavaThread "files-client-5-1" daemon [_thread_in_native, id=48415, stack(0x0000000310277000,0x0000000310377000)]
  0x00007f9b260a2800 JavaThread "executor-heartbeater" daemon [_thread_blocked, id=49247, stack(0x0000000310174000,0x0000000310274000)]
  0x00007f9b5518d800 JavaThread "driver-heartbeater" daemon [_thread_blocked, id=49443, stack(0x0000000310071000,0x0000000310171000)]
  0x00007f9b531d7000 JavaThread "dag-scheduler-event-loop" daemon [_thread_blocked, id=51275, stack(0x000000030ff6e000,0x000000031006e000)]
  0x00007f9b53cb9000 JavaThread "Timer-1" daemon [_thread_blocked, id=50183, stack(0x000000030fe6b000,0x000000030ff6b000)]
  0x00007f9b2417e000 JavaThread "Timer-0" daemon [_thread_blocked, id=82215, stack(0x000000030fd68000,0x000000030fe68000)]
  0x00007f9b534c0800 JavaThread "netty-rpc-env-timeout" daemon [_thread_blocked, id=50903, stack(0x000000030fc65000,0x000000030fd65000)]
  0x00007f9b55151000 JavaThread "heartbeat-receiver-event-loop-thread" daemon [_thread_blocked, id=50547, stack(0x000000030fb62000,0x000000030fc62000)]
  0x00007f9b53f40000 JavaThread "SparkUI-45" daemon [_thread_blocked, id=47363, stack(0x000000030fa34000,0x000000030fb34000)]
  0x00007f9b5516d000 JavaThread "SparkUI-44" daemon [_thread_in_native, id=84739, stack(0x000000030f931000,0x000000030fa31000)]
  0x00007f9b53f83800 JavaThread "SparkUI-43" daemon [_thread_blocked, id=46595, stack(0x000000030f82e000,0x000000030f92e000)]
  0x00007f9b53f82800 JavaThread "SparkUI-42" daemon [_thread_in_native, id=46339, stack(0x000000030f72b000,0x000000030f82b000)]
  0x00007f9b5516c800 JavaThread "SparkUI-41" daemon [_thread_blocked, id=46083, stack(0x000000030f628000,0x000000030f728000)]
  0x00007f9b5517c800 JavaThread "SparkUI-40" daemon [_thread_in_native, id=45571, stack(0x000000030f525000,0x000000030f625000)]
  0x00007f9b53484800 JavaThread "SparkUI-39-acceptor-0@2d20ca13-ServerConnector@23e731c7{HTTP/1.1, (http/1.1)}{0.0.0.0:4040}" daemon [_thread_in_native, id=44803, stack(0x000000030f422000,0x000000030f522000)]
  0x00007f9b261f9000 JavaThread "SparkUI-38" daemon [_thread_in_native, id=44355, stack(0x000000030f31f000,0x000000030f41f000)]
  0x00007f9b24e78000 JavaThread "refresh progress" daemon [_thread_blocked, id=44039, stack(0x000000030f21c000,0x000000030f31c000)]
  0x00007f9b24e71800 JavaThread "RemoteBlock-temp-file-clean-thread" daemon [_thread_blocked, id=87071, stack(0x000000030f119000,0x000000030f219000)]
  0x00007f9b531e9800 JavaThread "dispatcher-BlockManagerEndpoint1" daemon [_thread_blocked, id=30923, stack(0x000000030f016000,0x000000030f116000)]
  0x00007f9b24e63800 JavaThread "dispatcher-BlockManagerMaster" daemon [_thread_blocked, id=29823, stack(0x000000030ef13000,0x000000030f013000)]
  0x00007f9b24e4d000 JavaThread "map-output-dispatcher-7" daemon [_thread_blocked, id=29187, stack(0x000000030ee10000,0x000000030ef10000)]
  0x00007f9b24e49800 JavaThread "map-output-dispatcher-6" daemon [_thread_blocked, id=30979, stack(0x000000030ed0d000,0x000000030ee0d000)]
  0x00007f9b26220800 JavaThread "map-output-dispatcher-5" daemon [_thread_blocked, id=31495, stack(0x000000030ec0a000,0x000000030ed0a000)]
  0x00007f9b24e49000 JavaThread "map-output-dispatcher-4" daemon [_thread_blocked, id=31747, stack(0x000000030eb07000,0x000000030ec07000)]
  0x00007f9b24e48000 JavaThread "map-output-dispatcher-3" daemon [_thread_blocked, id=28419, stack(0x000000030ea04000,0x000000030eb04000)]
  0x00007f9b24e47800 JavaThread "map-output-dispatcher-2" daemon [_thread_blocked, id=32515, stack(0x000000030e901000,0x000000030ea01000)]
  0x00007f9b24e46800 JavaThread "map-output-dispatcher-1" daemon [_thread_blocked, id=33027, stack(0x000000030e7fe000,0x000000030e8fe000)]
  0x00007f9b24e46000 JavaThread "map-output-dispatcher-0" daemon [_thread_blocked, id=27807, stack(0x000000030e6fb000,0x000000030e7fb000)]
  0x00007f9b54dab800 JavaThread "dispatcher-event-loop-7" daemon [_thread_blocked, id=27907, stack(0x000000030e5f8000,0x000000030e6f8000)]
  0x00007f9b551b9000 JavaThread "dispatcher-event-loop-6" daemon [_thread_blocked, id=34571, stack(0x000000030e4f5000,0x000000030e5f5000)]
  0x00007f9b2621c800 JavaThread "dispatcher-event-loop-5" daemon [_thread_blocked, id=35083, stack(0x000000030e3f2000,0x000000030e4f2000)]
  0x00007f9b54dab000 JavaThread "dispatcher-event-loop-4" daemon [_thread_blocked, id=27395, stack(0x000000030e2ef000,0x000000030e3ef000)]
  0x00007f9b24e40800 JavaThread "dispatcher-event-loop-3" daemon [_thread_blocked, id=35587, stack(0x000000030e1ec000,0x000000030e2ec000)]
  0x00007f9b24e3e800 JavaThread "dispatcher-event-loop-2" daemon [_thread_blocked, id=36099, stack(0x000000030e0e9000,0x000000030e1e9000)]
  0x00007f9b2622e800 JavaThread "dispatcher-event-loop-1" daemon [_thread_blocked, id=37127, stack(0x000000030dfe6000,0x000000030e0e6000)]
  0x00007f9b261fd000 JavaThread "dispatcher-event-loop-0" daemon [_thread_blocked, id=37743, stack(0x000000030dee3000,0x000000030dfe3000)]
  0x00007f9b24e31800 JavaThread "rpc-boss-3-1" daemon [_thread_in_native, id=26547, stack(0x000000030dde0000,0x000000030dee0000)]
=>0x00007f9b24d7e800 JavaThread "Thread-4" [_thread_in_native, id=38303, stack(0x000000030dcdd000,0x000000030dddd000)]
  0x00007f9b24d6c000 JavaThread "Thread-3" [_thread_in_native, id=25371, stack(0x000000030dbda000,0x000000030dcda000)]
  0x00007f9b260fb000 JavaThread "pool-2-thread-1" [_thread_blocked, id=38699, stack(0x000000030dad7000,0x000000030dbd7000)]
  0x00007f9b24d5b000 JavaThread "org.apache.hadoop.fs.FileSystem$Statistics$StatisticsDataReferenceCleaner" daemon [_thread_blocked, id=39203, stack(0x000000030d9d4000,0x000000030dad4000)]
  0x00007f9b5481b000 JavaThread "Service Thread" daemon [_thread_blocked, id=41735, stack(0x000000030d7ce000,0x000000030d8ce000)]
  0x00007f9b53098000 JavaThread "C1 CompilerThread3" daemon [_thread_blocked, id=22275, stack(0x000000030d6cb000,0x000000030d7cb000)]
  0x00007f9b5480a800 JavaThread "C2 CompilerThread2" daemon [_thread_blocked, id=43011, stack(0x000000030d5c8000,0x000000030d6c8000)]
  0x00007f9b53077000 JavaThread "C2 CompilerThread1" daemon [_thread_blocked, id=43267, stack(0x000000030d4c5000,0x000000030d5c5000)]
  0x00007f9b55043000 JavaThread "C2 CompilerThread0" daemon [_thread_blocked, id=14851, stack(0x000000030d3c2000,0x000000030d4c2000)]
  0x00007f9b55042800 JavaThread "Signal Dispatcher" daemon [_thread_blocked, id=14339, stack(0x000000030d2bf000,0x000000030d3bf000)]
  0x00007f9b53072000 JavaThread "Finalizer" daemon [_thread_blocked, id=17439, stack(0x000000030d0ac000,0x000000030d1ac000)]
  0x00007f9b53814000 JavaThread "Reference Handler" daemon [_thread_blocked, id=18211, stack(0x000000030cfa9000,0x000000030d0a9000)]
  0x00007f9b5300d800 JavaThread "main" [_thread_in_native, id=6403, stack(0x000000030c58b000,0x000000030c68b000)]

Other Threads:
  0x00007f9b5306b800 VMThread [stack: 0x000000030cea6000,0x000000030cfa6000] [id=18435]
  0x00007f9b53858800 WatcherThread [stack: 0x000000030d8d1000,0x000000030d9d1000] [id=22795]

VM state:not at safepoint (normal execution)

VM Mutex/Monitor currently owned by a thread: None

heap address: 0x00000003c0000000, size: 16384 MB, Compressed Oops mode: Zero based, Oop shift amount: 3
Narrow klass base: 0x0000000000000000, Narrow klass shift: 3
Compressed class space size: 1073741824 Address: 0x00000007c0000000

Heap:
 PSYoungGen      total 476672K, used 373809K [0x000000066ab00000, 0x0000000693800000, 0x00000007c0000000)
  eden space 470016K, 79% used [0x000000066ab00000,0x000000068180c658,0x0000000687600000)
  from space 6656K, 0% used [0x0000000691a80000,0x0000000691a80000,0x0000000692100000)
  to   space 19968K, 0% used [0x0000000692480000,0x0000000692480000,0x0000000693800000)
 ParOldGen       total 119296K, used 26850K [0x00000003c0000000, 0x00000003c7480000, 0x000000066ab00000)
  object space 119296K, 22% used [0x00000003c0000000,0x00000003c1a389d0,0x00000003c7480000)
 Metaspace       used 92539K, capacity 101214K, committed 101288K, reserved 1136640K
  class space    used 12322K, capacity 13171K, committed 13232K, reserved 1048576K

Card table byte_map: [0x000000011e363000,0x0000000120364000] byte_map_base: 0x000000011c563000

Marking Bits: (ParMarkBitMap*) 0x000000010dca22e8
 Begin Bits: [0x00000001218ba000, 0x00000001318ba000)
 End Bits:   [0x00000001318ba000, 0x00000001418ba000)

Polling page: 0x000000010c7b9000

CodeCache: size=245760Kb used=24763Kb max_used=24774Kb free=220996Kb
 bounds [0x000000010f363000, 0x0000000110bb3000, 0x000000011e363000]
 total_blobs=8673 nmethods=7770 adapters=815
 compilation: enabled

Compilation events (10 events):
Event: 340.017 Thread 0x00007f9b55043000 9360       4       sun.misc.URLClassPath$1::next (63 bytes)
Event: 340.028 Thread 0x00007f9b55043000 nmethod 9360 0x0000000110ba1fd0 code [0x0000000110ba2200, 0x0000000110ba2de0]
Event: 340.068 Thread 0x00007f9b53077000 9361       4       com.google.common.base.Preconditions::checkArgument (17 bytes)
Event: 340.069 Thread 0x00007f9b53077000 nmethod 9361 0x000000010f4810d0 code [0x000000010f481220, 0x000000010f481278]
Event: 340.069 Thread 0x00007f9b5480a800 9362       4       java.lang.String::getBytes (27 bytes)
Event: 340.070 Thread 0x00007f9b5480a800 nmethod 9362 0x0000000110b96b50 code [0x0000000110b96ca0, 0x0000000110b96d68]
Event: 340.090 Thread 0x00007f9b55043000 9363       4       java.io.FilterInputStream::read (11 bytes)
Event: 340.092 Thread 0x00007f9b55043000 nmethod 9363 0x00000001106e9d50 code [0x00000001106e9ea0, 0x00000001106e9f38]
Event: 340.094 Thread 0x00007f9b53098000 9364       1       org.apache.spark.status.AppStatusListener::update$default$3 (2 bytes)
Event: 340.094 Thread 0x00007f9b53098000 nmethod 9364 0x0000000110b96890 code [0x0000000110b969e0, 0x0000000110b96af0]

GC Heap History (10 events):
Event: 41.909 GC heap before
{Heap before GC invocations=13 (full 3):
 PSYoungGen      total 407040K, used 407025K [0x000000066ab00000, 0x000000068d680000, 0x00000007c0000000)
  eden space 391168K, 100% used [0x000000066ab00000,0x0000000682900000,0x0000000682900000)
  from space 15872K, 99% used [0x0000000682900000,0x000000068387c7c0,0x0000000683880000)
  to   space 20992K, 0% used [0x000000068c200000,0x000000068c200000,0x000000068d680000)
 ParOldGen       total 93696K, used 31043K [0x00000003c0000000, 0x00000003c5b80000, 0x000000066ab00000)
  object space 93696K, 33% used [0x00000003c0000000,0x00000003c1e50dd8,0x00000003c5b80000)
 Metaspace       used 77797K, capacity 82583K, committed 82736K, reserved 1122304K
  class space    used 10033K, capacity 10459K, committed 10544K, reserved 1048576K
Event: 41.937 GC heap after
Heap after GC invocations=13 (full 3):
 PSYoungGen      total 518656K, used 6901K [0x000000066ab00000, 0x000000068c900000, 0x00000007c0000000)
  eden space 511488K, 0% used [0x000000066ab00000,0x000000066ab00000,0x0000000689e80000)
  from space 7168K, 96% used [0x000000068c200000,0x000000068c8bd4a0,0x000000068c900000)
  to   space 20480K, 0% used [0x000000068a100000,0x000000068a100000,0x000000068b500000)
 ParOldGen       total 93696K, used 31051K [0x00000003c0000000, 0x00000003c5b80000, 0x000000066ab00000)
  object space 93696K, 33% used [0x00000003c0000000,0x00000003c1e52dd8,0x00000003c5b80000)
 Metaspace       used 77797K, capacity 82583K, committed 82736K, reserved 1122304K
  class space    used 10033K, capacity 10459K, committed 10544K, reserved 1048576K
}
Event: 221.643 GC heap before
{Heap before GC invocations=14 (full 3):
 PSYoungGen      total 518656K, used 518389K [0x000000066ab00000, 0x000000068c900000, 0x00000007c0000000)
  eden space 511488K, 100% used [0x000000066ab00000,0x0000000689e80000,0x0000000689e80000)
  from space 7168K, 96% used [0x000000068c200000,0x000000068c8bd4a0,0x000000068c900000)
  to   space 20480K, 0% used [0x000000068a100000,0x000000068a100000,0x000000068b500000)
 ParOldGen       total 93696K, used 31051K [0x00000003c0000000, 0x00000003c5b80000, 0x000000066ab00000)
  object space 93696K, 33% used [0x00000003c0000000,0x00000003c1e52dd8,0x00000003c5b80000)
 Metaspace       used 77927K, capacity 82737K, committed 82992K, reserved 1122304K
  class space    used 10042K, capacity 10462K, committed 10544K, reserved 1048576K
Event: 221.685 GC heap after
Heap after GC invocations=14 (full 3):
 PSYoungGen      total 534528K, used 608K [0x000000066ab00000, 0x0000000694c00000, 0x00000007c0000000)
  eden space 514048K, 0% used [0x000000066ab00000,0x000000066ab00000,0x000000068a100000)
  from space 20480K, 2% used [0x000000068a100000,0x000000068a198060,0x000000068b500000)
  to   space 20992K, 0% used [0x0000000693780000,0x0000000693780000,0x0000000694c00000)
 ParOldGen       total 93696K, used 37246K [0x00000003c0000000, 0x00000003c5b80000, 0x000000066ab00000)
  object space 93696K, 39% used [0x00000003c0000000,0x00000003c245fb50,0x00000003c5b80000)
 Metaspace       used 77927K, capacity 82737K, committed 82992K, reserved 1122304K
  class space    used 10042K, capacity 10462K, committed 10544K, reserved 1048576K
}
Event: 333.519 GC heap before
{Heap before GC invocations=15 (full 3):
 PSYoungGen      total 534528K, used 514656K [0x000000066ab00000, 0x0000000694c00000, 0x00000007c0000000)
  eden space 514048K, 100% used [0x000000066ab00000,0x000000068a100000,0x000000068a100000)
  from space 20480K, 2% used [0x000000068a100000,0x000000068a198060,0x000000068b500000)
  to   space 20992K, 0% used [0x0000000693780000,0x0000000693780000,0x0000000694c00000)
 ParOldGen       total 93696K, used 37246K [0x00000003c0000000, 0x00000003c5b80000, 0x000000066ab00000)
  object space 93696K, 39% used [0x00000003c0000000,0x00000003c245fb50,0x00000003c5b80000)
 Metaspace       used 88991K, capacity 96043K, committed 96176K, reserved 1132544K
  class space    used 11788K, capacity 12448K, committed 12464K, reserved 1048576K
Event: 333.530 GC heap after
Heap after GC invocations=15 (full 3):
 PSYoungGen      total 502784K, used 11193K [0x000000066ab00000, 0x0000000694280000, 0x00000007c0000000)
  eden space 491520K, 0% used [0x000000066ab00000,0x000000066ab00000,0x0000000688b00000)
  from space 11264K, 99% used [0x0000000693780000,0x000000069426e4e0,0x0000000694280000)
  to   space 20480K, 0% used [0x0000000691a80000,0x0000000691a80000,0x0000000692e80000)
 ParOldGen       total 93696K, used 37254K [0x00000003c0000000, 0x00000003c5b80000, 0x000000066ab00000)
  object space 93696K, 39% used [0x00000003c0000000,0x00000003c2461b50,0x00000003c5b80000)
 Metaspace       used 88991K, capacity 96043K, committed 96176K, reserved 1132544K
  class space    used 11788K, capacity 12448K, committed 12464K, reserved 1048576K
}
Event: 333.941 GC heap before
{Heap before GC invocations=16 (full 3):
 PSYoungGen      total 502784K, used 69363K [0x000000066ab00000, 0x0000000694280000, 0x00000007c0000000)
  eden space 491520K, 11% used [0x000000066ab00000,0x000000066e3ce868,0x0000000688b00000)
  from space 11264K, 99% used [0x0000000693780000,0x000000069426e4e0,0x0000000694280000)
  to   space 20480K, 0% used [0x0000000691a80000,0x0000000691a80000,0x0000000692e80000)
 ParOldGen       total 93696K, used 37254K [0x00000003c0000000, 0x00000003c5b80000, 0x000000066ab00000)
  object space 93696K, 39% used [0x00000003c0000000,0x00000003c2461b50,0x00000003c5b80000)
 Metaspace       used 90284K, capacity 98514K, committed 98600K, reserved 1134592K
  class space    used 12045K, capacity 12848K, committed 12848K, reserved 1048576K
Event: 333.946 GC heap after
Heap after GC invocations=16 (full 3):
 PSYoungGen      total 476672K, used 6354K [0x000000066ab00000, 0x0000000693800000, 0x00000007c0000000)
  eden space 470016K, 0% used [0x000000066ab00000,0x000000066ab00000,0x0000000687600000)
  from space 6656K, 95% used [0x0000000691a80000,0x00000006920b4b50,0x0000000692100000)
  to   space 19968K, 0% used [0x0000000692480000,0x0000000692480000,0x0000000693800000)
 ParOldGen       total 93696K, used 37262K [0x00000003c0000000, 0x00000003c5b80000, 0x000000066ab00000)
  object space 93696K, 39% used [0x00000003c0000000,0x00000003c2463b50,0x00000003c5b80000)
 Metaspace       used 90284K, capacity 98514K, committed 98600K, reserved 1134592K
  class space    used 12045K, capacity 12848K, committed 12848K, reserved 1048576K
}
Event: 333.946 GC heap before
{Heap before GC invocations=17 (full 4):
 PSYoungGen      total 476672K, used 6354K [0x000000066ab00000, 0x0000000693800000, 0x00000007c0000000)
  eden space 470016K, 0% used [0x000000066ab00000,0x000000066ab00000,0x0000000687600000)
  from space 6656K, 95% used [0x0000000691a80000,0x00000006920b4b50,0x0000000692100000)
  to   space 19968K, 0% used [0x0000000692480000,0x0000000692480000,0x0000000693800000)
 ParOldGen       total 93696K, used 37262K [0x00000003c0000000, 0x00000003c5b80000, 0x000000066ab00000)
  object space 93696K, 39% used [0x00000003c0000000,0x00000003c2463b50,0x00000003c5b80000)
 Metaspace       used 90284K, capacity 98514K, committed 98600K, reserved 1134592K
  class space    used 12045K, capacity 12848K, committed 12848K, reserved 1048576K
Event: 334.059 GC heap after
Heap after GC invocations=17 (full 4):
 PSYoungGen      total 476672K, used 0K [0x000000066ab00000, 0x0000000693800000, 0x00000007c0000000)
  eden space 470016K, 0% used [0x000000066ab00000,0x000000066ab00000,0x0000000687600000)
  from space 6656K, 0% used [0x0000000691a80000,0x0000000691a80000,0x0000000692100000)
  to   space 19968K, 0% used [0x0000000692480000,0x0000000692480000,0x0000000693800000)
 ParOldGen       total 119296K, used 26850K [0x00000003c0000000, 0x00000003c7480000, 0x000000066ab00000)
  object space 119296K, 22% used [0x00000003c0000000,0x00000003c1a389d0,0x00000003c7480000)
 Metaspace       used 90281K, capacity 98508K, committed 98600K, reserved 1134592K
  class space    used 12044K, capacity 12847K, committed 12848K, reserved 1048576K
}

Deoptimization events (10 events):
Event: 339.355 Thread 0x00007f9b24d7e800 Uncommon trap: reason=unstable_if action=reinterpret pc=0x0000000110b6efa8 method=org.apache.commons.io.IOUtils.copyLarge(Ljava/io/InputStream;Ljava/io/OutputStream;[B)J @ 11
Event: 339.397 Thread 0x00007f9b24d7e800 Uncommon trap: reason=unstable_if action=reinterpret pc=0x000000010f8c98dc method=java.util.Properties.loadConvert([CII[C)Ljava/lang/String; @ 72
Event: 339.398 Thread 0x00007f9b24d7e800 Uncommon trap: reason=unstable_if action=reinterpret pc=0x000000010fbf351c method=java.util.Properties.load0(Ljava/util/Properties$LineReader;)V @ 145
Event: 339.430 Thread 0x00007f9b24d7e800 Uncommon trap: reason=class_check action=maybe_recompile pc=0x000000011007de24 method=java.net.URLStreamHandler.equals(Ljava/net/URL;Ljava/net/URL;)Z @ 33
Event: 339.431 Thread 0x00007f9b24d7e800 Uncommon trap: reason=class_check action=maybe_recompile pc=0x000000011007de24 method=java.net.URLStreamHandler.equals(Ljava/net/URL;Ljava/net/URL;)Z @ 33
Event: 339.731 Thread 0x00007f9b24d7e800 Uncommon trap: reason=unstable_if action=reinterpret pc=0x000000010f8dd924 method=java.lang.String.lastIndexOf([CII[CIII)I @ 118
Event: 339.732 Thread 0x00007f9b24d7e800 Uncommon trap: reason=unstable_if action=reinterpret pc=0x000000010f5d6cdc method=java.lang.String.lastIndexOf([CII[CIII)I @ 118
Event: 339.973 Thread 0x00007f9b24d7e800 Uncommon trap: reason=unstable_if action=reinterpret pc=0x0000000110b8bfc0 method=sun.misc.URLClassPath$1.next()Z @ 56
Event: 339.982 Thread 0x00007f9b24d7e800 Uncommon trap: reason=class_check action=maybe_recompile pc=0x000000011007de24 method=java.net.URLStreamHandler.equals(Ljava/net/URL;Ljava/net/URL;)Z @ 33
Event: 339.989 Thread 0x00007f9b24d7e800 Uncommon trap: reason=class_check action=maybe_recompile pc=0x000000011007de24 method=java.net.URLStreamHandler.equals(Ljava/net/URL;Ljava/net/URL;)Z @ 33

Classes redefined (0 events):
No events

Internal exceptions (10 events):
Event: 334.213 Thread 0x00007f9b24d7e800 Exception <a 'java/lang/NoSuchMethodError': java.lang.Object.$anonfun$grouped$1(Lscala/collection/IterableLike;Lscala/collection/Seq;)Ljava/lang/Object;> (0x000000066b09ea18) thrown at [/System/Volumes/Data/jenkins/workspace/8-2-build-macosx-x86_64/jdk8u3
Event: 334.254 Thread 0x00007f9b24d7e800 Exception <a 'java/lang/NoSuchMethodError': java.lang.Object.$anonfun$params$1$adapted(Ljava/lang/reflect/Method;)Ljava/lang/Object;> (0x000000066b4e9388) thrown at [/System/Volumes/Data/jenkins/workspace/8-2-build-macosx-x86_64/jdk8u321/2141/hotspot/src/
Event: 334.255 Thread 0x00007f9b24d7e800 Exception <a 'java/lang/NoSuchMethodError': java.lang.Object.$anonfun$params$2(Ljava/lang/reflect/Method;)Ljava/lang/String;> (0x000000066b4ed420) thrown at [/System/Volumes/Data/jenkins/workspace/8-2-build-macosx-x86_64/jdk8u321/2141/hotspot/src/share/vm
Event: 334.256 Thread 0x00007f9b24d7e800 Exception <a 'java/lang/NoSuchMethodError': java.lang.Object.$anonfun$params$3(Lorg/apache/spark/ml/param/Params;Ljava/lang/reflect/Method;)Lorg/apache/spark/ml/param/Param;> (0x000000066b4f1b78) thrown at [/System/Volumes/Data/jenkins/workspace/8-2-build
Event: 334.256 Thread 0x00007f9b24d7e800 Exception <a 'java/lang/NoSuchMethodError': java.lang.Object.$anonfun$getParam$1$adapted(Ljava/lang/String;Lorg/apache/spark/ml/param/Param;)Ljava/lang/Object;> (0x000000066b4f7608) thrown at [/System/Volumes/Data/jenkins/workspace/8-2-build-macosx-x86_64
Event: 334.257 Thread 0x00007f9b24d7e800 Exception <a 'java/lang/NoSuchMethodError': java.lang.Object.$anonfun$getParam$2(Ljava/lang/String;)Lscala/runtime/Nothing$;> (0x000000066b4fc1e8) thrown at [/System/Volumes/Data/jenkins/workspace/8-2-build-macosx-x86_64/jdk8u321/2141/hotspot/src/share/vm
Event: 334.262 Thread 0x00007f9b24d7e800 Exception <a 'java/lang/NoSuchMethodError': java.lang.Object.$anonfun$hasParam$1$adapted(Ljava/lang/String;Lorg/apache/spark/ml/param/Param;)Ljava/lang/Object;> (0x000000066b501488) thrown at [/System/Volumes/Data/jenkins/workspace/8-2-build-macosx-x86_64
Event: 334.262 Thread 0x00007f9b24d7e800 Exception <a 'java/lang/NoSuchMethodError': java.lang.Object.$anonfun$shouldOwn$1(Lorg/apache/spark/ml/param/Params;Lorg/apache/spark/ml/param/Param;)Ljava/lang/String;> (0x000000066b5058c8) thrown at [/System/Volumes/Data/jenkins/workspace/8-2-build-maco
Event: 335.755 Thread 0x00007f9b24d7e800 Exception <a 'java/lang/NoSuchMethodError': java.lang.Object.$anonfun$onRead$1$adapted(Lcom/johnsnowlabs/nlp/HasFeatures;Ljava/lang/String;Lorg/apache/spark/sql/SparkSession;Lscala/Function3;)Ljava/lang/Object;> (0x00000006722fc7e0) thrown at [/System/Vol
Event: 335.778 Thread 0x00007f9b24d7e800 Implicit null exception at 0x000000010fc8c94d to 0x000000010fc8cc55

Events (10 events):
Event: 340.006 Thread 0x00007f9b24d7e800 DEOPT PACKING pc=0x0000000110b98f44 sp=0x000000030ddd8bd0
Event: 340.006 Thread 0x00007f9b24d7e800 DEOPT UNPACKING pc=0x000000010f3aa404 sp=0x000000030ddd8948 mode 0
Event: 340.011 Thread 0x00007f9b24d7e800 DEOPT PACKING pc=0x0000000110b98f44 sp=0x000000030ddd8bd0
Event: 340.011 Thread 0x00007f9b24d7e800 DEOPT UNPACKING pc=0x000000010f3aa404 sp=0x000000030ddd8948 mode 0
Event: 340.017 Thread 0x00007f9b24d7e800 DEOPT PACKING pc=0x0000000110b98f44 sp=0x000000030ddd8bd0
Event: 340.017 Thread 0x00007f9b24d7e800 DEOPT UNPACKING pc=0x000000010f3aa404 sp=0x000000030ddd8948 mode 0
Event: 340.022 Thread 0x00007f9b24d7e800 DEOPT PACKING pc=0x0000000110b98f44 sp=0x000000030ddd8bd0
Event: 340.022 Thread 0x00007f9b24d7e800 DEOPT UNPACKING pc=0x000000010f3aa404 sp=0x000000030ddd8948 mode 0
Event: 340.026 Thread 0x00007f9b24d7e800 DEOPT PACKING pc=0x0000000110b98f44 sp=0x000000030ddd8bd0
Event: 340.026 Thread 0x00007f9b24d7e800 DEOPT UNPACKING pc=0x000000010f3aa404 sp=0x000000030ddd8948 mode 0


Dynamic libraries:
0x00007ff82faf0000 	/System/Library/Frameworks/Cocoa.framework/Versions/A/Cocoa
0x00007ff81b391000 	/System/Library/Frameworks/AppKit.framework/Versions/C/AppKit
0x00007ff81e8e1000 	/System/Library/Frameworks/CoreData.framework/Versions/A/CoreData
0x00007ff8197ac000 	/System/Library/Frameworks/Foundation.framework/Versions/C/Foundation
0x00007ff823bd4000 	/usr/lib/libSystem.B.dylib
0x00007ff81c21e000 	/System/Library/PrivateFrameworks/UIFoundation.framework/Versions/A/UIFoundation
0x00007ff829ac8000 	/System/Library/PrivateFrameworks/RemoteViewServices.framework/Versions/A/RemoteViewServices
0x00007ff821dc7000 	/System/Library/PrivateFrameworks/XCTTargetBootstrap.framework/Versions/A/XCTTargetBootstrap
0x00007ff825a9f000 	/System/Library/PrivateFrameworks/InternationalSupport.framework/Versions/A/InternationalSupport
0x00007ff825b29000 	/System/Library/PrivateFrameworks/UserActivity.framework/Versions/A/UserActivity
0x00007ff824e86000 	/usr/lib/libspindump.dylib
0x00007ff81c4ac000 	/System/Library/Frameworks/UniformTypeIdentifiers.framework/Versions/A/UniformTypeIdentifiers
0x00007ff820506000 	/usr/lib/libapp_launch_measurement.dylib
0x00007ff81f2bb000 	/System/Library/PrivateFrameworks/CoreAnalytics.framework/Versions/A/CoreAnalytics
0x00007ff820509000 	/System/Library/PrivateFrameworks/CoreAutoLayout.framework/Versions/A/CoreAutoLayout
0x00007ff821728000 	/System/Library/Frameworks/Metal.framework/Versions/A/Metal
0x00007ff82243f000 	/usr/lib/liblangid.dylib
0x00007ff821dcb000 	/System/Library/PrivateFrameworks/CoreSVG.framework/Versions/A/CoreSVG
0x00007ff81d86e000 	/System/Library/PrivateFrameworks/SkyLight.framework/Versions/A/SkyLight
0x00007ff81dbff000 	/System/Library/Frameworks/CoreGraphics.framework/Versions/A/CoreGraphics
0x00007ff82a133000 	/System/Library/Frameworks/Accelerate.framework/Versions/A/Accelerate
0x00007ff824901000 	/System/Library/PrivateFrameworks/IconServices.framework/Versions/A/IconServices
0x00007ff82170d000 	/System/Library/Frameworks/IOSurface.framework/Versions/A/IOSurface
0x00007ff81f2e9000 	/usr/lib/libDiagnosticMessagesClient.dylib
0x00007ff823aee000 	/usr/lib/libz.1.dylib
0x00007ff82d792000 	/System/Library/Frameworks/ApplicationServices.framework/Versions/A/ApplicationServices
0x00007ff821db3000 	/System/Library/PrivateFrameworks/DFRFoundation.framework/Versions/A/DFRFoundation
0x00007ff81ac82000 	/usr/lib/libicucore.A.dylib
0x00007ff8267c1000 	/System/Library/Frameworks/AudioToolbox.framework/Versions/A/AudioToolbox
0x00007ff825aab000 	/System/Library/PrivateFrameworks/DataDetectorsCore.framework/Versions/A/DataDetectorsCore
0x00007ff921240000 	/System/Library/PrivateFrameworks/TextInput.framework/Versions/A/TextInput
0x00007ff81d7f1000 	/usr/lib/libMobileGestalt.dylib
0x00007ff821abb000 	/System/Library/Frameworks/Carbon.framework/Versions/A/Frameworks/HIToolbox.framework/Versions/A/HIToolbox
0x00007ff81ff34000 	/System/Library/Frameworks/QuartzCore.framework/Versions/A/QuartzCore
0x00007ff81a923000 	/System/Library/Frameworks/Security.framework/Versions/A/Security
0x00007ff829b00000 	/System/Library/Frameworks/Carbon.framework/Versions/A/Frameworks/SpeechRecognition.framework/Versions/A/SpeechRecognition
0x00007ff820266000 	/System/Library/PrivateFrameworks/CoreUI.framework/Versions/A/CoreUI
0x00007ff81a1fd000 	/System/Library/Frameworks/CoreAudio.framework/Versions/A/CoreAudio
0x00007ff81f3d7000 	/System/Library/Frameworks/DiskArbitration.framework/Versions/A/DiskArbitration
0x00007ff825269000 	/System/Library/PrivateFrameworks/MultitouchSupport.framework/Versions/A/MultitouchSupport
0x00007ff81d7f0000 	/usr/lib/libenergytrace.dylib
0x00007ff81b27d000 	/System/Library/Frameworks/IOKit.framework/Versions/A/IOKit
0x00007ff829eea000 	/System/Library/Frameworks/CoreServices.framework/Versions/A/CoreServices
0x00007ff8204a0000 	/System/Library/PrivateFrameworks/PerformanceAnalysis.framework/Versions/A/PerformanceAnalysis
0x00007ffa30caf000 	/System/Library/Frameworks/OpenGL.framework/Versions/A/OpenGL
0x00007ff823126000 	/System/Library/PrivateFrameworks/MobileKeyBag.framework/Versions/A/MobileKeyBag
0x00007ff818844000 	/usr/lib/libobjc.A.dylib
0x00007ff81e32e000 	/System/Library/Frameworks/ColorSync.framework/Versions/A/ColorSync
0x00007ff818a00000 	/System/Library/Frameworks/CoreFoundation.framework/Versions/A/CoreFoundation
0x00007ff822046000 	/System/Library/Frameworks/CoreImage.framework/Versions/A/CoreImage
0x00007ff81a013000 	/System/Library/Frameworks/CoreText.framework/Versions/A/CoreText
0x00007ff821dfa000 	/System/Library/Frameworks/ImageIO.framework/Versions/A/ImageIO
0x00007ff823bda000 	/System/Library/PrivateFrameworks/SoftLinking.framework/Versions/A/SoftLinking
0x00007ff820551000 	/usr/lib/libxml2.2.dylib
0x00007ff81890d000 	/usr/lib/libc++.1.dylib
0x00007ff823e5a000 	/usr/lib/libcompression.dylib
0x00007ff8259d5000 	/System/Library/PrivateFrameworks/TextureIO.framework/Versions/A/TextureIO
0x00007ff82457a000 	/usr/lib/libate.dylib
0x00007ff823bcf000 	/usr/lib/system/libcache.dylib
0x00007ff823b8b000 	/usr/lib/system/libcommonCrypto.dylib
0x00007ff823bb4000 	/usr/lib/system/libcompiler_rt.dylib
0x00007ff823baa000 	/usr/lib/system/libcopyfile.dylib
0x00007ff81873e000 	/usr/lib/system/libcorecrypto.dylib
0x00007ff8187fd000 	/usr/lib/system/libdispatch.dylib
0x00007ff8189bf000 	/usr/lib/system/libdyld.dylib
0x00007ff823bc6000 	/usr/lib/system/libkeymgr.dylib
0x00007ff823b69000 	/usr/lib/system/libmacho.dylib
0x00007ff8231fa000 	/usr/lib/system/libquarantine.dylib
0x00007ff823bc4000 	/usr/lib/system/libremovefile.dylib
0x00007ff81d83d000 	/usr/lib/system/libsystem_asl.dylib
0x00007ff8186ec000 	/usr/lib/system/libsystem_blocks.dylib
0x00007ff818884000 	/usr/lib/system/libsystem_c.dylib
0x00007ff823bbc000 	/usr/lib/system/libsystem_collections.dylib
0x00007ff822430000 	/usr/lib/system/libsystem_configuration.dylib
0x00007ff8216f0000 	/usr/lib/system/libsystem_containermanager.dylib
0x00007ff8238a2000 	/usr/lib/system/libsystem_coreservices.dylib
0x00007ff81af0b000 	/usr/lib/system/libsystem_darwin.dylib
0x00007ff823bc7000 	/usr/lib/system/libsystem_dnssd.dylib
0x00007ff818881000 	/usr/lib/system/libsystem_featureflags.dylib
0x00007ff8189d5000 	/usr/lib/system/libsystem_info.dylib
0x00007ff823b01000 	/usr/lib/system/libsystem_m.dylib
0x00007ff8187d1000 	/usr/lib/system/libsystem_malloc.dylib
0x00007ff81d7da000 	/usr/lib/system/libsystem_networkextension.dylib
0x00007ff81b333000 	/usr/lib/system/libsystem_notify.dylib
0x00007ff829dc1000 	/usr/lib/system/libsystem_product_info_filter.dylib
0x00007ff822434000 	/usr/lib/system/libsystem_sandbox.dylib
0x00007ff823bc1000 	/usr/lib/system/libsystem_secinit.dylib
0x00007ff81897c000 	/usr/lib/system/libsystem_kernel.dylib
0x00007ff8189cb000 	/usr/lib/system/libsystem_platform.dylib
0x00007ff8189b3000 	/usr/lib/system/libsystem_pthread.dylib
0x00007ff81f101000 	/usr/lib/system/libsystem_symptoms.dylib
0x00007ff818725000 	/usr/lib/system/libsystem_trace.dylib
0x00007ff823b97000 	/usr/lib/system/libunwind.dylib
0x00007ff8186ee000 	/usr/lib/system/libxpc.dylib
0x00007ff818966000 	/usr/lib/libc++abi.dylib
0x00007ff823ba2000 	/usr/lib/liboah.dylib
0x00007ff824333000 	/usr/lib/liblzma.5.dylib
0x00007ff8194bd000 	/System/Library/Frameworks/SystemConfiguration.framework/Versions/A/SystemConfiguration
0x00007ff823bd6000 	/usr/lib/libfakelink.dylib
0x00007ff81d344000 	/System/Library/Frameworks/CFNetwork.framework/Versions/A/CFNetwork
0x00007ff823d15000 	/usr/lib/libarchive.2.dylib
0x00007ff82243b000 	/System/Library/PrivateFrameworks/AppleSystemInfo.framework/Versions/A/AppleSystemInfo
0x00007ff823220000 	/usr/lib/libbsm.0.dylib
0x00007ff81c97b000 	/usr/lib/libnetwork.dylib
0x00007ff823b6f000 	/usr/lib/system/libkxld.dylib
0x00007ff822e4f000 	/System/Library/PrivateFrameworks/IOMobileFramebuffer.framework/Versions/A/IOMobileFramebuffer
0x00007ffb2e651000 	/usr/lib/libCoreEntitlements.dylib
0x00007ff823884000 	/System/Library/PrivateFrameworks/AppleFSCompression.framework/Versions/A/AppleFSCompression
0x00007ff823209000 	/usr/lib/libcoretls.dylib
0x00007ff82434d000 	/usr/lib/libcoretls_cfhelpers.dylib
0x00007ff823e55000 	/usr/lib/libpam.2.dylib
0x00007ff81ed27000 	/usr/lib/libsqlite3.dylib
0x00007ff8243bc000 	/usr/lib/libxar.1.dylib
0x00007ff823894000 	/usr/lib/libbz2.1.0.dylib
0x00007ff823bdb000 	/usr/lib/libpcap.A.dylib
0x00007ff81f0f8000 	/usr/lib/libdns_services.dylib
0x00007ff823e27000 	/usr/lib/libapple_nghttp2.dylib
0x00007ff823c12000 	/usr/lib/libiconv.2.dylib
0x00007ff823b68000 	/usr/lib/libcharset.1.dylib
0x00007ff8204d4000 	/System/Library/Frameworks/CoreServices.framework/Versions/A/Frameworks/FSEvents.framework/Versions/A/FSEvents
0x00007ff81af15000 	/System/Library/Frameworks/CoreServices.framework/Versions/A/Frameworks/CarbonCore.framework/Versions/A/CarbonCore
0x00007ff81f33c000 	/System/Library/Frameworks/CoreServices.framework/Versions/A/Frameworks/Metadata.framework/Versions/A/Metadata
0x00007ff8238a7000 	/System/Library/Frameworks/CoreServices.framework/Versions/A/Frameworks/OSServices.framework/Versions/A/OSServices
0x00007ff823d9b000 	/System/Library/Frameworks/CoreServices.framework/Versions/A/Frameworks/SearchKit.framework/Versions/A/SearchKit
0x00007ff81f08a000 	/System/Library/Frameworks/CoreServices.framework/Versions/A/Frameworks/AE.framework/Versions/A/AE
0x00007ff818f01000 	/System/Library/Frameworks/CoreServices.framework/Versions/A/Frameworks/LaunchServices.framework/Versions/A/LaunchServices
0x00007ff8242e4000 	/System/Library/Frameworks/CoreServices.framework/Versions/A/Frameworks/DictionaryServices.framework/Versions/A/DictionaryServices
0x00007ff8204e1000 	/System/Library/Frameworks/CoreServices.framework/Versions/A/Frameworks/SharedFileList.framework/Versions/A/SharedFileList
0x00007ff8231fd000 	/usr/lib/libCheckFix.dylib
0x00007ff81d854000 	/System/Library/PrivateFrameworks/TCC.framework/Versions/A/TCC
0x00007ff822441000 	/System/Library/PrivateFrameworks/CoreNLP.framework/Versions/A/CoreNLP
0x00007ff81f2ec000 	/System/Library/PrivateFrameworks/MetadataUtilities.framework/Versions/A/MetadataUtilities
0x00007ff81956d000 	/usr/lib/libmecabra.dylib
0x00007ff823230000 	/usr/lib/libmecab.dylib
0x00007ff819538000 	/usr/lib/libCRFSuite.dylib
0x00007ff82328d000 	/usr/lib/libgermantok.dylib
0x00007ff823e02000 	/usr/lib/libThaiTokenizer.dylib
0x00007ff81f3de000 	/System/Library/Frameworks/Accelerate.framework/Versions/A/Frameworks/vImage.framework/Versions/A/vImage
0x00007ff829ec1000 	/System/Library/Frameworks/Accelerate.framework/Versions/A/Frameworks/vecLib.framework/Versions/A/vecLib
0x00007ff8243fd000 	/System/Library/Frameworks/Accelerate.framework/Versions/A/Frameworks/vecLib.framework/Versions/A/libvMisc.dylib
0x00007ff822c43000 	/System/Library/Frameworks/Accelerate.framework/Versions/A/Frameworks/vecLib.framework/Versions/A/libvDSP.dylib
0x00007ff819279000 	/System/Library/Frameworks/Accelerate.framework/Versions/A/Frameworks/vecLib.framework/Versions/A/libBLAS.dylib
0x00007ff823f37000 	/System/Library/Frameworks/Accelerate.framework/Versions/A/Frameworks/vecLib.framework/Versions/A/libLAPACK.dylib
0x00007ff823290000 	/System/Library/Frameworks/Accelerate.framework/Versions/A/Frameworks/vecLib.framework/Versions/A/libLinearAlgebra.dylib
0x00007ff823e40000 	/System/Library/Frameworks/Accelerate.framework/Versions/A/Frameworks/vecLib.framework/Versions/A/libSparseBLAS.dylib
0x00007ff823f31000 	/System/Library/Frameworks/Accelerate.framework/Versions/A/Frameworks/vecLib.framework/Versions/A/libQuadrature.dylib
0x00007ff82252b000 	/System/Library/Frameworks/Accelerate.framework/Versions/A/Frameworks/vecLib.framework/Versions/A/libBNNS.dylib
0x00007ff81944e000 	/System/Library/Frameworks/Accelerate.framework/Versions/A/Frameworks/vecLib.framework/Versions/A/libSparse.dylib
0x00007ff822524000 	/System/Library/PrivateFrameworks/LinguisticData.framework/Versions/A/LinguisticData
0x00007ff819403000 	/System/Library/PrivateFrameworks/Lexicon.framework/Versions/A/Lexicon
0x00007ff8243f6000 	/usr/lib/libChineseTokenizer.dylib
0x00007ff819b67000 	/System/Library/PrivateFrameworks/LanguageModeling.framework/Versions/A/LanguageModeling
0x00007ff823e04000 	/System/Library/PrivateFrameworks/AppleSauce.framework/Versions/A/AppleSauce
0x00007ff822e3d000 	/System/Library/PrivateFrameworks/CoreEmoji.framework/Versions/A/CoreEmoji
0x00007ff823d04000 	/usr/lib/libcmph.dylib
0x00007ff8204b8000 	/System/Library/Frameworks/OpenDirectory.framework/Versions/A/Frameworks/CFOpenDirectory.framework/Versions/A/CFOpenDirectory
0x00007ff8204ac000 	/System/Library/Frameworks/OpenDirectory.framework/Versions/A/OpenDirectory
0x00007ff82434f000 	/System/Library/PrivateFrameworks/APFS.framework/Versions/A/APFS
0x00007ff82315e000 	/System/Library/Frameworks/SecurityFoundation.framework/Versions/A/SecurityFoundation
0x00007ff8243ca000 	/usr/lib/libutil.dylib
0x00007ff81b240000 	/System/Library/PrivateFrameworks/CoreServicesStore.framework/Versions/A/CoreServicesStore
0x00007ff8243ce000 	/usr/lib/libxslt.1.dylib
0x00007ff8231eb000 	/System/Library/PrivateFrameworks/BackgroundTaskManagement.framework/Versions/A/BackgroundTaskManagement
0x00007ff8258f7000 	/System/Library/Frameworks/ImageIO.framework/Versions/A/Resources/libRadiance.dylib
0x00007ff825900000 	/System/Library/Frameworks/ImageIO.framework/Versions/A/Resources/libJPEG.dylib
0x00007ff825851000 	/System/Library/Frameworks/ImageIO.framework/Versions/A/Resources/libPng.dylib
0x00007ff825872000 	/System/Library/Frameworks/ImageIO.framework/Versions/A/Resources/libTIFF.dylib
0x00007ff82595e000 	/System/Library/Frameworks/ImageIO.framework/Versions/A/Resources/libGIF.dylib
0x00007ff825186000 	/System/Library/Frameworks/ImageIO.framework/Versions/A/Resources/libJP2.dylib
0x00007ff8248c8000 	/usr/lib/libexpat.1.dylib
0x00007ff82513b000 	/System/Library/PrivateFrameworks/AppleJPEG.framework/Versions/A/AppleJPEG
0x00007ff821982000 	/System/Library/PrivateFrameworks/FontServices.framework/libFontParser.dylib
0x00007ff81f034000 	/System/Library/PrivateFrameworks/RunningBoardServices.framework/Versions/A/RunningBoardServices
0x00007ff830061000 	/System/Library/PrivateFrameworks/IOSurfaceAccelerator.framework/Versions/A/IOSurfaceAccelerator
0x00007ff825265000 	/System/Library/PrivateFrameworks/WatchdogClient.framework/Versions/A/WatchdogClient
0x00007ff819c56000 	/System/Library/Frameworks/CoreDisplay.framework/Versions/A/CoreDisplay
0x00007ff821882000 	/System/Library/Frameworks/CoreMedia.framework/Versions/A/CoreMedia
0x00007ff82171f000 	/System/Library/PrivateFrameworks/IOAccelerator.framework/Versions/A/IOAccelerator
0x00007ff820634000 	/System/Library/Frameworks/CoreVideo.framework/Versions/A/CoreVideo
0x00007ff823e53000 	/System/Library/Frameworks/MetalPerformanceShaders.framework/Versions/A/MetalPerformanceShaders
0x00007ff8252a0000 	/System/Library/Frameworks/VideoToolbox.framework/Versions/A/VideoToolbox
0x00007ff81ef7c000 	/System/Library/PrivateFrameworks/BaseBoard.framework/Versions/A/BaseBoard
0x00007ff81ed0d000 	/System/Library/PrivateFrameworks/ProtocolBuffer.framework/Versions/A/ProtocolBuffer
0x00007ff8258f0000 	/System/Library/PrivateFrameworks/GPUWrangler.framework/Versions/A/GPUWrangler
0x00007ff8258d3000 	/System/Library/PrivateFrameworks/IOPresentment.framework/Versions/A/IOPresentment
0x00007ff8258fa000 	/System/Library/PrivateFrameworks/DSExternalDisplay.framework/Versions/A/DSExternalDisplay
0x00007ffa30ca3000 	/System/Library/Frameworks/OpenGL.framework/Versions/A/Libraries/libCoreFSCache.dylib
0x00007ffb1cc50000 	/System/Library/PrivateFrameworks/GPUCompiler.framework/Versions/31001/Libraries/libGPUCompilerUtils.dylib
0x00007ff825963000 	/System/Library/PrivateFrameworks/CMCaptureCore.framework/Versions/A/CMCaptureCore
0x00007ff824e74000 	/System/Library/PrivateFrameworks/AppServerSupport.framework/Versions/A/AppServerSupport
0x00007ff82703e000 	/System/Library/PrivateFrameworks/perfdata.framework/Versions/A/perfdata
0x00007ff819d82000 	/System/Library/PrivateFrameworks/AudioToolboxCore.framework/Versions/A/AudioToolboxCore
0x00007ff82185f000 	/System/Library/PrivateFrameworks/caulk.framework/Versions/A/caulk
0x00007ff82696b000 	/usr/lib/libAudioStatistics.dylib
0x00007ff91daff000 	/System/Library/PrivateFrameworks/SystemPolicy.framework/Versions/A/SystemPolicy
0x00007ff826bb7000 	/usr/lib/libSMC.dylib
0x00007ff82f9a3000 	/System/Library/Frameworks/CoreMIDI.framework/Versions/A/CoreMIDI
0x00007ff825821000 	/usr/lib/libAudioToolboxUtility.dylib
0x00007ff919f87000 	/System/Library/PrivateFrameworks/OSAServicesClient.framework/Versions/A/OSAServicesClient
0x00007ff82704b000 	/usr/lib/libperfcheck.dylib
0x00007ff91e58b000 	/usr/lib/libmis.dylib
0x00007ffa30cff000 	/System/Library/Frameworks/OpenGL.framework/Versions/A/Libraries/libGLU.dylib
0x00007ffa30cc2000 	/System/Library/Frameworks/OpenGL.framework/Versions/A/Libraries/libGFXShared.dylib
0x00007ffa30ed0000 	/System/Library/Frameworks/OpenGL.framework/Versions/A/Libraries/libGL.dylib
0x00007ffa30ccb000 	/System/Library/Frameworks/OpenGL.framework/Versions/A/Libraries/libGLImage.dylib
0x00007ffa30cbf000 	/System/Library/Frameworks/OpenGL.framework/Versions/A/Libraries/libCVMSPluginSupport.dylib
0x00007ffa30caa000 	/System/Library/Frameworks/OpenGL.framework/Versions/A/Libraries/libCoreVMClient.dylib
0x00007ff8223bf000 	/System/Library/Frameworks/MetalPerformanceShaders.framework/Versions/A/Frameworks/MPSCore.framework/Versions/A/MPSCore
0x00007ff8237ef000 	/System/Library/Frameworks/MetalPerformanceShaders.framework/Versions/A/Frameworks/MPSImage.framework/Versions/A/MPSImage
0x00007ff8232a6000 	/System/Library/Frameworks/MetalPerformanceShaders.framework/Versions/A/Frameworks/MPSNeuralNetwork.framework/Versions/A/MPSNeuralNetwork
0x00007ff82371b000 	/System/Library/Frameworks/MetalPerformanceShaders.framework/Versions/A/Frameworks/MPSMatrix.framework/Versions/A/MPSMatrix
0x00007ff8234d7000 	/System/Library/Frameworks/MetalPerformanceShaders.framework/Versions/A/Frameworks/MPSRayIntersector.framework/Versions/A/MPSRayIntersector
0x00007ff823754000 	/System/Library/Frameworks/MetalPerformanceShaders.framework/Versions/A/Frameworks/MPSNDArray.framework/Versions/A/MPSNDArray
0x00007ffa358a8000 	/System/Library/Frameworks/MetalPerformanceShaders.framework/Versions/A/Frameworks/MPSFunctions.framework/Versions/A/MPSFunctions
0x00007ff81915c000 	/System/Library/PrivateFrameworks/MetalTools.framework/Versions/A/MetalTools
0x00007ff822439000 	/System/Library/PrivateFrameworks/AggregateDictionary.framework/Versions/A/AggregateDictionary
0x00007ff8246aa000 	/usr/lib/libIOReport.dylib
0x00007ffa322df000 	/System/Library/Frameworks/OpenCL.framework/Versions/A/OpenCL
0x00007ff824a0e000 	/System/Library/PrivateFrameworks/FaceCore.framework/Versions/A/FaceCore
0x00007ff8249ff000 	/System/Library/PrivateFrameworks/GraphVisualizer.framework/Versions/A/GraphVisualizer
0x00007ffb1cb5b000 	/System/Library/PrivateFrameworks/FontServices.framework/Versions/A/FontServices
0x00007ff824e2b000 	/System/Library/PrivateFrameworks/OTSVG.framework/Versions/A/OTSVG
0x00007ff82021c000 	/System/Library/Frameworks/ApplicationServices.framework/Versions/A/Frameworks/ATS.framework/Versions/A/Resources/libFontRegistry.dylib
0x00007ff824e7c000 	/System/Library/PrivateFrameworks/FontServices.framework/libhvf.dylib
0x00007ffb1cb5c000 	/System/Library/PrivateFrameworks/FontServices.framework/libXTFontStaticRegistryData.dylib
0x00007ff824878000 	/System/Library/PrivateFrameworks/AppleVA.framework/Versions/A/AppleVA
0x00007ff82698b000 	/System/Library/Frameworks/ApplicationServices.framework/Versions/A/Frameworks/ATS.framework/Versions/A/ATS
0x00007ff81e42a000 	/System/Library/Frameworks/ApplicationServices.framework/Versions/A/Frameworks/HIServices.framework/Versions/A/HIServices
0x00007ff82596d000 	/System/Library/Frameworks/ApplicationServices.framework/Versions/A/Frameworks/PrintCore.framework/Versions/A/PrintCore
0x00007ff826d0a000 	/System/Library/Frameworks/ApplicationServices.framework/Versions/A/Frameworks/QD.framework/Versions/A/QD
0x00007ff826d02000 	/System/Library/Frameworks/ApplicationServices.framework/Versions/A/Frameworks/ColorSyncLegacy.framework/Versions/A/ColorSyncLegacy
0x00007ff82697b000 	/System/Library/Frameworks/ApplicationServices.framework/Versions/A/Frameworks/SpeechSynthesis.framework/Versions/A/SpeechSynthesis
0x00007ff82592e000 	/System/Library/Frameworks/ApplicationServices.framework/Versions/A/Frameworks/ATSUI.framework/Versions/A/ATSUI
0x00007ff826c97000 	/usr/lib/libcups.2.dylib
0x00007ff82705a000 	/System/Library/Frameworks/Kerberos.framework/Versions/A/Kerberos
0x00007ff827069000 	/System/Library/Frameworks/GSS.framework/Versions/A/GSS
0x00007ff8269f7000 	/usr/lib/libresolv.9.dylib
0x00007ff824e8b000 	/System/Library/PrivateFrameworks/Heimdal.framework/Versions/A/Heimdal
0x00007ff82db0d000 	/System/Library/Frameworks/Kerberos.framework/Versions/A/Libraries/libHeimdalProxy.dylib
0x00007ff81f109000 	/System/Library/Frameworks/Network.framework/Versions/A/Network
0x00007ff8248e2000 	/usr/lib/libheimdal-asn1.dylib
0x00007ff8270b4000 	/System/Library/PrivateFrameworks/CommonAuth.framework/Versions/A/CommonAuth
0x00007ff8268fc000 	/System/Library/PrivateFrameworks/AudioSession.framework/Versions/A/AudioSession
0x00007ff824972000 	/System/Library/PrivateFrameworks/MediaExperience.framework/Versions/A/MediaExperience
0x00007ff826790000 	/System/Library/PrivateFrameworks/AudioSession.framework/libSessionUtility.dylib
0x00007ff826d16000 	/System/Library/PrivateFrameworks/AudioResourceArbitration.framework/Versions/A/AudioResourceArbitration
0x00007ff8248eb000 	/System/Library/PrivateFrameworks/IconFoundation.framework/Versions/A/IconFoundation
0x00007ff829af0000 	/System/Library/PrivateFrameworks/SpeechRecognitionCore.framework/Versions/A/SpeechRecognitionCore
0x000000010d57d000 	/Library/Internet Plug-Ins/JavaAppletPlugin.plugin/Contents/Home/lib/server/libjvm.dylib
0x000000010c7ca000 	/Library/Internet Plug-Ins/JavaAppletPlugin.plugin/Contents/Home/lib/libverify.dylib
0x000000010c822000 	/Library/Internet Plug-Ins/JavaAppletPlugin.plugin/Contents/Home/lib/libjava.dylib
0x000000010c7fc000 	/Library/Internet Plug-Ins/JavaAppletPlugin.plugin/Contents/Home/lib/libzip.dylib
0x0000000146c7d000 	/Library/Internet Plug-Ins/JavaAppletPlugin.plugin/Contents/Home/lib/libnet.dylib
0x0000000147c51000 	/Library/Internet Plug-Ins/JavaAppletPlugin.plugin/Contents/Home/lib/libmanagement.dylib
0x0000000147d07000 	/Library/Internet Plug-Ins/JavaAppletPlugin.plugin/Contents/Home/lib/libjaas_unix.dylib
0x0000000147f84000 	/Library/Internet Plug-Ins/JavaAppletPlugin.plugin/Contents/Home/lib/libnio.dylib
0x000000014c359000 	/Library/Internet Plug-Ins/JavaAppletPlugin.plugin/Contents/Home/lib/libsunec.dylib
0x000000014d3d3000 	/private/var/folders/js/55sfdfs540x18qgjl1bqjg440000gn/T/liblz4-java-1412653545862197684.dylib
0x000000014b4d0000 	/Users/maksymtymchenko/.javacpp/cache/com.johnsnowlabs.nlp_tensorflow-cpu_2.12-0.3.3.jar/org/bytedeco/javacpp/macosx-x86_64/libjnijavacpp.dylib
0x000000014fcf9000 	/Users/maksymtymchenko/.javacpp/cache/com.johnsnowlabs.nlp_tensorflow-cpu_2.12-0.3.3.jar/org/tensorflow/internal/c_api/macosx-x86_64/libtensorflow_framework.2.dylib

VM Arguments:
jvm_args: -Xmx16G 
java_command: org.apache.spark.deploy.SparkSubmit --conf spark.master=local[*] --conf spark.driver.memory=16G --conf spark.kryoserializer.buffer.max=2000M --conf spark.driver.maxResultSize=0 --conf spark.jars.packages=com.johnsnowlabs.nlp:spark-nlp_2.12:3.4.1 --conf spark.serializer=org.apache.spark.serializer.KryoSerializer --conf spark.app.name=Spark NLP pyspark-shell
java_class_path (initial): /Users/maksymtymchenko/Library/Python/3.8/lib/python/site-packages/pyspark/conf:/Users/maksymtymchenko/Library/Python/3.8/lib/python/site-packages/pyspark/jars/dropwizard-metrics-hadoop-metrics2-reporter-0.1.2.jar:/Users/maksymtymchenko/Library/Python/3.8/lib/python/site-packages/pyspark/jars/spark-catalyst_2.12-3.1.2.jar:/Users/maksymtymchenko/Library/Python/3.8/lib/python/site-packages/pyspark/jars/logging-interceptor-3.12.12.jar:/Users/maksymtymchenko/Library/Python/3.8/lib/python/site-packages/pyspark/jars/jakarta.xml.bind-api-2.3.2.jar:/Users/maksymtymchenko/Library/Python/3.8/lib/python/site-packages/pyspark/jars/machinist_2.12-0.6.8.jar:/Users/maksymtymchenko/Library/Python/3.8/lib/python/site-packages/pyspark/jars/jackson-jaxrs-base-2.9.5.jar:/Users/maksymtymchenko/Library/Python/3.8/lib/python/site-packages/pyspark/jars/kubernetes-model-discovery-4.12.0.jar:/Users/maksymtymchenko/Library/Python/3.8/lib/python/site-packages/pyspark/jars/json4s-jackson_2.12-3.7.0-M5.jar:/Users/maksymtymchenko/Library/Python/3.8/lib/python/site-packages/pyspark/jars/jaxb-runtime-2.3.2.jar:/Users/maksymtymchenko/Library/Python/3.8/lib/python/site-packages/pyspark/jars/minlog-1.3.0.jar:/Users/maksymtymchenko/Library/Python/3.8/lib/python/site-packages/pyspark/jars/xz-1.5.jar:/Users/maksymtymchenko/Library/Python/3.8/lib/python/site-packages/pyspark/jars/hive-shims-scheduler-2.3.7.jar:/Users/maksymtymchenko/Library/Python/3.8/lib/python/site-packages/pyspark/jars/javolution-5.5.1.jar:/Users/maksymtymchenko/Library/Python/3.8/lib/python/site-packages/pyspark/jars/hadoop-yarn-server-web-proxy-3.2.0.jar:/Users/maksymtymchenko/Library/Python/3.8/lib/python/site-packages/pyspark/jars/jta-1.1.jar:/Users/maksymtymchenko/Library/Python/3.8/lib/python/site-packages/pyspark/jars/threeten-extra-1.5.0.jar:/Users/maksymtymchenko/Library/Python/3.8/lib/python/site-packages/pyspark/jars/hive-vector-code-gen-2.3.7.jar:/Users/maksymtymchenko/Library/Python/3.8/lib/pyt
Launcher Type: SUN_STANDARD

Environment Variables:
PATH=/opt/homebrew/bin:/opt/homebrew/sbin:/usr/local/bin:/usr/bin:/bin:/usr/sbin:/sbin:/Users/maksymtymchenko/opt/anaconda3/condabin:/opt/homebrew/bin:/opt/homebrew/sbin:/Users/maksymtymchenko/.fzf/bin
SHELL=/bin/zsh

Signal Handlers:
SIGSEGV: [libjvm.dylib+0x59cd83], sa_mask[0]=11111111111111111111111111111111, sa_flags=SA_ONSTACK|SA_RESTART|SA_SIGINFO
SIGBUS: [libjvm.dylib+0x59cd83], sa_mask[0]=11111111111111111111111111111111, sa_flags=SA_RESTART|SA_SIGINFO
SIGFPE: [libjvm.dylib+0x59cd83], sa_mask[0]=11111111111111111111111111111111, sa_flags=SA_RESTART|SA_SIGINFO
SIGPIPE: [libjvm.dylib+0x4905a7], sa_mask[0]=11111111111111111111111111111111, sa_flags=SA_RESTART|SA_SIGINFO
SIGXFSZ: [libjvm.dylib+0x4905a7], sa_mask[0]=11111111111111111111111111111111, sa_flags=SA_RESTART|SA_SIGINFO
SIGILL: [libjvm.dylib+0x59cd83], sa_mask[0]=11111111111111111111111111111111, sa_flags=SA_RESTART|SA_SIGINFO
SIGUSR1: SIG_DFL, sa_mask[0]=00000000000000000000000000000000, sa_flags=SA_RESTART
SIGUSR2: [libjvm.dylib+0x490ea2], sa_mask[0]=00000000000000000000000000000000, sa_flags=SA_RESTART|SA_SIGINFO
SIGHUP: [libjvm.dylib+0x48f0e7], sa_mask[0]=11111111111111111111111111111111, sa_flags=SA_RESTART|SA_SIGINFO
SIGINT: SIG_IGN, sa_mask[0]=00000000000000000000000000000000, sa_flags=none
SIGTERM: [libjvm.dylib+0x48f0e7], sa_mask[0]=11111111111111111111111111111111, sa_flags=SA_RESTART|SA_SIGINFO
SIGQUIT: [libjvm.dylib+0x48f0e7], sa_mask[0]=11111111111111111111111111111111, sa_flags=SA_RESTART|SA_SIGINFO


---------------  S Y S T E M  ---------------

OS:Bsduname:Darwin 21.1.0 Darwin Kernel Version 21.1.0: Wed Oct 13 17:33:24 PDT 2021; root:xnu-8019.41.5~1/RELEASE_ARM64_T8101 x86_64
rlimit: STACK 8176k, CORE 0k, NPROC 1333, NOFILE 10240, AS infinity
load average:2.38 2.41 2.27

CPU:total 8 (initial active 8) (1 cores per cpu, 1 threads per core) family 6 model 44 stepping 0, cmov, cx8, fxsr, mmx, sse, sse2, sse3, ssse3, sse4.1, sse4.2, popcnt, aes, clmul, tsc, tscinvbit, tscinv

Memory: 4k page, physical 8388608k(138304k free)

/proc/meminfo:


vm_info: Java HotSpot(TM) 64-Bit Server VM (25.321-b07) for bsd-amd64 JRE (1.8.0_321-b07), built on Dec 15 2021 19:12:29 by "java_re" with gcc 4.2.1 Compatible Apple LLVM 11.0.0 (clang-1100.0.33.17)

time: Mon Feb 21 15:18:27 2022
timezone: GMT
elapsed time: 341.224384 seconds (0d 0h 5m 41s)

